[0.007s] Invoking command in '/home/shreyas/arm/build/arm_interfaces': CMAKE_PREFIX_PATH=${CMAKE_PREFIX_PATH}:/opt/ros/jazzy DEBUGINFOD_URLS=https://debuginfod.ubuntu.com /usr/bin/cmake --build /home/shreyas/arm/build/arm_interfaces -- -j20 -l20
[0.027s] -- Found ament_cmake: 2.5.4 (/opt/ros/jazzy/share/ament_cmake/cmake)
[0.045s] -- Found Python3: /usr/bin/python3 (found version "3.12.3") found components: Interpreter 
[0.102s] -- Found rosidl_default_generators: 1.6.0 (/opt/ros/jazzy/share/rosidl_default_generators/cmake)
[0.102s] -- Using all available rosidl_typesupport_c: rosidl_typesupport_fastrtps_c;rosidl_typesupport_introspection_c
[0.130s] -- Using all available rosidl_typesupport_cpp: rosidl_typesupport_fastrtps_cpp;rosidl_typesupport_introspection_cpp
[0.148s] -- Found rosidl_adapter: 4.6.6 (/opt/ros/jazzy/share/rosidl_adapter/cmake)
[0.307s] -- Found ament_cmake_ros: 0.12.0 (/opt/ros/jazzy/share/ament_cmake_ros/cmake)
[0.366s] -- Using all available rosidl_typesupport_c: rosidl_typesupport_fastrtps_c;rosidl_typesupport_introspection_c
[0.445s] -- Using all available rosidl_typesupport_cpp: rosidl_typesupport_fastrtps_cpp;rosidl_typesupport_introspection_cpp
[0.445s] -- Found python_cmake_module: 0.11.1 (/opt/ros/jazzy/share/python_cmake_module/cmake)
[0.626s] -- Found Python3: /usr/bin/python3 (found version "3.12.3") found components: Interpreter Development NumPy Development.Module Development.Embed 
[0.634s] -- Configuring done (0.6s)
[0.650s] -- Generating done (0.0s)
[0.655s] -- Build files have been written to: /home/shreyas/arm/build/arm_interfaces
[0.684s] [  2%] Built target arm_interfaces__rosidl_generator_type_description
[0.690s] [  2%] Built target ament_cmake_python_copy_arm_interfaces
[0.698s] [  5%] Built target arm_interfaces__cpp
[0.699s] [ 20%] Built target arm_interfaces__rosidl_generator_c
[0.718s] [ 32%] Built target arm_interfaces__rosidl_typesupport_introspection_c
[0.718s] [ 38%] Built target arm_interfaces__rosidl_typesupport_c
[0.718s] [ 47%] Built target arm_interfaces__rosidl_typesupport_fastrtps_cpp
[0.718s] [ 55%] Built target arm_interfaces__rosidl_typesupport_introspection_cpp
[0.719s] [ 64%] Built target arm_interfaces__rosidl_typesupport_cpp
[0.720s] [ 73%] Built target arm_interfaces__rosidl_typesupport_fastrtps_c
[0.737s] [ 73%] Built target arm_interfaces
[0.752s] [ 76%] Built target arm_interfaces__py
[0.769s] [ 82%] Built target arm_interfaces__rosidl_generator_py
[0.787s] [ 88%] Built target arm_interfaces_s__rosidl_typesupport_introspection_c
[0.788s] [ 94%] Built target arm_interfaces_s__rosidl_typesupport_fastrtps_c
[0.788s] [100%] Built target arm_interfaces_s__rosidl_typesupport_c
[0.827s] running egg_info
[0.839s] writing arm_interfaces.egg-info/PKG-INFO
[0.839s] writing dependency_links to arm_interfaces.egg-info/dependency_links.txt
[0.839s] writing top-level names to arm_interfaces.egg-info/top_level.txt
[0.872s] reading manifest file 'arm_interfaces.egg-info/SOURCES.txt'
[0.873s] writing manifest file 'arm_interfaces.egg-info/SOURCES.txt'
[0.893s] [100%] Built target ament_cmake_python_build_arm_interfaces_egg
[0.907s] Invoked command in '/home/shreyas/arm/build/arm_interfaces' returned '0': CMAKE_PREFIX_PATH=${CMAKE_PREFIX_PATH}:/opt/ros/jazzy DEBUGINFOD_URLS=https://debuginfod.ubuntu.com /usr/bin/cmake --build /home/shreyas/arm/build/arm_interfaces -- -j20 -l20
[0.907s] Invoking command in '/home/shreyas/arm/build/arm_interfaces': CMAKE_PREFIX_PATH=${CMAKE_PREFIX_PATH}:/opt/ros/jazzy DEBUGINFOD_URLS=https://debuginfod.ubuntu.com /usr/bin/cmake --install /home/shreyas/arm/build/arm_interfaces
[0.914s] -- Install configuration: ""
[0.914s] -- Up-to-date: /home/shreyas/arm/install/arm_interfaces/share/ament_index/resource_index/rosidl_interfaces/arm_interfaces
[0.914s] -- Up-to-date: /home/shreyas/arm/install/arm_interfaces/share/arm_interfaces/msg/PoseCommand.json
[0.914s] -- Up-to-date: /home/shreyas/arm/install/arm_interfaces/include/arm_interfaces/arm_interfaces
[0.914s] -- Up-to-date: /home/shreyas/arm/install/arm_interfaces/include/arm_interfaces/arm_interfaces/msg
[0.915s] -- Up-to-date: /home/shreyas/arm/install/arm_interfaces/include/arm_interfaces/arm_interfaces/msg/detail
[0.915s] -- Up-to-date: /home/shreyas/arm/install/arm_interfaces/include/arm_interfaces/arm_interfaces/msg/detail/pose_command__description.c
[0.915s] -- Up-to-date: /home/shreyas/arm/install/arm_interfaces/include/arm_interfaces/arm_interfaces/msg/detail/pose_command__struct.h
[0.915s] -- Up-to-date: /home/shreyas/arm/install/arm_interfaces/include/arm_interfaces/arm_interfaces/msg/detail/pose_command__type_support.c
[0.915s] -- Up-to-date: /home/shreyas/arm/install/arm_interfaces/include/arm_interfaces/arm_interfaces/msg/detail/pose_command__functions.h
[0.915s] -- Up-to-date: /home/shreyas/arm/install/arm_interfaces/include/arm_interfaces/arm_interfaces/msg/detail/pose_command__functions.c
[0.915s] -- Up-to-date: /home/shreyas/arm/install/arm_interfaces/include/arm_interfaces/arm_interfaces/msg/detail/pose_command__type_support.h
[0.915s] -- Up-to-date: /home/shreyas/arm/install/arm_interfaces/include/arm_interfaces/arm_interfaces/msg/rosidl_generator_c__visibility_control.h
[0.915s] -- Up-to-date: /home/shreyas/arm/install/arm_interfaces/include/arm_interfaces/arm_interfaces/msg/pose_command.h
[0.915s] -- Up-to-date: /home/shreyas/arm/install/arm_interfaces/share/arm_interfaces/environment/library_path.sh
[0.915s] -- Up-to-date: /home/shreyas/arm/install/arm_interfaces/share/arm_interfaces/environment/library_path.dsv
[0.915s] -- Up-to-date: /home/shreyas/arm/install/arm_interfaces/lib/libarm_interfaces__rosidl_generator_c.so
[0.915s] -- Up-to-date: /home/shreyas/arm/install/arm_interfaces/include/arm_interfaces/arm_interfaces
[0.915s] -- Up-to-date: /home/shreyas/arm/install/arm_interfaces/include/arm_interfaces/arm_interfaces/msg
[0.915s] -- Up-to-date: /home/shreyas/arm/install/arm_interfaces/include/arm_interfaces/arm_interfaces/msg/detail
[0.915s] -- Up-to-date: /home/shreyas/arm/install/arm_interfaces/include/arm_interfaces/arm_interfaces/msg/detail/pose_command__rosidl_typesupport_fastrtps_c.h
[0.916s] -- Up-to-date: /home/shreyas/arm/install/arm_interfaces/include/arm_interfaces/arm_interfaces/msg/rosidl_typesupport_fastrtps_c__visibility_control.h
[0.916s] -- Up-to-date: /home/shreyas/arm/install/arm_interfaces/lib/libarm_interfaces__rosidl_typesupport_fastrtps_c.so
[0.916s] -- Up-to-date: /home/shreyas/arm/install/arm_interfaces/include/arm_interfaces/arm_interfaces
[0.916s] -- Up-to-date: /home/shreyas/arm/install/arm_interfaces/include/arm_interfaces/arm_interfaces/msg
[0.916s] -- Up-to-date: /home/shreyas/arm/install/arm_interfaces/include/arm_interfaces/arm_interfaces/msg/detail
[0.916s] -- Up-to-date: /home/shreyas/arm/install/arm_interfaces/include/arm_interfaces/arm_interfaces/msg/detail/pose_command__type_support.c
[0.916s] -- Up-to-date: /home/shreyas/arm/install/arm_interfaces/include/arm_interfaces/arm_interfaces/msg/detail/pose_command__rosidl_typesupport_introspection_c.h
[0.916s] -- Up-to-date: /home/shreyas/arm/install/arm_interfaces/include/arm_interfaces/arm_interfaces/msg/rosidl_typesupport_introspection_c__visibility_control.h
[0.916s] -- Up-to-date: /home/shreyas/arm/install/arm_interfaces/lib/libarm_interfaces__rosidl_typesupport_introspection_c.so
[0.916s] -- Up-to-date: /home/shreyas/arm/install/arm_interfaces/lib/libarm_interfaces__rosidl_typesupport_c.so
[0.916s] -- Up-to-date: /home/shreyas/arm/install/arm_interfaces/include/arm_interfaces/arm_interfaces
[0.916s] -- Up-to-date: /home/shreyas/arm/install/arm_interfaces/include/arm_interfaces/arm_interfaces/msg
[0.916s] -- Up-to-date: /home/shreyas/arm/install/arm_interfaces/include/arm_interfaces/arm_interfaces/msg/detail
[0.916s] -- Up-to-date: /home/shreyas/arm/install/arm_interfaces/include/arm_interfaces/arm_interfaces/msg/detail/pose_command__struct.hpp
[0.916s] -- Up-to-date: /home/shreyas/arm/install/arm_interfaces/include/arm_interfaces/arm_interfaces/msg/detail/pose_command__traits.hpp
[0.916s] -- Up-to-date: /home/shreyas/arm/install/arm_interfaces/include/arm_interfaces/arm_interfaces/msg/detail/pose_command__type_support.hpp
[0.916s] -- Up-to-date: /home/shreyas/arm/install/arm_interfaces/include/arm_interfaces/arm_interfaces/msg/detail/pose_command__builder.hpp
[0.917s] -- Up-to-date: /home/shreyas/arm/install/arm_interfaces/include/arm_interfaces/arm_interfaces/msg/pose_command.hpp
[0.917s] -- Up-to-date: /home/shreyas/arm/install/arm_interfaces/include/arm_interfaces/arm_interfaces/msg/rosidl_generator_cpp__visibility_control.hpp
[0.917s] -- Up-to-date: /home/shreyas/arm/install/arm_interfaces/include/arm_interfaces/arm_interfaces
[0.917s] -- Up-to-date: /home/shreyas/arm/install/arm_interfaces/include/arm_interfaces/arm_interfaces/msg
[0.917s] -- Up-to-date: /home/shreyas/arm/install/arm_interfaces/include/arm_interfaces/arm_interfaces/msg/detail
[0.917s] -- Up-to-date: /home/shreyas/arm/install/arm_interfaces/include/arm_interfaces/arm_interfaces/msg/detail/pose_command__rosidl_typesupport_fastrtps_cpp.hpp
[0.917s] -- Up-to-date: /home/shreyas/arm/install/arm_interfaces/include/arm_interfaces/arm_interfaces/msg/detail/dds_fastrtps
[0.917s] -- Up-to-date: /home/shreyas/arm/install/arm_interfaces/include/arm_interfaces/arm_interfaces/msg/rosidl_typesupport_fastrtps_cpp__visibility_control.h
[0.917s] -- Up-to-date: /home/shreyas/arm/install/arm_interfaces/lib/libarm_interfaces__rosidl_typesupport_fastrtps_cpp.so
[0.917s] -- Up-to-date: /home/shreyas/arm/install/arm_interfaces/include/arm_interfaces/arm_interfaces
[0.917s] -- Up-to-date: /home/shreyas/arm/install/arm_interfaces/include/arm_interfaces/arm_interfaces/msg
[0.917s] -- Up-to-date: /home/shreyas/arm/install/arm_interfaces/include/arm_interfaces/arm_interfaces/msg/detail
[0.917s] -- Up-to-date: /home/shreyas/arm/install/arm_interfaces/include/arm_interfaces/arm_interfaces/msg/detail/pose_command__rosidl_typesupport_introspection_cpp.hpp
[0.917s] -- Up-to-date: /home/shreyas/arm/install/arm_interfaces/include/arm_interfaces/arm_interfaces/msg/detail/pose_command__type_support.cpp
[0.917s] -- Up-to-date: /home/shreyas/arm/install/arm_interfaces/lib/libarm_interfaces__rosidl_typesupport_introspection_cpp.so
[0.917s] -- Up-to-date: /home/shreyas/arm/install/arm_interfaces/lib/libarm_interfaces__rosidl_typesupport_cpp.so
[0.917s] -- Up-to-date: /home/shreyas/arm/install/arm_interfaces/share/arm_interfaces/environment/pythonpath.sh
[0.917s] -- Up-to-date: /home/shreyas/arm/install/arm_interfaces/share/arm_interfaces/environment/pythonpath.dsv
[0.917s] -- Up-to-date: /home/shreyas/arm/install/arm_interfaces/lib/python3.12/site-packages/arm_interfaces-0.0.0-py3.12.egg-info
[0.917s] -- Installing: /home/shreyas/arm/install/arm_interfaces/lib/python3.12/site-packages/arm_interfaces-0.0.0-py3.12.egg-info/PKG-INFO
[0.917s] -- Installing: /home/shreyas/arm/install/arm_interfaces/lib/python3.12/site-packages/arm_interfaces-0.0.0-py3.12.egg-info/dependency_links.txt
[0.917s] -- Installing: /home/shreyas/arm/install/arm_interfaces/lib/python3.12/site-packages/arm_interfaces-0.0.0-py3.12.egg-info/top_level.txt
[0.917s] -- Installing: /home/shreyas/arm/install/arm_interfaces/lib/python3.12/site-packages/arm_interfaces-0.0.0-py3.12.egg-info/SOURCES.txt
[0.917s] -- Up-to-date: /home/shreyas/arm/install/arm_interfaces/lib/python3.12/site-packages/arm_interfaces
[0.917s] -- Up-to-date: /home/shreyas/arm/install/arm_interfaces/lib/python3.12/site-packages/arm_interfaces/msg
[0.917s] -- Up-to-date: /home/shreyas/arm/install/arm_interfaces/lib/python3.12/site-packages/arm_interfaces/msg/_pose_command_s.c
[0.917s] -- Up-to-date: /home/shreyas/arm/install/arm_interfaces/lib/python3.12/site-packages/arm_interfaces/msg/_pose_command.py
[0.917s] -- Up-to-date: /home/shreyas/arm/install/arm_interfaces/lib/python3.12/site-packages/arm_interfaces/msg/__init__.py
[0.917s] -- Up-to-date: /home/shreyas/arm/install/arm_interfaces/lib/python3.12/site-packages/arm_interfaces/arm_interfaces_s__rosidl_typesupport_introspection_c.so
[0.917s] -- Up-to-date: /home/shreyas/arm/install/arm_interfaces/lib/python3.12/site-packages/arm_interfaces/arm_interfaces_s__rosidl_typesupport_fastrtps_c.so
[0.917s] -- Up-to-date: /home/shreyas/arm/install/arm_interfaces/lib/python3.12/site-packages/arm_interfaces/_arm_interfaces_s.ep.rosidl_typesupport_c.c
[0.917s] -- Up-to-date: /home/shreyas/arm/install/arm_interfaces/lib/python3.12/site-packages/arm_interfaces/_arm_interfaces_s.ep.rosidl_typesupport_fastrtps_c.c
[0.917s] -- Up-to-date: /home/shreyas/arm/install/arm_interfaces/lib/python3.12/site-packages/arm_interfaces/_arm_interfaces_s.ep.rosidl_typesupport_introspection_c.c
[0.918s] -- Up-to-date: /home/shreyas/arm/install/arm_interfaces/lib/python3.12/site-packages/arm_interfaces/arm_interfaces_s__rosidl_typesupport_c.so
[0.918s] -- Installing: /home/shreyas/arm/install/arm_interfaces/lib/python3.12/site-packages/arm_interfaces/__init__.py
[0.947s] Listing '/home/shreyas/arm/install/arm_interfaces/lib/python3.12/site-packages/arm_interfaces'...
[0.947s] Compiling '/home/shreyas/arm/install/arm_interfaces/lib/python3.12/site-packages/arm_interfaces/__init__.py'...
[0.948s] Listing '/home/shreyas/arm/install/arm_interfaces/lib/python3.12/site-packages/arm_interfaces/msg'...
[0.952s] -- Up-to-date: /home/shreyas/arm/install/arm_interfaces/lib/python3.12/site-packages/arm_interfaces/arm_interfaces_s__rosidl_typesupport_fastrtps_c.so
[0.952s] -- Up-to-date: /home/shreyas/arm/install/arm_interfaces/lib/python3.12/site-packages/arm_interfaces/arm_interfaces_s__rosidl_typesupport_introspection_c.so
[0.952s] -- Up-to-date: /home/shreyas/arm/install/arm_interfaces/lib/python3.12/site-packages/arm_interfaces/arm_interfaces_s__rosidl_typesupport_c.so
[0.952s] -- Up-to-date: /home/shreyas/arm/install/arm_interfaces/lib/libarm_interfaces__rosidl_generator_py.so
[0.952s] -- Up-to-date: /home/shreyas/arm/install/arm_interfaces/share/arm_interfaces/msg/PoseCommand.idl
[0.952s] -- Up-to-date: /home/shreyas/arm/install/arm_interfaces/share/arm_interfaces/msg/PoseCommand.msg
[0.952s] -- Installing: /home/shreyas/arm/install/arm_interfaces/share/ament_index/resource_index/package_run_dependencies/arm_interfaces
[0.953s] -- Up-to-date: /home/shreyas/arm/install/arm_interfaces/share/ament_index/resource_index/parent_prefix_path/arm_interfaces
[0.953s] -- Up-to-date: /home/shreyas/arm/install/arm_interfaces/share/arm_interfaces/environment/ament_prefix_path.sh
[0.954s] -- Up-to-date: /home/shreyas/arm/install/arm_interfaces/share/arm_interfaces/environment/ament_prefix_path.dsv
[0.954s] -- Up-to-date: /home/shreyas/arm/install/arm_interfaces/share/arm_interfaces/environment/path.sh
[0.954s] -- Up-to-date: /home/shreyas/arm/install/arm_interfaces/share/arm_interfaces/environment/path.dsv
[0.954s] -- Up-to-date: /home/shreyas/arm/install/arm_interfaces/share/arm_interfaces/local_setup.bash
[0.954s] -- Up-to-date: /home/shreyas/arm/install/arm_interfaces/share/arm_interfaces/local_setup.sh
[0.954s] -- Up-to-date: /home/shreyas/arm/install/arm_interfaces/share/arm_interfaces/local_setup.zsh
[0.954s] -- Up-to-date: /home/shreyas/arm/install/arm_interfaces/share/arm_interfaces/local_setup.dsv
[0.954s] -- Installing: /home/shreyas/arm/install/arm_interfaces/share/arm_interfaces/package.dsv
[0.954s] -- Up-to-date: /home/shreyas/arm/install/arm_interfaces/share/ament_index/resource_index/packages/arm_interfaces
[0.954s] -- Up-to-date: /home/shreyas/arm/install/arm_interfaces/share/arm_interfaces/cmake/export_arm_interfaces__rosidl_generator_cExport.cmake
[0.954s] -- Up-to-date: /home/shreyas/arm/install/arm_interfaces/share/arm_interfaces/cmake/export_arm_interfaces__rosidl_generator_cExport-noconfig.cmake
[0.954s] -- Up-to-date: /home/shreyas/arm/install/arm_interfaces/share/arm_interfaces/cmake/export_arm_interfaces__rosidl_typesupport_fastrtps_cExport.cmake
[0.954s] -- Up-to-date: /home/shreyas/arm/install/arm_interfaces/share/arm_interfaces/cmake/export_arm_interfaces__rosidl_typesupport_fastrtps_cExport-noconfig.cmake
[0.954s] -- Up-to-date: /home/shreyas/arm/install/arm_interfaces/share/arm_interfaces/cmake/arm_interfaces__rosidl_typesupport_introspection_cExport.cmake
[0.954s] -- Up-to-date: /home/shreyas/arm/install/arm_interfaces/share/arm_interfaces/cmake/arm_interfaces__rosidl_typesupport_introspection_cExport-noconfig.cmake
[0.954s] -- Up-to-date: /home/shreyas/arm/install/arm_interfaces/share/arm_interfaces/cmake/arm_interfaces__rosidl_typesupport_cExport.cmake
[0.954s] -- Up-to-date: /home/shreyas/arm/install/arm_interfaces/share/arm_interfaces/cmake/arm_interfaces__rosidl_typesupport_cExport-noconfig.cmake
[0.954s] -- Up-to-date: /home/shreyas/arm/install/arm_interfaces/share/arm_interfaces/cmake/export_arm_interfaces__rosidl_generator_cppExport.cmake
[0.954s] -- Up-to-date: /home/shreyas/arm/install/arm_interfaces/share/arm_interfaces/cmake/export_arm_interfaces__rosidl_typesupport_fastrtps_cppExport.cmake
[0.954s] -- Up-to-date: /home/shreyas/arm/install/arm_interfaces/share/arm_interfaces/cmake/export_arm_interfaces__rosidl_typesupport_fastrtps_cppExport-noconfig.cmake
[0.954s] -- Up-to-date: /home/shreyas/arm/install/arm_interfaces/share/arm_interfaces/cmake/arm_interfaces__rosidl_typesupport_introspection_cppExport.cmake
[0.954s] -- Up-to-date: /home/shreyas/arm/install/arm_interfaces/share/arm_interfaces/cmake/arm_interfaces__rosidl_typesupport_introspection_cppExport-noconfig.cmake
[0.954s] -- Up-to-date: /home/shreyas/arm/install/arm_interfaces/share/arm_interfaces/cmake/arm_interfaces__rosidl_typesupport_cppExport.cmake
[0.954s] -- Up-to-date: /home/shreyas/arm/install/arm_interfaces/share/arm_interfaces/cmake/arm_interfaces__rosidl_typesupport_cppExport-noconfig.cmake
[0.954s] -- Up-to-date: /home/shreyas/arm/install/arm_interfaces/share/arm_interfaces/cmake/export_arm_interfaces__rosidl_generator_pyExport.cmake
[0.954s] -- Up-to-date: /home/shreyas/arm/install/arm_interfaces/share/arm_interfaces/cmake/export_arm_interfaces__rosidl_generator_pyExport-noconfig.cmake
[0.954s] -- Up-to-date: /home/shreyas/arm/install/arm_interfaces/share/arm_interfaces/cmake/rosidl_cmake-extras.cmake
[0.955s] -- Up-to-date: /home/shreyas/arm/install/arm_interfaces/share/arm_interfaces/cmake/ament_cmake_export_include_directories-extras.cmake
[0.955s] -- Up-to-date: /home/shreyas/arm/install/arm_interfaces/share/arm_interfaces/cmake/ament_cmake_export_libraries-extras.cmake
[0.955s] -- Up-to-date: /home/shreyas/arm/install/arm_interfaces/share/arm_interfaces/cmake/ament_cmake_export_targets-extras.cmake
[0.955s] -- Up-to-date: /home/shreyas/arm/install/arm_interfaces/share/arm_interfaces/cmake/rosidl_cmake_export_typesupport_targets-extras.cmake
[0.955s] -- Up-to-date: /home/shreyas/arm/install/arm_interfaces/share/arm_interfaces/cmake/ament_cmake_export_dependencies-extras.cmake
[0.955s] -- Up-to-date: /home/shreyas/arm/install/arm_interfaces/share/arm_interfaces/cmake/rosidl_cmake_export_typesupport_libraries-extras.cmake
[0.955s] -- Up-to-date: /home/shreyas/arm/install/arm_interfaces/share/arm_interfaces/cmake/arm_interfacesConfig.cmake
[0.955s] -- Up-to-date: /home/shreyas/arm/install/arm_interfaces/share/arm_interfaces/cmake/arm_interfacesConfig-version.cmake
[0.955s] -- Installing: /home/shreyas/arm/install/arm_interfaces/share/arm_interfaces/package.xml
[0.956s] Invoked command in '/home/shreyas/arm/build/arm_interfaces' returned '0': CMAKE_PREFIX_PATH=${CMAKE_PREFIX_PATH}:/opt/ros/jazzy DEBUGINFOD_URLS=https://debuginfod.ubuntu.com /usr/bin/cmake --install /home/shreyas/arm/build/arm_interfaces
