[0.007s] Invoking command in '/home/shreyas/arm/build/arm_interfaces': CMAKE_PREFIX_PATH=${CMAKE_PREFIX_PATH}:/opt/ros/jazzy DEBUGINFOD_URLS=https://debuginfod.ubuntu.com /usr/bin/cmake --build /home/shreyas/arm/build/arm_interfaces -- -j20 -l20
[0.051s] [  2%] Built target arm_interfaces__rosidl_generator_type_description
[0.060s] [  2%] Built target ament_cmake_python_copy_arm_interfaces
[0.068s] [  8%] Built target arm_interfaces__cpp
[0.069s] [ 20%] Built target arm_interfaces__rosidl_generator_c
[0.088s] [ 44%] Built target arm_interfaces__rosidl_typesupport_fastrtps_cpp
[0.088s] [ 44%] Built target arm_interfaces__rosidl_typesupport_introspection_c
[0.088s] [ 47%] Built target arm_interfaces__rosidl_typesupport_c
[0.088s] [ 55%] Built target arm_interfaces__rosidl_typesupport_fastrtps_c
[0.089s] [ 64%] Built target arm_interfaces__rosidl_typesupport_cpp
[0.089s] [ 73%] Built target arm_interfaces__rosidl_typesupport_introspection_cpp
[0.105s] [ 73%] Built target arm_interfaces
[0.120s] [ 76%] Built target arm_interfaces__py
[0.140s] [ 82%] Built target arm_interfaces__rosidl_generator_py
[0.161s] [ 94%] Built target arm_interfaces_s__rosidl_typesupport_fastrtps_c
[0.161s] [ 94%] Built target arm_interfaces_s__rosidl_typesupport_c
[0.161s] [100%] Built target arm_interfaces_s__rosidl_typesupport_introspection_c
[0.208s] running egg_info
[0.219s] writing arm_interfaces.egg-info/PKG-INFO
[0.219s] writing dependency_links to arm_interfaces.egg-info/dependency_links.txt
[0.219s] writing top-level names to arm_interfaces.egg-info/top_level.txt
[0.249s] reading manifest file 'arm_interfaces.egg-info/SOURCES.txt'
[0.249s] writing manifest file 'arm_interfaces.egg-info/SOURCES.txt'
[0.271s] [100%] Built target ament_cmake_python_build_arm_interfaces_egg
[0.283s] Invoked command in '/home/shreyas/arm/build/arm_interfaces' returned '0': CMAKE_PREFIX_PATH=${CMAKE_PREFIX_PATH}:/opt/ros/jazzy DEBUGINFOD_URLS=https://debuginfod.ubuntu.com /usr/bin/cmake --build /home/shreyas/arm/build/arm_interfaces -- -j20 -l20
[0.283s] Invoking command in '/home/shreyas/arm/build/arm_interfaces': CMAKE_PREFIX_PATH=${CMAKE_PREFIX_PATH}:/opt/ros/jazzy DEBUGINFOD_URLS=https://debuginfod.ubuntu.com /usr/bin/cmake --install /home/shreyas/arm/build/arm_interfaces
[0.291s] -- Install configuration: ""
[0.291s] -- Up-to-date: /home/shreyas/arm/install/arm_interfaces/share/ament_index/resource_index/rosidl_interfaces/arm_interfaces
[0.291s] -- Up-to-date: /home/shreyas/arm/install/arm_interfaces/share/arm_interfaces/msg/PoseCommand.json
[0.291s] -- Up-to-date: /home/shreyas/arm/install/arm_interfaces/include/arm_interfaces/arm_interfaces
[0.291s] -- Up-to-date: /home/shreyas/arm/install/arm_interfaces/include/arm_interfaces/arm_interfaces/msg
[0.291s] -- Up-to-date: /home/shreyas/arm/install/arm_interfaces/include/arm_interfaces/arm_interfaces/msg/detail
[0.291s] -- Up-to-date: /home/shreyas/arm/install/arm_interfaces/include/arm_interfaces/arm_interfaces/msg/detail/pose_command__description.c
[0.291s] -- Up-to-date: /home/shreyas/arm/install/arm_interfaces/include/arm_interfaces/arm_interfaces/msg/detail/pose_command__struct.h
[0.291s] -- Up-to-date: /home/shreyas/arm/install/arm_interfaces/include/arm_interfaces/arm_interfaces/msg/detail/pose_command__type_support.c
[0.291s] -- Up-to-date: /home/shreyas/arm/install/arm_interfaces/include/arm_interfaces/arm_interfaces/msg/detail/pose_command__functions.h
[0.291s] -- Up-to-date: /home/shreyas/arm/install/arm_interfaces/include/arm_interfaces/arm_interfaces/msg/detail/pose_command__functions.c
[0.291s] -- Up-to-date: /home/shreyas/arm/install/arm_interfaces/include/arm_interfaces/arm_interfaces/msg/detail/pose_command__type_support.h
[0.291s] -- Up-to-date: /home/shreyas/arm/install/arm_interfaces/include/arm_interfaces/arm_interfaces/msg/rosidl_generator_c__visibility_control.h
[0.291s] -- Up-to-date: /home/shreyas/arm/install/arm_interfaces/include/arm_interfaces/arm_interfaces/msg/pose_command.h
[0.291s] -- Up-to-date: /home/shreyas/arm/install/arm_interfaces/share/arm_interfaces/environment/library_path.sh
[0.291s] -- Up-to-date: /home/shreyas/arm/install/arm_interfaces/share/arm_interfaces/environment/library_path.dsv
[0.292s] -- Up-to-date: /home/shreyas/arm/install/arm_interfaces/lib/libarm_interfaces__rosidl_generator_c.so
[0.292s] -- Up-to-date: /home/shreyas/arm/install/arm_interfaces/include/arm_interfaces/arm_interfaces
[0.292s] -- Up-to-date: /home/shreyas/arm/install/arm_interfaces/include/arm_interfaces/arm_interfaces/msg
[0.292s] -- Up-to-date: /home/shreyas/arm/install/arm_interfaces/include/arm_interfaces/arm_interfaces/msg/detail
[0.293s] -- Up-to-date: /home/shreyas/arm/install/arm_interfaces/include/arm_interfaces/arm_interfaces/msg/detail/pose_command__rosidl_typesupport_fastrtps_c.h
[0.293s] -- Up-to-date: /home/shreyas/arm/install/arm_interfaces/include/arm_interfaces/arm_interfaces/msg/rosidl_typesupport_fastrtps_c__visibility_control.h
[0.293s] -- Up-to-date: /home/shreyas/arm/install/arm_interfaces/lib/libarm_interfaces__rosidl_typesupport_fastrtps_c.so
[0.293s] -- Up-to-date: /home/shreyas/arm/install/arm_interfaces/include/arm_interfaces/arm_interfaces
[0.293s] -- Up-to-date: /home/shreyas/arm/install/arm_interfaces/include/arm_interfaces/arm_interfaces/msg
[0.293s] -- Up-to-date: /home/shreyas/arm/install/arm_interfaces/include/arm_interfaces/arm_interfaces/msg/detail
[0.293s] -- Up-to-date: /home/shreyas/arm/install/arm_interfaces/include/arm_interfaces/arm_interfaces/msg/detail/pose_command__type_support.c
[0.293s] -- Up-to-date: /home/shreyas/arm/install/arm_interfaces/include/arm_interfaces/arm_interfaces/msg/detail/pose_command__rosidl_typesupport_introspection_c.h
[0.293s] -- Up-to-date: /home/shreyas/arm/install/arm_interfaces/include/arm_interfaces/arm_interfaces/msg/rosidl_typesupport_introspection_c__visibility_control.h
[0.293s] -- Up-to-date: /home/shreyas/arm/install/arm_interfaces/lib/libarm_interfaces__rosidl_typesupport_introspection_c.so
[0.293s] -- Up-to-date: /home/shreyas/arm/install/arm_interfaces/lib/libarm_interfaces__rosidl_typesupport_c.so
[0.293s] -- Up-to-date: /home/shreyas/arm/install/arm_interfaces/include/arm_interfaces/arm_interfaces
[0.293s] -- Up-to-date: /home/shreyas/arm/install/arm_interfaces/include/arm_interfaces/arm_interfaces/msg
[0.293s] -- Up-to-date: /home/shreyas/arm/install/arm_interfaces/include/arm_interfaces/arm_interfaces/msg/detail
[0.293s] -- Up-to-date: /home/shreyas/arm/install/arm_interfaces/include/arm_interfaces/arm_interfaces/msg/detail/pose_command__struct.hpp
[0.293s] -- Up-to-date: /home/shreyas/arm/install/arm_interfaces/include/arm_interfaces/arm_interfaces/msg/detail/pose_command__traits.hpp
[0.293s] -- Up-to-date: /home/shreyas/arm/install/arm_interfaces/include/arm_interfaces/arm_interfaces/msg/detail/pose_command__type_support.hpp
[0.293s] -- Up-to-date: /home/shreyas/arm/install/arm_interfaces/include/arm_interfaces/arm_interfaces/msg/detail/pose_command__builder.hpp
[0.294s] -- Up-to-date: /home/shreyas/arm/install/arm_interfaces/include/arm_interfaces/arm_interfaces/msg/pose_command.hpp
[0.294s] -- Up-to-date: /home/shreyas/arm/install/arm_interfaces/include/arm_interfaces/arm_interfaces/msg/rosidl_generator_cpp__visibility_control.hpp
[0.294s] -- Up-to-date: /home/shreyas/arm/install/arm_interfaces/include/arm_interfaces/arm_interfaces
[0.294s] -- Up-to-date: /home/shreyas/arm/install/arm_interfaces/include/arm_interfaces/arm_interfaces/msg
[0.294s] -- Up-to-date: /home/shreyas/arm/install/arm_interfaces/include/arm_interfaces/arm_interfaces/msg/detail
[0.294s] -- Up-to-date: /home/shreyas/arm/install/arm_interfaces/include/arm_interfaces/arm_interfaces/msg/detail/pose_command__rosidl_typesupport_fastrtps_cpp.hpp
[0.294s] -- Up-to-date: /home/shreyas/arm/install/arm_interfaces/include/arm_interfaces/arm_interfaces/msg/detail/dds_fastrtps
[0.294s] -- Up-to-date: /home/shreyas/arm/install/arm_interfaces/include/arm_interfaces/arm_interfaces/msg/rosidl_typesupport_fastrtps_cpp__visibility_control.h
[0.294s] -- Up-to-date: /home/shreyas/arm/install/arm_interfaces/lib/libarm_interfaces__rosidl_typesupport_fastrtps_cpp.so
[0.294s] -- Up-to-date: /home/shreyas/arm/install/arm_interfaces/include/arm_interfaces/arm_interfaces
[0.294s] -- Up-to-date: /home/shreyas/arm/install/arm_interfaces/include/arm_interfaces/arm_interfaces/msg
[0.294s] -- Up-to-date: /home/shreyas/arm/install/arm_interfaces/include/arm_interfaces/arm_interfaces/msg/detail
[0.294s] -- Up-to-date: /home/shreyas/arm/install/arm_interfaces/include/arm_interfaces/arm_interfaces/msg/detail/pose_command__rosidl_typesupport_introspection_cpp.hpp
[0.294s] -- Up-to-date: /home/shreyas/arm/install/arm_interfaces/include/arm_interfaces/arm_interfaces/msg/detail/pose_command__type_support.cpp
[0.295s] -- Up-to-date: /home/shreyas/arm/install/arm_interfaces/lib/libarm_interfaces__rosidl_typesupport_introspection_cpp.so
[0.295s] -- Up-to-date: /home/shreyas/arm/install/arm_interfaces/lib/libarm_interfaces__rosidl_typesupport_cpp.so
[0.295s] -- Up-to-date: /home/shreyas/arm/install/arm_interfaces/share/arm_interfaces/environment/pythonpath.sh
[0.295s] -- Up-to-date: /home/shreyas/arm/install/arm_interfaces/share/arm_interfaces/environment/pythonpath.dsv
[0.295s] -- Up-to-date: /home/shreyas/arm/install/arm_interfaces/lib/python3.12/site-packages/arm_interfaces-0.0.0-py3.12.egg-info
[0.295s] -- Installing: /home/shreyas/arm/install/arm_interfaces/lib/python3.12/site-packages/arm_interfaces-0.0.0-py3.12.egg-info/PKG-INFO
[0.295s] -- Installing: /home/shreyas/arm/install/arm_interfaces/lib/python3.12/site-packages/arm_interfaces-0.0.0-py3.12.egg-info/dependency_links.txt
[0.295s] -- Installing: /home/shreyas/arm/install/arm_interfaces/lib/python3.12/site-packages/arm_interfaces-0.0.0-py3.12.egg-info/top_level.txt
[0.295s] -- Installing: /home/shreyas/arm/install/arm_interfaces/lib/python3.12/site-packages/arm_interfaces-0.0.0-py3.12.egg-info/SOURCES.txt
[0.295s] -- Up-to-date: /home/shreyas/arm/install/arm_interfaces/lib/python3.12/site-packages/arm_interfaces
[0.295s] -- Up-to-date: /home/shreyas/arm/install/arm_interfaces/lib/python3.12/site-packages/arm_interfaces/msg
[0.295s] -- Up-to-date: /home/shreyas/arm/install/arm_interfaces/lib/python3.12/site-packages/arm_interfaces/msg/_pose_command_s.c
[0.295s] -- Up-to-date: /home/shreyas/arm/install/arm_interfaces/lib/python3.12/site-packages/arm_interfaces/msg/_pose_command.py
[0.295s] -- Up-to-date: /home/shreyas/arm/install/arm_interfaces/lib/python3.12/site-packages/arm_interfaces/msg/__init__.py
[0.295s] -- Up-to-date: /home/shreyas/arm/install/arm_interfaces/lib/python3.12/site-packages/arm_interfaces/arm_interfaces_s__rosidl_typesupport_introspection_c.so
[0.295s] -- Up-to-date: /home/shreyas/arm/install/arm_interfaces/lib/python3.12/site-packages/arm_interfaces/arm_interfaces_s__rosidl_typesupport_fastrtps_c.so
[0.295s] -- Up-to-date: /home/shreyas/arm/install/arm_interfaces/lib/python3.12/site-packages/arm_interfaces/_arm_interfaces_s.ep.rosidl_typesupport_c.c
[0.295s] -- Up-to-date: /home/shreyas/arm/install/arm_interfaces/lib/python3.12/site-packages/arm_interfaces/_arm_interfaces_s.ep.rosidl_typesupport_fastrtps_c.c
[0.295s] -- Up-to-date: /home/shreyas/arm/install/arm_interfaces/lib/python3.12/site-packages/arm_interfaces/_arm_interfaces_s.ep.rosidl_typesupport_introspection_c.c
[0.295s] -- Up-to-date: /home/shreyas/arm/install/arm_interfaces/lib/python3.12/site-packages/arm_interfaces/arm_interfaces_s__rosidl_typesupport_c.so
[0.295s] -- Up-to-date: /home/shreyas/arm/install/arm_interfaces/lib/python3.12/site-packages/arm_interfaces/__init__.py
[0.322s] Listing '/home/shreyas/arm/install/arm_interfaces/lib/python3.12/site-packages/arm_interfaces'...
[0.322s] Listing '/home/shreyas/arm/install/arm_interfaces/lib/python3.12/site-packages/arm_interfaces/msg'...
[0.326s] -- Up-to-date: /home/shreyas/arm/install/arm_interfaces/lib/python3.12/site-packages/arm_interfaces/arm_interfaces_s__rosidl_typesupport_fastrtps_c.so
[0.326s] -- Up-to-date: /home/shreyas/arm/install/arm_interfaces/lib/python3.12/site-packages/arm_interfaces/arm_interfaces_s__rosidl_typesupport_introspection_c.so
[0.326s] -- Up-to-date: /home/shreyas/arm/install/arm_interfaces/lib/python3.12/site-packages/arm_interfaces/arm_interfaces_s__rosidl_typesupport_c.so
[0.326s] -- Up-to-date: /home/shreyas/arm/install/arm_interfaces/lib/libarm_interfaces__rosidl_generator_py.so
[0.326s] -- Up-to-date: /home/shreyas/arm/install/arm_interfaces/share/arm_interfaces/msg/PoseCommand.idl
[0.326s] -- Up-to-date: /home/shreyas/arm/install/arm_interfaces/share/arm_interfaces/msg/PoseCommand.msg
[0.326s] -- Up-to-date: /home/shreyas/arm/install/arm_interfaces/share/ament_index/resource_index/package_run_dependencies/arm_interfaces
[0.326s] -- Up-to-date: /home/shreyas/arm/install/arm_interfaces/share/ament_index/resource_index/parent_prefix_path/arm_interfaces
[0.326s] -- Up-to-date: /home/shreyas/arm/install/arm_interfaces/share/arm_interfaces/environment/ament_prefix_path.sh
[0.326s] -- Up-to-date: /home/shreyas/arm/install/arm_interfaces/share/arm_interfaces/environment/ament_prefix_path.dsv
[0.326s] -- Up-to-date: /home/shreyas/arm/install/arm_interfaces/share/arm_interfaces/environment/path.sh
[0.326s] -- Up-to-date: /home/shreyas/arm/install/arm_interfaces/share/arm_interfaces/environment/path.dsv
[0.326s] -- Up-to-date: /home/shreyas/arm/install/arm_interfaces/share/arm_interfaces/local_setup.bash
[0.326s] -- Up-to-date: /home/shreyas/arm/install/arm_interfaces/share/arm_interfaces/local_setup.sh
[0.326s] -- Up-to-date: /home/shreyas/arm/install/arm_interfaces/share/arm_interfaces/local_setup.zsh
[0.326s] -- Up-to-date: /home/shreyas/arm/install/arm_interfaces/share/arm_interfaces/local_setup.dsv
[0.326s] -- Installing: /home/shreyas/arm/install/arm_interfaces/share/arm_interfaces/package.dsv
[0.326s] -- Up-to-date: /home/shreyas/arm/install/arm_interfaces/share/ament_index/resource_index/packages/arm_interfaces
[0.327s] -- Up-to-date: /home/shreyas/arm/install/arm_interfaces/share/arm_interfaces/cmake/export_arm_interfaces__rosidl_generator_cExport.cmake
[0.327s] -- Up-to-date: /home/shreyas/arm/install/arm_interfaces/share/arm_interfaces/cmake/export_arm_interfaces__rosidl_generator_cExport-noconfig.cmake
[0.327s] -- Up-to-date: /home/shreyas/arm/install/arm_interfaces/share/arm_interfaces/cmake/export_arm_interfaces__rosidl_typesupport_fastrtps_cExport.cmake
[0.327s] -- Up-to-date: /home/shreyas/arm/install/arm_interfaces/share/arm_interfaces/cmake/export_arm_interfaces__rosidl_typesupport_fastrtps_cExport-noconfig.cmake
[0.327s] -- Up-to-date: /home/shreyas/arm/install/arm_interfaces/share/arm_interfaces/cmake/arm_interfaces__rosidl_typesupport_introspection_cExport.cmake
[0.327s] -- Up-to-date: /home/shreyas/arm/install/arm_interfaces/share/arm_interfaces/cmake/arm_interfaces__rosidl_typesupport_introspection_cExport-noconfig.cmake
[0.327s] -- Up-to-date: /home/shreyas/arm/install/arm_interfaces/share/arm_interfaces/cmake/arm_interfaces__rosidl_typesupport_cExport.cmake
[0.328s] -- Up-to-date: /home/shreyas/arm/install/arm_interfaces/share/arm_interfaces/cmake/arm_interfaces__rosidl_typesupport_cExport-noconfig.cmake
[0.328s] -- Up-to-date: /home/shreyas/arm/install/arm_interfaces/share/arm_interfaces/cmake/export_arm_interfaces__rosidl_generator_cppExport.cmake
[0.328s] -- Up-to-date: /home/shreyas/arm/install/arm_interfaces/share/arm_interfaces/cmake/export_arm_interfaces__rosidl_typesupport_fastrtps_cppExport.cmake
[0.328s] -- Up-to-date: /home/shreyas/arm/install/arm_interfaces/share/arm_interfaces/cmake/export_arm_interfaces__rosidl_typesupport_fastrtps_cppExport-noconfig.cmake
[0.328s] -- Up-to-date: /home/shreyas/arm/install/arm_interfaces/share/arm_interfaces/cmake/arm_interfaces__rosidl_typesupport_introspection_cppExport.cmake
[0.328s] -- Up-to-date: /home/shreyas/arm/install/arm_interfaces/share/arm_interfaces/cmake/arm_interfaces__rosidl_typesupport_introspection_cppExport-noconfig.cmake
[0.328s] -- Up-to-date: /home/shreyas/arm/install/arm_interfaces/share/arm_interfaces/cmake/arm_interfaces__rosidl_typesupport_cppExport.cmake
[0.328s] -- Up-to-date: /home/shreyas/arm/install/arm_interfaces/share/arm_interfaces/cmake/arm_interfaces__rosidl_typesupport_cppExport-noconfig.cmake
[0.328s] -- Up-to-date: /home/shreyas/arm/install/arm_interfaces/share/arm_interfaces/cmake/export_arm_interfaces__rosidl_generator_pyExport.cmake
[0.328s] -- Up-to-date: /home/shreyas/arm/install/arm_interfaces/share/arm_interfaces/cmake/export_arm_interfaces__rosidl_generator_pyExport-noconfig.cmake
[0.328s] -- Up-to-date: /home/shreyas/arm/install/arm_interfaces/share/arm_interfaces/cmake/rosidl_cmake-extras.cmake
[0.328s] -- Up-to-date: /home/shreyas/arm/install/arm_interfaces/share/arm_interfaces/cmake/ament_cmake_export_include_directories-extras.cmake
[0.328s] -- Up-to-date: /home/shreyas/arm/install/arm_interfaces/share/arm_interfaces/cmake/ament_cmake_export_libraries-extras.cmake
[0.328s] -- Up-to-date: /home/shreyas/arm/install/arm_interfaces/share/arm_interfaces/cmake/ament_cmake_export_targets-extras.cmake
[0.328s] -- Up-to-date: /home/shreyas/arm/install/arm_interfaces/share/arm_interfaces/cmake/rosidl_cmake_export_typesupport_targets-extras.cmake
[0.328s] -- Up-to-date: /home/shreyas/arm/install/arm_interfaces/share/arm_interfaces/cmake/ament_cmake_export_dependencies-extras.cmake
[0.328s] -- Up-to-date: /home/shreyas/arm/install/arm_interfaces/share/arm_interfaces/cmake/rosidl_cmake_export_typesupport_libraries-extras.cmake
[0.328s] -- Up-to-date: /home/shreyas/arm/install/arm_interfaces/share/arm_interfaces/cmake/arm_interfacesConfig.cmake
[0.328s] -- Up-to-date: /home/shreyas/arm/install/arm_interfaces/share/arm_interfaces/cmake/arm_interfacesConfig-version.cmake
[0.328s] -- Up-to-date: /home/shreyas/arm/install/arm_interfaces/share/arm_interfaces/package.xml
[0.330s] Invoked command in '/home/shreyas/arm/build/arm_interfaces' returned '0': CMAKE_PREFIX_PATH=${CMAKE_PREFIX_PATH}:/opt/ros/jazzy DEBUGINFOD_URLS=https://debuginfod.ubuntu.com /usr/bin/cmake --install /home/shreyas/arm/build/arm_interfaces
