-- Install configuration: ""
-- Up-to-date: /home/shreyas/arm/install/arm/share/arm/urdf
-- Up-to-date: /home/shreyas/arm/install/arm/share/arm/urdf/arm.ros2_control.xacro
-- Up-to-date: /home/shreyas/arm/install/arm/share/arm/urdf/arm_gazebo.xacro
-- Up-to-date: /home/shreyas/arm/install/arm/share/arm/urdf/my_robot.urdf.xacro
-- Up-to-date: /home/shreyas/arm/install/arm/share/arm/urdf/common_properties.xacro
-- Up-to-date: /home/shreyas/arm/install/arm/share/arm/urdf/arm.xacro
-- Up-to-date: /home/shreyas/arm/install/arm/share/arm/launch
-- Up-to-date: /home/shreyas/arm/install/arm/share/arm/launch/display.launch.xml
-- Up-to-date: /home/shreyas/arm/install/arm/share/arm/launch/moveit.launch.xml
-- Up-to-date: /home/shreyas/arm/install/arm/share/arm/launch/my_robot.launch.xml
-- Up-to-date: /home/shreyas/arm/install/arm/share/arm/launch/teleop_arm.launch.py
-- Up-to-date: /home/shreyas/arm/install/arm/share/arm/config
-- Up-to-date: /home/shreyas/arm/install/arm/share/arm/config/gazebo_bridge.yaml
-- Up-to-date: /home/shreyas/arm/install/arm/share/arm/config/teleop_twist_joy.yaml
-- Up-to-date: /home/shreyas/arm/install/arm/share/arm/config/gz_gui_config.config
-- Up-to-date: /home/shreyas/arm/install/arm/share/arm/meshes
-- Up-to-date: /home/shreyas/arm/install/arm/share/arm/meshes/L_Boggie_Link.STL
-- Up-to-date: /home/shreyas/arm/install/arm/share/arm/meshes/arm_gripper.stl
-- Up-to-date: /home/shreyas/arm/install/arm/share/arm/meshes/C_Differential_Link.STL
-- Up-to-date: /home/shreyas/arm/install/arm/share/arm/meshes/R_Rocker_Link.STL
-- Up-to-date: /home/shreyas/arm/install/arm/share/arm/meshes/gripper_left.stl
-- Up-to-date: /home/shreyas/arm/install/arm/share/arm/meshes/R_Rod_link.stl
-- Up-to-date: /home/shreyas/arm/install/arm/share/arm/meshes/arm_wrist.stl
-- Up-to-date: /home/shreyas/arm/install/arm/share/arm/meshes/L_Connecting_Rod_Link.STL
-- Up-to-date: /home/shreyas/arm/install/arm/share/arm/meshes/L_2_Wheel_Link.STL
-- Up-to-date: /home/shreyas/arm/install/arm/share/arm/meshes/R_Connecting_Rod_Link.STL
-- Up-to-date: /home/shreyas/arm/install/arm/share/arm/meshes/R_Boggie_Link.STL
-- Up-to-date: /home/shreyas/arm/install/arm/share/arm/meshes/R_Connecting_Rod_Diff_Link.STL
-- Up-to-date: /home/shreyas/arm/install/arm/share/arm/meshes/arm_elbow.stl
-- Up-to-date: /home/shreyas/arm/install/arm/share/arm/meshes/L_Connecting_Rod_Diff_Link.STL
-- Up-to-date: /home/shreyas/arm/install/arm/share/arm/meshes/L_Rod_link.stl
-- Up-to-date: /home/shreyas/arm/install/arm/share/arm/meshes/R_3_Wheel_Link.STL
-- Up-to-date: /home/shreyas/arm/install/arm/share/arm/meshes/L_1_Wheel_Link.STL
-- Up-to-date: /home/shreyas/arm/install/arm/share/arm/meshes/L_3_Wheel_Link.STL
-- Up-to-date: /home/shreyas/arm/install/arm/share/arm/meshes/gripper_right.stl
-- Up-to-date: /home/shreyas/arm/install/arm/share/arm/meshes/d435.dae
-- Up-to-date: /home/shreyas/arm/install/arm/share/arm/meshes/R_1_Wheel_Link.STL
-- Up-to-date: /home/shreyas/arm/install/arm/share/arm/meshes/gripper_base.stl
-- Up-to-date: /home/shreyas/arm/install/arm/share/arm/meshes/L_Rocker_Link.STL
-- Up-to-date: /home/shreyas/arm/install/arm/share/arm/meshes/Lidar_Link.STL
-- Up-to-date: /home/shreyas/arm/install/arm/share/arm/meshes/arm_base.stl
-- Up-to-date: /home/shreyas/arm/install/arm/share/arm/meshes/R_2_Wheel_Link.STL
-- Up-to-date: /home/shreyas/arm/install/arm/share/arm/meshes/base_link.STL
-- Up-to-date: /home/shreyas/arm/install/arm/share/arm/meshes/arm_shoulder.stl
-- Up-to-date: /home/shreyas/arm/install/arm/share/arm/rviz
-- Up-to-date: /home/shreyas/arm/install/arm/share/arm/rviz/urdf_config.rviz
-- Up-to-date: /home/shreyas/arm/install/arm/share/arm/models
-- Up-to-date: /home/shreyas/arm/install/arm/share/arm/models/textures
-- Up-to-date: /home/shreyas/arm/install/arm/share/arm/models/textures/mars_ortho.png.aux.xml
-- Up-to-date: /home/shreyas/arm/install/arm/share/arm/models/textures/mars_ortho.png
-- Up-to-date: /home/shreyas/arm/install/arm/share/arm/models/dem
-- Up-to-date: /home/shreyas/arm/install/arm/share/arm/models/dem/IMG_20250616_193405.png
-- Up-to-date: /home/shreyas/arm/install/arm/share/arm/models/dem/marsyard2022_terrain_hm.tif
-- Up-to-date: /home/shreyas/arm/install/arm/share/arm/models/dem/HiRes_Ortofotomapa_Mars2025_PL2000-1.png
-- Up-to-date: /home/shreyas/arm/install/arm/share/arm/models/dem/marsyard2022_terrain_texture.png
-- Up-to-date: /home/shreyas/arm/install/arm/share/arm/models/dem/milkyway_starry_sky.dds
-- Up-to-date: /home/shreyas/arm/install/arm/share/arm/models/dem/flat_normal.png
-- Up-to-date: /home/shreyas/arm/install/arm/share/arm/models/dem/HiRes_Ortofotomapa_Mars2025_PL2000.tif
-- Up-to-date: /home/shreyas/arm/install/arm/share/arm/models/dem/MarsYard_CoordSys.png
-- Up-to-date: /home/shreyas/arm/install/arm/share/arm/models/dem/marsyard2022_terrain_hm0.png
-- Up-to-date: /home/shreyas/arm/install/arm/share/arm/worlds
-- Up-to-date: /home/shreyas/arm/install/arm/share/arm/worlds/test_world.sdf
-- Up-to-date: /home/shreyas/arm/install/arm/share/arm/worlds/marsyard.sdf
-- Up-to-date: /home/shreyas/arm/install/arm/share/arm/sdf
-- Up-to-date: /home/shreyas/arm/install/arm/lib/arm/twist_to_arm.py
-- Up-to-date: /home/shreyas/arm/install/arm/lib/arm/combined_ik.py
-- Up-to-date: /home/shreyas/arm/install/arm/share/ament_index/resource_index/package_run_dependencies/arm
-- Up-to-date: /home/shreyas/arm/install/arm/share/ament_index/resource_index/parent_prefix_path/arm
-- Up-to-date: /home/shreyas/arm/install/arm/share/arm/environment/ament_prefix_path.sh
-- Up-to-date: /home/shreyas/arm/install/arm/share/arm/environment/ament_prefix_path.dsv
-- Up-to-date: /home/shreyas/arm/install/arm/share/arm/environment/path.sh
-- Up-to-date: /home/shreyas/arm/install/arm/share/arm/environment/path.dsv
-- Up-to-date: /home/shreyas/arm/install/arm/share/arm/local_setup.bash
-- Up-to-date: /home/shreyas/arm/install/arm/share/arm/local_setup.sh
-- Up-to-date: /home/shreyas/arm/install/arm/share/arm/local_setup.zsh
-- Up-to-date: /home/shreyas/arm/install/arm/share/arm/local_setup.dsv
-- Installing: /home/shreyas/arm/install/arm/share/arm/package.dsv
-- Up-to-date: /home/shreyas/arm/install/arm/share/ament_index/resource_index/packages/arm
-- Up-to-date: /home/shreyas/arm/install/arm/share/arm/cmake/armConfig.cmake
-- Up-to-date: /home/shreyas/arm/install/arm/share/arm/cmake/armConfig-version.cmake
-- Up-to-date: /home/shreyas/arm/install/arm/share/arm/package.xml
