[0.008s] Invoking command in '/home/shreyas/arm/build/arm_commander_cpp': CMAKE_PREFIX_PATH=/home/shreyas/arm/install/arm_interfaces:/home/shreyas/arm/install/arm_bringup:/home/shreyas/arm/install/arm_moveit:/home/shreyas/arm/install/arm_commander_cpp:/home/shreyas/arm/install/arm:/opt/ros/jazzy/opt/gz_launch_vendor:/opt/ros/jazzy/opt/gz_sim_vendor:/opt/ros/jazzy/opt/gz_sensors_vendor:/opt/ros/jazzy/opt/gz_physics_vendor:/opt/ros/jazzy/opt/sdformat_vendor:/opt/ros/jazzy/opt/gz_gui_vendor:/opt/ros/jazzy/opt/gz_transport_vendor:/opt/ros/jazzy/opt/gz_rendering_vendor:/opt/ros/jazzy/opt/gz_plugin_vendor:/opt/ros/jazzy/opt/gz_fuel_tools_vendor:/opt/ros/jazzy/opt/gz_msgs_vendor:/opt/ros/jazzy/opt/gz_common_vendor:/opt/ros/jazzy/opt/gz_math_vendor:/opt/ros/jazzy/opt/gz_utils_vendor:/opt/ros/jazzy/opt/gz_tools_vendor:/opt/ros/jazzy/opt/gz_ogre_next_vendor:/opt/ros/jazzy/opt/gz_dartsim_vendor:/opt/ros/jazzy/opt/gz_cmake_vendor:/opt/ros/jazzy DEBUGINFOD_URLS=https://debuginfod.ubuntu.com /usr/bin/cmake --build /home/shreyas/arm/build/arm_commander_cpp -- -j20 -l20
[0.028s] -- Found ament_cmake: 2.5.4 (/opt/ros/jazzy/share/ament_cmake/cmake)
[0.155s] -- Found rclcpp: 28.1.12 (/opt/ros/jazzy/share/rclcpp/cmake)
[0.173s] -- Found rosidl_generator_c: 4.6.6 (/opt/ros/jazzy/share/rosidl_generator_c/cmake)
[0.178s] -- Found rosidl_generator_cpp: 4.6.6 (/opt/ros/jazzy/share/rosidl_generator_cpp/cmake)
[0.184s] -- Using all available rosidl_typesupport_c: rosidl_typesupport_fastrtps_c;rosidl_typesupport_introspection_c
[0.192s] -- Using all available rosidl_typesupport_cpp: rosidl_typesupport_fastrtps_cpp;rosidl_typesupport_introspection_cpp
[0.238s] -- Found rmw_implementation_cmake: 7.3.2 (/opt/ros/jazzy/share/rmw_implementation_cmake/cmake)
[0.239s] -- Found rmw_cyclonedds_cpp: 2.2.3 (/opt/ros/jazzy/share/rmw_cyclonedds_cpp/cmake)
[0.253s] -- Using RMW implementation 'rmw_cyclonedds_cpp' as default
[0.283s] -- Found moveit_ros_planning_interface: 2.12.3 (/opt/ros/jazzy/share/moveit_ros_planning_interface/cmake)
[0.289s] -- Found Boost: /usr/lib/x86_64-linux-gnu/cmake/Boost-1.83.0/BoostConfig.cmake (found version "1.83.0") found components: date_time filesystem program_options system thread 
[0.425s] -- Found Boost: /usr/lib/x86_64-linux-gnu/cmake/Boost-1.83.0/BoostConfig.cmake (found version "1.83.0") found components: chrono date_time filesystem iostreams program_options regex serialization system thread 
[0.442s] -- Found parameter_traits: 0.5.0 (/opt/ros/jazzy/share/parameter_traits/cmake)
[0.444s] -- Found rclcpp_lifecycle: 28.1.12 (/opt/ros/jazzy/share/rclcpp_lifecycle/cmake)
[0.461s] -- Found Boost: /usr/lib/x86_64-linux-gnu/cmake/Boost-1.83.0/BoostConfig.cmake (found version "1.83.0") found components: filesystem 
[0.483s] -- Ensuring Eigen3 include directory is part of orocos-kdl CMake target
[0.488s] -- Found TinyXML2 via Config file: /usr/lib/x86_64-linux-gnu/cmake/tinyxml2
[0.545s] -- Found Boost: /usr/lib/x86_64-linux-gnu/cmake/Boost-1.83.0/BoostConfig.cmake (found version "1.83.0") found components: system filesystem date_time program_options thread chrono 
[0.570s] -- Found Boost: /usr/lib/x86_64-linux-gnu/cmake/Boost-1.83.0/BoostConfig.cmake (found version "1.83.0") found components: thread system filesystem regex date_time program_options 
[0.588s] -- Found Boost: /usr/lib/x86_64-linux-gnu/cmake/Boost-1.83.0/BoostConfig.cmake (found version "1.83.0") found components: system filesystem date_time program_options thread 
[0.606s] -- Found example_interfaces: 0.12.0 (/opt/ros/jazzy/share/example_interfaces/cmake)
[0.616s] -- Found arm_interfaces: 0.0.0 (/home/shreyas/arm/install/arm_interfaces/share/arm_interfaces/cmake)
[0.673s] -- Configuring done (0.6s)
[0.693s] -- Generating done (0.0s)
[0.696s] -- Build files have been written to: /home/shreyas/arm/build/arm_commander_cpp
[0.734s] [ 50%] Built target test_moveit
[0.734s] [100%] Built target commander
[0.742s] Invoked command in '/home/shreyas/arm/build/arm_commander_cpp' returned '0': CMAKE_PREFIX_PATH=/home/shreyas/arm/install/arm_interfaces:/home/shreyas/arm/install/arm_bringup:/home/shreyas/arm/install/arm_moveit:/home/shreyas/arm/install/arm_commander_cpp:/home/shreyas/arm/install/arm:/opt/ros/jazzy/opt/gz_launch_vendor:/opt/ros/jazzy/opt/gz_sim_vendor:/opt/ros/jazzy/opt/gz_sensors_vendor:/opt/ros/jazzy/opt/gz_physics_vendor:/opt/ros/jazzy/opt/sdformat_vendor:/opt/ros/jazzy/opt/gz_gui_vendor:/opt/ros/jazzy/opt/gz_transport_vendor:/opt/ros/jazzy/opt/gz_rendering_vendor:/opt/ros/jazzy/opt/gz_plugin_vendor:/opt/ros/jazzy/opt/gz_fuel_tools_vendor:/opt/ros/jazzy/opt/gz_msgs_vendor:/opt/ros/jazzy/opt/gz_common_vendor:/opt/ros/jazzy/opt/gz_math_vendor:/opt/ros/jazzy/opt/gz_utils_vendor:/opt/ros/jazzy/opt/gz_tools_vendor:/opt/ros/jazzy/opt/gz_ogre_next_vendor:/opt/ros/jazzy/opt/gz_dartsim_vendor:/opt/ros/jazzy/opt/gz_cmake_vendor:/opt/ros/jazzy DEBUGINFOD_URLS=https://debuginfod.ubuntu.com /usr/bin/cmake --build /home/shreyas/arm/build/arm_commander_cpp -- -j20 -l20
[0.743s] Invoking command in '/home/shreyas/arm/build/arm_commander_cpp': CMAKE_PREFIX_PATH=/home/shreyas/arm/install/arm_interfaces:/home/shreyas/arm/install/arm_bringup:/home/shreyas/arm/install/arm_moveit:/home/shreyas/arm/install/arm_commander_cpp:/home/shreyas/arm/install/arm:/opt/ros/jazzy/opt/gz_launch_vendor:/opt/ros/jazzy/opt/gz_sim_vendor:/opt/ros/jazzy/opt/gz_sensors_vendor:/opt/ros/jazzy/opt/gz_physics_vendor:/opt/ros/jazzy/opt/sdformat_vendor:/opt/ros/jazzy/opt/gz_gui_vendor:/opt/ros/jazzy/opt/gz_transport_vendor:/opt/ros/jazzy/opt/gz_rendering_vendor:/opt/ros/jazzy/opt/gz_plugin_vendor:/opt/ros/jazzy/opt/gz_fuel_tools_vendor:/opt/ros/jazzy/opt/gz_msgs_vendor:/opt/ros/jazzy/opt/gz_common_vendor:/opt/ros/jazzy/opt/gz_math_vendor:/opt/ros/jazzy/opt/gz_utils_vendor:/opt/ros/jazzy/opt/gz_tools_vendor:/opt/ros/jazzy/opt/gz_ogre_next_vendor:/opt/ros/jazzy/opt/gz_dartsim_vendor:/opt/ros/jazzy/opt/gz_cmake_vendor:/opt/ros/jazzy DEBUGINFOD_URLS=https://debuginfod.ubuntu.com /usr/bin/cmake --install /home/shreyas/arm/build/arm_commander_cpp
[0.750s] -- Install configuration: ""
[0.750s] -- Up-to-date: /home/shreyas/arm/install/arm_commander_cpp/lib/arm_commander_cpp/test_moveit
[0.750s] -- Up-to-date: /home/shreyas/arm/install/arm_commander_cpp/lib/arm_commander_cpp/commander
[0.750s] -- Up-to-date: /home/shreyas/arm/install/arm_commander_cpp/share/ament_index/resource_index/package_run_dependencies/arm_commander_cpp
[0.750s] -- Up-to-date: /home/shreyas/arm/install/arm_commander_cpp/share/ament_index/resource_index/parent_prefix_path/arm_commander_cpp
[0.750s] -- Up-to-date: /home/shreyas/arm/install/arm_commander_cpp/share/arm_commander_cpp/environment/ament_prefix_path.sh
[0.750s] -- Up-to-date: /home/shreyas/arm/install/arm_commander_cpp/share/arm_commander_cpp/environment/ament_prefix_path.dsv
[0.750s] -- Up-to-date: /home/shreyas/arm/install/arm_commander_cpp/share/arm_commander_cpp/environment/path.sh
[0.750s] -- Up-to-date: /home/shreyas/arm/install/arm_commander_cpp/share/arm_commander_cpp/environment/path.dsv
[0.750s] -- Up-to-date: /home/shreyas/arm/install/arm_commander_cpp/share/arm_commander_cpp/local_setup.bash
[0.750s] -- Up-to-date: /home/shreyas/arm/install/arm_commander_cpp/share/arm_commander_cpp/local_setup.sh
[0.750s] -- Up-to-date: /home/shreyas/arm/install/arm_commander_cpp/share/arm_commander_cpp/local_setup.zsh
[0.751s] -- Up-to-date: /home/shreyas/arm/install/arm_commander_cpp/share/arm_commander_cpp/local_setup.dsv
[0.751s] -- Installing: /home/shreyas/arm/install/arm_commander_cpp/share/arm_commander_cpp/package.dsv
[0.751s] -- Up-to-date: /home/shreyas/arm/install/arm_commander_cpp/share/ament_index/resource_index/packages/arm_commander_cpp
[0.751s] -- Up-to-date: /home/shreyas/arm/install/arm_commander_cpp/share/arm_commander_cpp/cmake/arm_commander_cppConfig.cmake
[0.751s] -- Up-to-date: /home/shreyas/arm/install/arm_commander_cpp/share/arm_commander_cpp/cmake/arm_commander_cppConfig-version.cmake
[0.751s] -- Up-to-date: /home/shreyas/arm/install/arm_commander_cpp/share/arm_commander_cpp/package.xml
[0.751s] Invoked command in '/home/shreyas/arm/build/arm_commander_cpp' returned '0': CMAKE_PREFIX_PATH=/home/shreyas/arm/install/arm_interfaces:/home/shreyas/arm/install/arm_bringup:/home/shreyas/arm/install/arm_moveit:/home/shreyas/arm/install/arm_commander_cpp:/home/shreyas/arm/install/arm:/opt/ros/jazzy/opt/gz_launch_vendor:/opt/ros/jazzy/opt/gz_sim_vendor:/opt/ros/jazzy/opt/gz_sensors_vendor:/opt/ros/jazzy/opt/gz_physics_vendor:/opt/ros/jazzy/opt/sdformat_vendor:/opt/ros/jazzy/opt/gz_gui_vendor:/opt/ros/jazzy/opt/gz_transport_vendor:/opt/ros/jazzy/opt/gz_rendering_vendor:/opt/ros/jazzy/opt/gz_plugin_vendor:/opt/ros/jazzy/opt/gz_fuel_tools_vendor:/opt/ros/jazzy/opt/gz_msgs_vendor:/opt/ros/jazzy/opt/gz_common_vendor:/opt/ros/jazzy/opt/gz_math_vendor:/opt/ros/jazzy/opt/gz_utils_vendor:/opt/ros/jazzy/opt/gz_tools_vendor:/opt/ros/jazzy/opt/gz_ogre_next_vendor:/opt/ros/jazzy/opt/gz_dartsim_vendor:/opt/ros/jazzy/opt/gz_cmake_vendor:/opt/ros/jazzy DEBUGINFOD_URLS=https://debuginfod.ubuntu.com /usr/bin/cmake --install /home/shreyas/arm/build/arm_commander_cpp
