[ 66%] Built target test_moveit
[ 66%] Built target commander
[ 83%] [32mBuilding CXX object CMakeFiles/pose_goal.dir/src/pose_goal.cpp.o[0m
[100%] [32m[1mLinking CXX executable pose_goal[0m
[100%] Built target pose_goal
-- Install configuration: ""
-- Up-to-date: /home/shreyas/arm/install/arm_commander_cpp/lib/arm_commander_cpp/test_moveit
-- Up-to-date: /home/shreyas/arm/install/arm_commander_cpp/lib/arm_commander_cpp/commander
-- Installing: /home/shreyas/arm/install/arm_commander_cpp/lib/arm_commander_cpp/pose_goal
-- Set non-toolchain portion of runtime path of "/home/shreyas/arm/install/arm_commander_cpp/lib/arm_commander_cpp/pose_goal" to ""
-- Up-to-date: /home/shreyas/arm/install/arm_commander_cpp/share/ament_index/resource_index/package_run_dependencies/arm_commander_cpp
-- Up-to-date: /home/shreyas/arm/install/arm_commander_cpp/share/ament_index/resource_index/parent_prefix_path/arm_commander_cpp
-- Up-to-date: /home/shreyas/arm/install/arm_commander_cpp/share/arm_commander_cpp/environment/ament_prefix_path.sh
-- Up-to-date: /home/shreyas/arm/install/arm_commander_cpp/share/arm_commander_cpp/environment/ament_prefix_path.dsv
-- Up-to-date: /home/shreyas/arm/install/arm_commander_cpp/share/arm_commander_cpp/environment/path.sh
-- Up-to-date: /home/shreyas/arm/install/arm_commander_cpp/share/arm_commander_cpp/environment/path.dsv
-- Up-to-date: /home/shreyas/arm/install/arm_commander_cpp/share/arm_commander_cpp/local_setup.bash
-- Up-to-date: /home/shreyas/arm/install/arm_commander_cpp/share/arm_commander_cpp/local_setup.sh
-- Up-to-date: /home/shreyas/arm/install/arm_commander_cpp/share/arm_commander_cpp/local_setup.zsh
-- Up-to-date: /home/shreyas/arm/install/arm_commander_cpp/share/arm_commander_cpp/local_setup.dsv
-- Installing: /home/shreyas/arm/install/arm_commander_cpp/share/arm_commander_cpp/package.dsv
-- Up-to-date: /home/shreyas/arm/install/arm_commander_cpp/share/ament_index/resource_index/packages/arm_commander_cpp
-- Up-to-date: /home/shreyas/arm/install/arm_commander_cpp/share/arm_commander_cpp/cmake/arm_commander_cppConfig.cmake
-- Up-to-date: /home/shreyas/arm/install/arm_commander_cpp/share/arm_commander_cpp/cmake/arm_commander_cppConfig-version.cmake
-- Up-to-date: /home/shreyas/arm/install/arm_commander_cpp/share/arm_commander_cpp/package.xml
