[0.050s] DEBUG:colcon:Command line arguments: ['/usr/bin/colcon', 'build']
[0.050s] DEBUG:colcon:Parsed command line arguments: Namespace(log_base=None, log_level=None, verb_name='build', build_base='build', install_base='install', merge_install=False, symlink_install=False, test_result_base=None, continue_on_error=False, executor='parallel', parallel_workers=20, event_handlers=None, ignore_user_meta=False, metas=['./colcon.meta'], base_paths=['.'], packages_ignore=None, packages_ignore_regex=None, paths=None, packages_up_to=None, packages_up_to_regex=None, packages_above=None, packages_above_and_dependencies=None, packages_above_depth=None, packages_select_by_dep=None, packages_skip_by_dep=None, packages_skip_up_to=None, packages_select_build_failed=False, packages_skip_build_finished=False, packages_select_test_failures=False, packages_skip_test_passed=False, packages_select=None, packages_skip=None, packages_select_regex=None, packages_skip_regex=None, packages_start=None, packages_end=None, allow_overriding=[], cmake_args=None, cmake_target=None, cmake_target_skip_unavailable=False, cmake_clean_cache=False, cmake_clean_first=False, cmake_force_configure=False, ament_cmake_args=None, catkin_cmake_args=None, catkin_skip_building_tests=False, mixin_files=None, mixin=None, verb_parser=<colcon_mixin.mixin.mixin_argument.MixinArgumentDecorator object at 0x77112edb0a10>, verb_extension=<colcon_core.verb.build.BuildVerb object at 0x77112edb0770>, main=<bound method BuildVerb.main of <colcon_core.verb.build.BuildVerb object at 0x77112edb0770>>, mixin_verb=('build',))
[0.068s] Level 1:colcon.colcon_core.package_discovery:discover_packages(colcon_meta) check parameters
[0.068s] Level 1:colcon.colcon_core.package_discovery:discover_packages(recursive) check parameters
[0.068s] Level 1:colcon.colcon_core.package_discovery:discover_packages(ignore) check parameters
[0.068s] Level 1:colcon.colcon_core.package_discovery:discover_packages(path) check parameters
[0.068s] Level 1:colcon.colcon_core.package_discovery:discover_packages(colcon_meta) discover
[0.068s] Level 1:colcon.colcon_core.package_discovery:discover_packages(recursive) discover
[0.068s] INFO:colcon.colcon_core.package_discovery:Crawling recursively for packages in '/home/shreyas/arm'
[0.068s] Level 1:colcon.colcon_core.package_identification:_identify(.) by extensions ['ignore', 'ignore_ament_install']
[0.068s] Level 1:colcon.colcon_core.package_identification:_identify(.) by extension 'ignore'
[0.068s] Level 1:colcon.colcon_core.package_identification:_identify(.) by extension 'ignore_ament_install'
[0.068s] Level 1:colcon.colcon_core.package_identification:_identify(.) by extensions ['colcon_pkg']
[0.068s] Level 1:colcon.colcon_core.package_identification:_identify(.) by extension 'colcon_pkg'
[0.068s] Level 1:colcon.colcon_core.package_identification:_identify(.) by extensions ['colcon_meta']
[0.068s] Level 1:colcon.colcon_core.package_identification:_identify(.) by extension 'colcon_meta'
[0.068s] Level 1:colcon.colcon_core.package_identification:_identify(.) by extensions ['ros']
[0.068s] Level 1:colcon.colcon_core.package_identification:_identify(.) by extension 'ros'
[0.081s] Level 1:colcon.colcon_core.package_identification:_identify(.) by extensions ['cmake', 'python']
[0.081s] Level 1:colcon.colcon_core.package_identification:_identify(.) by extension 'cmake'
[0.081s] Level 1:colcon.colcon_core.package_identification:_identify(.) by extension 'python'
[0.081s] Level 1:colcon.colcon_core.package_identification:_identify(.) by extensions ['python_setup_py']
[0.081s] Level 1:colcon.colcon_core.package_identification:_identify(.) by extension 'python_setup_py'
[0.081s] Level 1:colcon.colcon_core.package_identification:_identify(build) by extensions ['ignore', 'ignore_ament_install']
[0.081s] Level 1:colcon.colcon_core.package_identification:_identify(build) by extension 'ignore'
[0.081s] Level 1:colcon.colcon_core.package_identification:_identify(build) ignored
[0.081s] Level 1:colcon.colcon_core.package_identification:_identify(install) by extensions ['ignore', 'ignore_ament_install']
[0.081s] Level 1:colcon.colcon_core.package_identification:_identify(install) by extension 'ignore'
[0.081s] Level 1:colcon.colcon_core.package_identification:_identify(install) ignored
[0.081s] Level 1:colcon.colcon_core.package_identification:_identify(log) by extensions ['ignore', 'ignore_ament_install']
[0.081s] Level 1:colcon.colcon_core.package_identification:_identify(log) by extension 'ignore'
[0.081s] Level 1:colcon.colcon_core.package_identification:_identify(log) ignored
[0.081s] Level 1:colcon.colcon_core.package_identification:_identify(src) by extensions ['ignore', 'ignore_ament_install']
[0.081s] Level 1:colcon.colcon_core.package_identification:_identify(src) by extension 'ignore'
[0.081s] Level 1:colcon.colcon_core.package_identification:_identify(src) by extension 'ignore_ament_install'
[0.081s] Level 1:colcon.colcon_core.package_identification:_identify(src) by extensions ['colcon_pkg']
[0.081s] Level 1:colcon.colcon_core.package_identification:_identify(src) by extension 'colcon_pkg'
[0.081s] Level 1:colcon.colcon_core.package_identification:_identify(src) by extensions ['colcon_meta']
[0.081s] Level 1:colcon.colcon_core.package_identification:_identify(src) by extension 'colcon_meta'
[0.081s] Level 1:colcon.colcon_core.package_identification:_identify(src) by extensions ['ros']
[0.081s] Level 1:colcon.colcon_core.package_identification:_identify(src) by extension 'ros'
[0.081s] Level 1:colcon.colcon_core.package_identification:_identify(src) by extensions ['cmake', 'python']
[0.081s] Level 1:colcon.colcon_core.package_identification:_identify(src) by extension 'cmake'
[0.081s] Level 1:colcon.colcon_core.package_identification:_identify(src) by extension 'python'
[0.081s] Level 1:colcon.colcon_core.package_identification:_identify(src) by extensions ['python_setup_py']
[0.081s] Level 1:colcon.colcon_core.package_identification:_identify(src) by extension 'python_setup_py'
[0.081s] Level 1:colcon.colcon_core.package_identification:_identify(src/arm) by extensions ['ignore', 'ignore_ament_install']
[0.081s] Level 1:colcon.colcon_core.package_identification:_identify(src/arm) by extension 'ignore'
[0.081s] Level 1:colcon.colcon_core.package_identification:_identify(src/arm) by extension 'ignore_ament_install'
[0.082s] Level 1:colcon.colcon_core.package_identification:_identify(src/arm) by extensions ['colcon_pkg']
[0.082s] Level 1:colcon.colcon_core.package_identification:_identify(src/arm) by extension 'colcon_pkg'
[0.082s] Level 1:colcon.colcon_core.package_identification:_identify(src/arm) by extensions ['colcon_meta']
[0.082s] Level 1:colcon.colcon_core.package_identification:_identify(src/arm) by extension 'colcon_meta'
[0.082s] Level 1:colcon.colcon_core.package_identification:_identify(src/arm) by extensions ['ros']
[0.082s] Level 1:colcon.colcon_core.package_identification:_identify(src/arm) by extension 'ros'
[0.083s] DEBUG:colcon.colcon_core.package_identification:Package 'src/arm' with type 'ros.ament_cmake' and name 'arm'
[0.083s] Level 1:colcon.colcon_core.package_identification:_identify(src/arm_bringup) by extensions ['ignore', 'ignore_ament_install']
[0.083s] Level 1:colcon.colcon_core.package_identification:_identify(src/arm_bringup) by extension 'ignore'
[0.083s] Level 1:colcon.colcon_core.package_identification:_identify(src/arm_bringup) by extension 'ignore_ament_install'
[0.083s] Level 1:colcon.colcon_core.package_identification:_identify(src/arm_bringup) by extensions ['colcon_pkg']
[0.083s] Level 1:colcon.colcon_core.package_identification:_identify(src/arm_bringup) by extension 'colcon_pkg'
[0.083s] Level 1:colcon.colcon_core.package_identification:_identify(src/arm_bringup) by extensions ['colcon_meta']
[0.083s] Level 1:colcon.colcon_core.package_identification:_identify(src/arm_bringup) by extension 'colcon_meta'
[0.083s] Level 1:colcon.colcon_core.package_identification:_identify(src/arm_bringup) by extensions ['ros']
[0.083s] Level 1:colcon.colcon_core.package_identification:_identify(src/arm_bringup) by extension 'ros'
[0.083s] DEBUG:colcon.colcon_core.package_identification:Package 'src/arm_bringup' with type 'ros.ament_cmake' and name 'arm_bringup'
[0.083s] Level 1:colcon.colcon_core.package_identification:_identify(src/arm_commander_cpp) by extensions ['ignore', 'ignore_ament_install']
[0.083s] Level 1:colcon.colcon_core.package_identification:_identify(src/arm_commander_cpp) by extension 'ignore'
[0.083s] Level 1:colcon.colcon_core.package_identification:_identify(src/arm_commander_cpp) by extension 'ignore_ament_install'
[0.083s] Level 1:colcon.colcon_core.package_identification:_identify(src/arm_commander_cpp) by extensions ['colcon_pkg']
[0.083s] Level 1:colcon.colcon_core.package_identification:_identify(src/arm_commander_cpp) by extension 'colcon_pkg'
[0.083s] Level 1:colcon.colcon_core.package_identification:_identify(src/arm_commander_cpp) by extensions ['colcon_meta']
[0.083s] Level 1:colcon.colcon_core.package_identification:_identify(src/arm_commander_cpp) by extension 'colcon_meta'
[0.083s] Level 1:colcon.colcon_core.package_identification:_identify(src/arm_commander_cpp) by extensions ['ros']
[0.083s] Level 1:colcon.colcon_core.package_identification:_identify(src/arm_commander_cpp) by extension 'ros'
[0.084s] DEBUG:colcon.colcon_core.package_identification:Package 'src/arm_commander_cpp' with type 'ros.ament_cmake' and name 'arm_commander_cpp'
[0.084s] Level 1:colcon.colcon_core.package_identification:_identify(src/arm_interfaces) by extensions ['ignore', 'ignore_ament_install']
[0.084s] Level 1:colcon.colcon_core.package_identification:_identify(src/arm_interfaces) by extension 'ignore'
[0.084s] Level 1:colcon.colcon_core.package_identification:_identify(src/arm_interfaces) by extension 'ignore_ament_install'
[0.084s] Level 1:colcon.colcon_core.package_identification:_identify(src/arm_interfaces) by extensions ['colcon_pkg']
[0.084s] Level 1:colcon.colcon_core.package_identification:_identify(src/arm_interfaces) by extension 'colcon_pkg'
[0.084s] Level 1:colcon.colcon_core.package_identification:_identify(src/arm_interfaces) by extensions ['colcon_meta']
[0.084s] Level 1:colcon.colcon_core.package_identification:_identify(src/arm_interfaces) by extension 'colcon_meta'
[0.084s] Level 1:colcon.colcon_core.package_identification:_identify(src/arm_interfaces) by extensions ['ros']
[0.084s] Level 1:colcon.colcon_core.package_identification:_identify(src/arm_interfaces) by extension 'ros'
[0.084s] DEBUG:colcon.colcon_core.package_identification:Package 'src/arm_interfaces' with type 'ros.ament_cmake' and name 'arm_interfaces'
[0.084s] Level 1:colcon.colcon_core.package_identification:_identify(src/arm_moveit) by extensions ['ignore', 'ignore_ament_install']
[0.084s] Level 1:colcon.colcon_core.package_identification:_identify(src/arm_moveit) by extension 'ignore'
[0.084s] Level 1:colcon.colcon_core.package_identification:_identify(src/arm_moveit) by extension 'ignore_ament_install'
[0.084s] Level 1:colcon.colcon_core.package_identification:_identify(src/arm_moveit) by extensions ['colcon_pkg']
[0.084s] Level 1:colcon.colcon_core.package_identification:_identify(src/arm_moveit) by extension 'colcon_pkg'
[0.084s] Level 1:colcon.colcon_core.package_identification:_identify(src/arm_moveit) by extensions ['colcon_meta']
[0.084s] Level 1:colcon.colcon_core.package_identification:_identify(src/arm_moveit) by extension 'colcon_meta'
[0.084s] Level 1:colcon.colcon_core.package_identification:_identify(src/arm_moveit) by extensions ['ros']
[0.084s] Level 1:colcon.colcon_core.package_identification:_identify(src/arm_moveit) by extension 'ros'
[0.084s] DEBUG:colcon.colcon_core.package_identification:Package 'src/arm_moveit' with type 'ros.ament_cmake' and name 'arm_moveit'
[0.084s] Level 1:colcon.colcon_core.package_discovery:discover_packages(recursive) using defaults
[0.085s] Level 1:colcon.colcon_core.package_discovery:discover_packages(ignore) discover
[0.085s] Level 1:colcon.colcon_core.package_discovery:discover_packages(ignore) using defaults
[0.085s] Level 1:colcon.colcon_core.package_discovery:discover_packages(path) discover
[0.085s] Level 1:colcon.colcon_core.package_discovery:discover_packages(path) using defaults
[0.094s] Level 1:colcon.colcon_core.package_discovery:discover_packages(prefix_path) check parameters
[0.094s] Level 1:colcon.colcon_core.package_discovery:discover_packages(prefix_path) discover
[0.094s] DEBUG:colcon.colcon_installed_package_information.package_discovery:Found 5 installed packages in /home/shreyas/arm/install
[0.095s] DEBUG:colcon.colcon_installed_package_information.package_discovery:Found 449 installed packages in /opt/ros/jazzy
[0.096s] Level 1:colcon.colcon_core.package_discovery:discover_packages(prefix_path) using defaults
[0.118s] Level 5:colcon.colcon_core.verb:set package 'arm' build argument 'cmake_args' from command line to 'None'
[0.118s] Level 5:colcon.colcon_core.verb:set package 'arm' build argument 'cmake_target' from command line to 'None'
[0.118s] Level 5:colcon.colcon_core.verb:set package 'arm' build argument 'cmake_target_skip_unavailable' from command line to 'False'
[0.118s] Level 5:colcon.colcon_core.verb:set package 'arm' build argument 'cmake_clean_cache' from command line to 'False'
[0.118s] Level 5:colcon.colcon_core.verb:set package 'arm' build argument 'cmake_clean_first' from command line to 'False'
[0.118s] Level 5:colcon.colcon_core.verb:set package 'arm' build argument 'cmake_force_configure' from command line to 'False'
[0.118s] Level 5:colcon.colcon_core.verb:set package 'arm' build argument 'ament_cmake_args' from command line to 'None'
[0.118s] Level 5:colcon.colcon_core.verb:set package 'arm' build argument 'catkin_cmake_args' from command line to 'None'
[0.118s] Level 5:colcon.colcon_core.verb:set package 'arm' build argument 'catkin_skip_building_tests' from command line to 'False'
[0.118s] DEBUG:colcon.colcon_core.verb:Building package 'arm' with the following arguments: {'ament_cmake_args': None, 'build_base': '/home/shreyas/arm/build/arm', 'catkin_cmake_args': None, 'catkin_skip_building_tests': False, 'cmake_args': None, 'cmake_clean_cache': False, 'cmake_clean_first': False, 'cmake_force_configure': False, 'cmake_target': None, 'cmake_target_skip_unavailable': False, 'install_base': '/home/shreyas/arm/install/arm', 'merge_install': False, 'path': '/home/shreyas/arm/src/arm', 'symlink_install': False, 'test_result_base': None}
[0.118s] Level 5:colcon.colcon_core.verb:set package 'arm_interfaces' build argument 'cmake_args' from command line to 'None'
[0.118s] Level 5:colcon.colcon_core.verb:set package 'arm_interfaces' build argument 'cmake_target' from command line to 'None'
[0.118s] Level 5:colcon.colcon_core.verb:set package 'arm_interfaces' build argument 'cmake_target_skip_unavailable' from command line to 'False'
[0.118s] Level 5:colcon.colcon_core.verb:set package 'arm_interfaces' build argument 'cmake_clean_cache' from command line to 'False'
[0.118s] Level 5:colcon.colcon_core.verb:set package 'arm_interfaces' build argument 'cmake_clean_first' from command line to 'False'
[0.118s] Level 5:colcon.colcon_core.verb:set package 'arm_interfaces' build argument 'cmake_force_configure' from command line to 'False'
[0.118s] Level 5:colcon.colcon_core.verb:set package 'arm_interfaces' build argument 'ament_cmake_args' from command line to 'None'
[0.118s] Level 5:colcon.colcon_core.verb:set package 'arm_interfaces' build argument 'catkin_cmake_args' from command line to 'None'
[0.118s] Level 5:colcon.colcon_core.verb:set package 'arm_interfaces' build argument 'catkin_skip_building_tests' from command line to 'False'
[0.118s] DEBUG:colcon.colcon_core.verb:Building package 'arm_interfaces' with the following arguments: {'ament_cmake_args': None, 'build_base': '/home/shreyas/arm/build/arm_interfaces', 'catkin_cmake_args': None, 'catkin_skip_building_tests': False, 'cmake_args': None, 'cmake_clean_cache': False, 'cmake_clean_first': False, 'cmake_force_configure': False, 'cmake_target': None, 'cmake_target_skip_unavailable': False, 'install_base': '/home/shreyas/arm/install/arm_interfaces', 'merge_install': False, 'path': '/home/shreyas/arm/src/arm_interfaces', 'symlink_install': False, 'test_result_base': None}
[0.118s] Level 5:colcon.colcon_core.verb:set package 'arm_commander_cpp' build argument 'cmake_args' from command line to 'None'
[0.118s] Level 5:colcon.colcon_core.verb:set package 'arm_commander_cpp' build argument 'cmake_target' from command line to 'None'
[0.118s] Level 5:colcon.colcon_core.verb:set package 'arm_commander_cpp' build argument 'cmake_target_skip_unavailable' from command line to 'False'
[0.118s] Level 5:colcon.colcon_core.verb:set package 'arm_commander_cpp' build argument 'cmake_clean_cache' from command line to 'False'
[0.118s] Level 5:colcon.colcon_core.verb:set package 'arm_commander_cpp' build argument 'cmake_clean_first' from command line to 'False'
[0.118s] Level 5:colcon.colcon_core.verb:set package 'arm_commander_cpp' build argument 'cmake_force_configure' from command line to 'False'
[0.118s] Level 5:colcon.colcon_core.verb:set package 'arm_commander_cpp' build argument 'ament_cmake_args' from command line to 'None'
[0.118s] Level 5:colcon.colcon_core.verb:set package 'arm_commander_cpp' build argument 'catkin_cmake_args' from command line to 'None'
[0.118s] Level 5:colcon.colcon_core.verb:set package 'arm_commander_cpp' build argument 'catkin_skip_building_tests' from command line to 'False'
[0.118s] DEBUG:colcon.colcon_core.verb:Building package 'arm_commander_cpp' with the following arguments: {'ament_cmake_args': None, 'build_base': '/home/shreyas/arm/build/arm_commander_cpp', 'catkin_cmake_args': None, 'catkin_skip_building_tests': False, 'cmake_args': None, 'cmake_clean_cache': False, 'cmake_clean_first': False, 'cmake_force_configure': False, 'cmake_target': None, 'cmake_target_skip_unavailable': False, 'install_base': '/home/shreyas/arm/install/arm_commander_cpp', 'merge_install': False, 'path': '/home/shreyas/arm/src/arm_commander_cpp', 'symlink_install': False, 'test_result_base': None}
[0.119s] Level 5:colcon.colcon_core.verb:set package 'arm_moveit' build argument 'cmake_args' from command line to 'None'
[0.119s] Level 5:colcon.colcon_core.verb:set package 'arm_moveit' build argument 'cmake_target' from command line to 'None'
[0.119s] Level 5:colcon.colcon_core.verb:set package 'arm_moveit' build argument 'cmake_target_skip_unavailable' from command line to 'False'
[0.119s] Level 5:colcon.colcon_core.verb:set package 'arm_moveit' build argument 'cmake_clean_cache' from command line to 'False'
[0.119s] Level 5:colcon.colcon_core.verb:set package 'arm_moveit' build argument 'cmake_clean_first' from command line to 'False'
[0.119s] Level 5:colcon.colcon_core.verb:set package 'arm_moveit' build argument 'cmake_force_configure' from command line to 'False'
[0.119s] Level 5:colcon.colcon_core.verb:set package 'arm_moveit' build argument 'ament_cmake_args' from command line to 'None'
[0.119s] Level 5:colcon.colcon_core.verb:set package 'arm_moveit' build argument 'catkin_cmake_args' from command line to 'None'
[0.119s] Level 5:colcon.colcon_core.verb:set package 'arm_moveit' build argument 'catkin_skip_building_tests' from command line to 'False'
[0.119s] DEBUG:colcon.colcon_core.verb:Building package 'arm_moveit' with the following arguments: {'ament_cmake_args': None, 'build_base': '/home/shreyas/arm/build/arm_moveit', 'catkin_cmake_args': None, 'catkin_skip_building_tests': False, 'cmake_args': None, 'cmake_clean_cache': False, 'cmake_clean_first': False, 'cmake_force_configure': False, 'cmake_target': None, 'cmake_target_skip_unavailable': False, 'install_base': '/home/shreyas/arm/install/arm_moveit', 'merge_install': False, 'path': '/home/shreyas/arm/src/arm_moveit', 'symlink_install': False, 'test_result_base': None}
[0.119s] Level 5:colcon.colcon_core.verb:set package 'arm_bringup' build argument 'cmake_args' from command line to 'None'
[0.119s] Level 5:colcon.colcon_core.verb:set package 'arm_bringup' build argument 'cmake_target' from command line to 'None'
[0.119s] Level 5:colcon.colcon_core.verb:set package 'arm_bringup' build argument 'cmake_target_skip_unavailable' from command line to 'False'
[0.119s] Level 5:colcon.colcon_core.verb:set package 'arm_bringup' build argument 'cmake_clean_cache' from command line to 'False'
[0.119s] Level 5:colcon.colcon_core.verb:set package 'arm_bringup' build argument 'cmake_clean_first' from command line to 'False'
[0.119s] Level 5:colcon.colcon_core.verb:set package 'arm_bringup' build argument 'cmake_force_configure' from command line to 'False'
[0.119s] Level 5:colcon.colcon_core.verb:set package 'arm_bringup' build argument 'ament_cmake_args' from command line to 'None'
[0.119s] Level 5:colcon.colcon_core.verb:set package 'arm_bringup' build argument 'catkin_cmake_args' from command line to 'None'
[0.119s] Level 5:colcon.colcon_core.verb:set package 'arm_bringup' build argument 'catkin_skip_building_tests' from command line to 'False'
[0.119s] DEBUG:colcon.colcon_core.verb:Building package 'arm_bringup' with the following arguments: {'ament_cmake_args': None, 'build_base': '/home/shreyas/arm/build/arm_bringup', 'catkin_cmake_args': None, 'catkin_skip_building_tests': False, 'cmake_args': None, 'cmake_clean_cache': False, 'cmake_clean_first': False, 'cmake_force_configure': False, 'cmake_target': None, 'cmake_target_skip_unavailable': False, 'install_base': '/home/shreyas/arm/install/arm_bringup', 'merge_install': False, 'path': '/home/shreyas/arm/src/arm_bringup', 'symlink_install': False, 'test_result_base': None}
[0.119s] INFO:colcon.colcon_core.executor:Executing jobs using 'parallel' executor
[0.120s] DEBUG:colcon.colcon_parallel_executor.executor.parallel:run_until_complete
[0.120s] INFO:colcon.colcon_ros.task.ament_cmake.build:Building ROS package in '/home/shreyas/arm/src/arm' with build type 'ament_cmake'
[0.120s] INFO:colcon.colcon_cmake.task.cmake.build:Building CMake package in '/home/shreyas/arm/src/arm'
[0.121s] INFO:colcon.colcon_core.plugin_system:Skipping extension 'colcon_core.shell.bat': Not used on non-Windows systems
[0.121s] INFO:colcon.colcon_core.shell:Skip shell extension 'powershell' for command environment: Not usable outside of PowerShell
[0.121s] DEBUG:colcon.colcon_core.shell:Skip shell extension 'dsv' for command environment
[0.123s] INFO:colcon.colcon_ros.task.ament_cmake.build:Building ROS package in '/home/shreyas/arm/src/arm_interfaces' with build type 'ament_cmake'
[0.123s] INFO:colcon.colcon_cmake.task.cmake.build:Building CMake package in '/home/shreyas/arm/src/arm_interfaces'
[0.123s] INFO:colcon.colcon_core.shell:Skip shell extension 'powershell' for command environment: Not usable outside of PowerShell
[0.123s] DEBUG:colcon.colcon_core.shell:Skip shell extension 'dsv' for command environment
[0.129s] DEBUG:colcon.colcon_core.event_handler.log_command:Invoking command in '/home/shreyas/arm/build/arm': CMAKE_PREFIX_PATH=${CMAKE_PREFIX_PATH}:/opt/ros/jazzy DEBUGINFOD_URLS=https://debuginfod.ubuntu.com /usr/bin/cmake --build /home/shreyas/arm/build/arm -- -j20 -l20
[0.130s] DEBUG:colcon.colcon_core.event_handler.log_command:Invoking command in '/home/shreyas/arm/build/arm_interfaces': CMAKE_PREFIX_PATH=${CMAKE_PREFIX_PATH}:/opt/ros/jazzy DEBUGINFOD_URLS=https://debuginfod.ubuntu.com /usr/bin/cmake --build /home/shreyas/arm/build/arm_interfaces -- -j20 -l20
[0.159s] DEBUG:colcon.colcon_core.event_handler.log_command:Invoked command in '/home/shreyas/arm/build/arm' returned '0': CMAKE_PREFIX_PATH=${CMAKE_PREFIX_PATH}:/opt/ros/jazzy DEBUGINFOD_URLS=https://debuginfod.ubuntu.com /usr/bin/cmake --build /home/shreyas/arm/build/arm -- -j20 -l20
[0.166s] DEBUG:colcon.colcon_core.event_handler.log_command:Invoking command in '/home/shreyas/arm/build/arm': CMAKE_PREFIX_PATH=${CMAKE_PREFIX_PATH}:/opt/ros/jazzy DEBUGINFOD_URLS=https://debuginfod.ubuntu.com /usr/bin/cmake --install /home/shreyas/arm/build/arm
[0.175s] Level 1:colcon.colcon_core.environment:create_environment_scripts_only(arm)
[0.175s] DEBUG:colcon.colcon_core.event_handler.log_command:Invoked command in '/home/shreyas/arm/build/arm' returned '0': CMAKE_PREFIX_PATH=${CMAKE_PREFIX_PATH}:/opt/ros/jazzy DEBUGINFOD_URLS=https://debuginfod.ubuntu.com /usr/bin/cmake --install /home/shreyas/arm/build/arm
[0.177s] Level 1:colcon.colcon_core.environment:checking '/home/shreyas/arm/install/arm' for CMake module files
[0.177s] Level 1:colcon.colcon_core.environment:checking '/home/shreyas/arm/install/arm' for CMake config files
[0.178s] Level 1:colcon.colcon_core.shell:create_environment_hook('arm', 'cmake_prefix_path')
[0.178s] INFO:colcon.colcon_core.shell:Creating environment hook '/home/shreyas/arm/install/arm/share/arm/hook/cmake_prefix_path.ps1'
[0.178s] INFO:colcon.colcon_core.shell:Creating environment descriptor '/home/shreyas/arm/install/arm/share/arm/hook/cmake_prefix_path.dsv'
[0.179s] INFO:colcon.colcon_core.shell:Creating environment hook '/home/shreyas/arm/install/arm/share/arm/hook/cmake_prefix_path.sh'
[0.179s] Level 1:colcon.colcon_core.environment:checking '/home/shreyas/arm/install/arm/lib'
[0.179s] Level 1:colcon.colcon_core.environment:checking '/home/shreyas/arm/install/arm/bin'
[0.179s] Level 1:colcon.colcon_core.environment:checking '/home/shreyas/arm/install/arm/lib/pkgconfig/arm.pc'
[0.179s] Level 1:colcon.colcon_core.environment:checking '/home/shreyas/arm/install/arm/lib/python3.12/site-packages'
[0.180s] Level 1:colcon.colcon_core.environment:checking '/home/shreyas/arm/install/arm/bin'
[0.180s] INFO:colcon.colcon_core.shell:Creating package script '/home/shreyas/arm/install/arm/share/arm/package.ps1'
[0.180s] INFO:colcon.colcon_core.shell:Creating package descriptor '/home/shreyas/arm/install/arm/share/arm/package.dsv'
[0.181s] INFO:colcon.colcon_core.shell:Creating package script '/home/shreyas/arm/install/arm/share/arm/package.sh'
[0.181s] INFO:colcon.colcon_core.shell:Creating package script '/home/shreyas/arm/install/arm/share/arm/package.bash'
[0.181s] INFO:colcon.colcon_core.shell:Creating package script '/home/shreyas/arm/install/arm/share/arm/package.zsh'
[0.182s] Level 1:colcon.colcon_core.environment:create_file_with_runtime_dependencies(/home/shreyas/arm/install/arm/share/colcon-core/packages/arm)
[0.182s] Level 1:colcon.colcon_core.environment:create_environment_scripts_only(arm)
[0.182s] Level 1:colcon.colcon_core.environment:checking '/home/shreyas/arm/install/arm' for CMake module files
[0.183s] Level 1:colcon.colcon_core.environment:checking '/home/shreyas/arm/install/arm' for CMake config files
[0.183s] Level 1:colcon.colcon_core.shell:create_environment_hook('arm', 'cmake_prefix_path')
[0.183s] INFO:colcon.colcon_core.shell:Creating environment hook '/home/shreyas/arm/install/arm/share/arm/hook/cmake_prefix_path.ps1'
[0.183s] INFO:colcon.colcon_core.shell:Creating environment descriptor '/home/shreyas/arm/install/arm/share/arm/hook/cmake_prefix_path.dsv'
[0.183s] INFO:colcon.colcon_core.shell:Creating environment hook '/home/shreyas/arm/install/arm/share/arm/hook/cmake_prefix_path.sh'
[0.184s] Level 1:colcon.colcon_core.environment:checking '/home/shreyas/arm/install/arm/lib'
[0.184s] Level 1:colcon.colcon_core.environment:checking '/home/shreyas/arm/install/arm/bin'
[0.184s] Level 1:colcon.colcon_core.environment:checking '/home/shreyas/arm/install/arm/lib/pkgconfig/arm.pc'
[0.184s] Level 1:colcon.colcon_core.environment:checking '/home/shreyas/arm/install/arm/lib/python3.12/site-packages'
[0.184s] Level 1:colcon.colcon_core.environment:checking '/home/shreyas/arm/install/arm/bin'
[0.184s] INFO:colcon.colcon_core.shell:Creating package script '/home/shreyas/arm/install/arm/share/arm/package.ps1'
[0.184s] INFO:colcon.colcon_core.shell:Creating package descriptor '/home/shreyas/arm/install/arm/share/arm/package.dsv'
[0.185s] INFO:colcon.colcon_core.shell:Creating package script '/home/shreyas/arm/install/arm/share/arm/package.sh'
[0.185s] INFO:colcon.colcon_core.shell:Creating package script '/home/shreyas/arm/install/arm/share/arm/package.bash'
[0.186s] INFO:colcon.colcon_core.shell:Creating package script '/home/shreyas/arm/install/arm/share/arm/package.zsh'
[0.186s] Level 1:colcon.colcon_core.environment:create_file_with_runtime_dependencies(/home/shreyas/arm/install/arm/share/colcon-core/packages/arm)
[0.187s] INFO:colcon.colcon_ros.task.ament_cmake.build:Building ROS package in '/home/shreyas/arm/src/arm_moveit' with build type 'ament_cmake'
[0.187s] INFO:colcon.colcon_cmake.task.cmake.build:Building CMake package in '/home/shreyas/arm/src/arm_moveit'
[0.187s] INFO:colcon.colcon_core.shell:Skip shell extension 'powershell' for command environment: Not usable outside of PowerShell
[0.187s] DEBUG:colcon.colcon_core.shell:Skip shell extension 'dsv' for command environment
[0.194s] DEBUG:colcon.colcon_core.event_handler.log_command:Invoking command in '/home/shreyas/arm/build/arm_moveit': CMAKE_PREFIX_PATH=/home/shreyas/arm/install/arm:/home/shreyas/arm/install/arm_bringup:/home/shreyas/arm/install/arm_moveit:/home/shreyas/arm/install/arm_commander_cpp:/home/shreyas/arm/install/arm_interfaces:/opt/ros/jazzy/opt/gz_launch_vendor:/opt/ros/jazzy/opt/gz_sim_vendor:/opt/ros/jazzy/opt/gz_sensors_vendor:/opt/ros/jazzy/opt/gz_physics_vendor:/opt/ros/jazzy/opt/sdformat_vendor:/opt/ros/jazzy/opt/gz_gui_vendor:/opt/ros/jazzy/opt/gz_transport_vendor:/opt/ros/jazzy/opt/gz_rendering_vendor:/opt/ros/jazzy/opt/gz_plugin_vendor:/opt/ros/jazzy/opt/gz_fuel_tools_vendor:/opt/ros/jazzy/opt/gz_msgs_vendor:/opt/ros/jazzy/opt/gz_common_vendor:/opt/ros/jazzy/opt/gz_math_vendor:/opt/ros/jazzy/opt/gz_utils_vendor:/opt/ros/jazzy/opt/gz_tools_vendor:/opt/ros/jazzy/opt/gz_ogre_next_vendor:/opt/ros/jazzy/opt/gz_dartsim_vendor:/opt/ros/jazzy/opt/gz_cmake_vendor:/opt/ros/jazzy DEBUGINFOD_URLS=https://debuginfod.ubuntu.com /usr/bin/cmake --build /home/shreyas/arm/build/arm_moveit -- -j20 -l20
[0.227s] DEBUG:colcon.colcon_core.event_handler.log_command:Invoked command in '/home/shreyas/arm/build/arm_moveit' returned '0': CMAKE_PREFIX_PATH=/home/shreyas/arm/install/arm:/home/shreyas/arm/install/arm_bringup:/home/shreyas/arm/install/arm_moveit:/home/shreyas/arm/install/arm_commander_cpp:/home/shreyas/arm/install/arm_interfaces:/opt/ros/jazzy/opt/gz_launch_vendor:/opt/ros/jazzy/opt/gz_sim_vendor:/opt/ros/jazzy/opt/gz_sensors_vendor:/opt/ros/jazzy/opt/gz_physics_vendor:/opt/ros/jazzy/opt/sdformat_vendor:/opt/ros/jazzy/opt/gz_gui_vendor:/opt/ros/jazzy/opt/gz_transport_vendor:/opt/ros/jazzy/opt/gz_rendering_vendor:/opt/ros/jazzy/opt/gz_plugin_vendor:/opt/ros/jazzy/opt/gz_fuel_tools_vendor:/opt/ros/jazzy/opt/gz_msgs_vendor:/opt/ros/jazzy/opt/gz_common_vendor:/opt/ros/jazzy/opt/gz_math_vendor:/opt/ros/jazzy/opt/gz_utils_vendor:/opt/ros/jazzy/opt/gz_tools_vendor:/opt/ros/jazzy/opt/gz_ogre_next_vendor:/opt/ros/jazzy/opt/gz_dartsim_vendor:/opt/ros/jazzy/opt/gz_cmake_vendor:/opt/ros/jazzy DEBUGINFOD_URLS=https://debuginfod.ubuntu.com /usr/bin/cmake --build /home/shreyas/arm/build/arm_moveit -- -j20 -l20
[0.228s] DEBUG:colcon.colcon_core.event_handler.log_command:Invoking command in '/home/shreyas/arm/build/arm_moveit': CMAKE_PREFIX_PATH=/home/shreyas/arm/install/arm:/home/shreyas/arm/install/arm_bringup:/home/shreyas/arm/install/arm_moveit:/home/shreyas/arm/install/arm_commander_cpp:/home/shreyas/arm/install/arm_interfaces:/opt/ros/jazzy/opt/gz_launch_vendor:/opt/ros/jazzy/opt/gz_sim_vendor:/opt/ros/jazzy/opt/gz_sensors_vendor:/opt/ros/jazzy/opt/gz_physics_vendor:/opt/ros/jazzy/opt/sdformat_vendor:/opt/ros/jazzy/opt/gz_gui_vendor:/opt/ros/jazzy/opt/gz_transport_vendor:/opt/ros/jazzy/opt/gz_rendering_vendor:/opt/ros/jazzy/opt/gz_plugin_vendor:/opt/ros/jazzy/opt/gz_fuel_tools_vendor:/opt/ros/jazzy/opt/gz_msgs_vendor:/opt/ros/jazzy/opt/gz_common_vendor:/opt/ros/jazzy/opt/gz_math_vendor:/opt/ros/jazzy/opt/gz_utils_vendor:/opt/ros/jazzy/opt/gz_tools_vendor:/opt/ros/jazzy/opt/gz_ogre_next_vendor:/opt/ros/jazzy/opt/gz_dartsim_vendor:/opt/ros/jazzy/opt/gz_cmake_vendor:/opt/ros/jazzy DEBUGINFOD_URLS=https://debuginfod.ubuntu.com /usr/bin/cmake --install /home/shreyas/arm/build/arm_moveit
[0.237s] Level 1:colcon.colcon_core.environment:create_environment_scripts_only(arm_moveit)
[0.238s] Level 1:colcon.colcon_core.environment:checking '/home/shreyas/arm/install/arm_moveit' for CMake module files
[0.238s] Level 1:colcon.colcon_core.environment:checking '/home/shreyas/arm/install/arm_moveit' for CMake config files
[0.238s] DEBUG:colcon.colcon_core.event_handler.log_command:Invoked command in '/home/shreyas/arm/build/arm_moveit' returned '0': CMAKE_PREFIX_PATH=/home/shreyas/arm/install/arm:/home/shreyas/arm/install/arm_bringup:/home/shreyas/arm/install/arm_moveit:/home/shreyas/arm/install/arm_commander_cpp:/home/shreyas/arm/install/arm_interfaces:/opt/ros/jazzy/opt/gz_launch_vendor:/opt/ros/jazzy/opt/gz_sim_vendor:/opt/ros/jazzy/opt/gz_sensors_vendor:/opt/ros/jazzy/opt/gz_physics_vendor:/opt/ros/jazzy/opt/sdformat_vendor:/opt/ros/jazzy/opt/gz_gui_vendor:/opt/ros/jazzy/opt/gz_transport_vendor:/opt/ros/jazzy/opt/gz_rendering_vendor:/opt/ros/jazzy/opt/gz_plugin_vendor:/opt/ros/jazzy/opt/gz_fuel_tools_vendor:/opt/ros/jazzy/opt/gz_msgs_vendor:/opt/ros/jazzy/opt/gz_common_vendor:/opt/ros/jazzy/opt/gz_math_vendor:/opt/ros/jazzy/opt/gz_utils_vendor:/opt/ros/jazzy/opt/gz_tools_vendor:/opt/ros/jazzy/opt/gz_ogre_next_vendor:/opt/ros/jazzy/opt/gz_dartsim_vendor:/opt/ros/jazzy/opt/gz_cmake_vendor:/opt/ros/jazzy DEBUGINFOD_URLS=https://debuginfod.ubuntu.com /usr/bin/cmake --install /home/shreyas/arm/build/arm_moveit
[0.238s] Level 1:colcon.colcon_core.shell:create_environment_hook('arm_moveit', 'cmake_prefix_path')
[0.238s] INFO:colcon.colcon_core.shell:Creating environment hook '/home/shreyas/arm/install/arm_moveit/share/arm_moveit/hook/cmake_prefix_path.ps1'
[0.239s] INFO:colcon.colcon_core.shell:Creating environment descriptor '/home/shreyas/arm/install/arm_moveit/share/arm_moveit/hook/cmake_prefix_path.dsv'
[0.239s] INFO:colcon.colcon_core.shell:Creating environment hook '/home/shreyas/arm/install/arm_moveit/share/arm_moveit/hook/cmake_prefix_path.sh'
[0.239s] Level 1:colcon.colcon_core.environment:checking '/home/shreyas/arm/install/arm_moveit/bin'
[0.239s] Level 1:colcon.colcon_core.environment:checking '/home/shreyas/arm/install/arm_moveit/lib/pkgconfig/arm_moveit.pc'
[0.239s] Level 1:colcon.colcon_core.environment:checking '/home/shreyas/arm/install/arm_moveit/lib/python3.12/site-packages'
[0.240s] Level 1:colcon.colcon_core.environment:checking '/home/shreyas/arm/install/arm_moveit/bin'
[0.240s] INFO:colcon.colcon_core.shell:Creating package script '/home/shreyas/arm/install/arm_moveit/share/arm_moveit/package.ps1'
[0.240s] INFO:colcon.colcon_core.shell:Creating package descriptor '/home/shreyas/arm/install/arm_moveit/share/arm_moveit/package.dsv'
[0.240s] INFO:colcon.colcon_core.shell:Creating package script '/home/shreyas/arm/install/arm_moveit/share/arm_moveit/package.sh'
[0.240s] INFO:colcon.colcon_core.shell:Creating package script '/home/shreyas/arm/install/arm_moveit/share/arm_moveit/package.bash'
[0.240s] INFO:colcon.colcon_core.shell:Creating package script '/home/shreyas/arm/install/arm_moveit/share/arm_moveit/package.zsh'
[0.241s] Level 1:colcon.colcon_core.environment:create_file_with_runtime_dependencies(/home/shreyas/arm/install/arm_moveit/share/colcon-core/packages/arm_moveit)
[0.241s] Level 1:colcon.colcon_core.environment:create_environment_scripts_only(arm_moveit)
[0.241s] Level 1:colcon.colcon_core.environment:checking '/home/shreyas/arm/install/arm_moveit' for CMake module files
[0.241s] Level 1:colcon.colcon_core.environment:checking '/home/shreyas/arm/install/arm_moveit' for CMake config files
[0.241s] Level 1:colcon.colcon_core.shell:create_environment_hook('arm_moveit', 'cmake_prefix_path')
[0.241s] INFO:colcon.colcon_core.shell:Creating environment hook '/home/shreyas/arm/install/arm_moveit/share/arm_moveit/hook/cmake_prefix_path.ps1'
[0.241s] INFO:colcon.colcon_core.shell:Creating environment descriptor '/home/shreyas/arm/install/arm_moveit/share/arm_moveit/hook/cmake_prefix_path.dsv'
[0.242s] INFO:colcon.colcon_core.shell:Creating environment hook '/home/shreyas/arm/install/arm_moveit/share/arm_moveit/hook/cmake_prefix_path.sh'
[0.242s] Level 1:colcon.colcon_core.environment:checking '/home/shreyas/arm/install/arm_moveit/bin'
[0.242s] Level 1:colcon.colcon_core.environment:checking '/home/shreyas/arm/install/arm_moveit/lib/pkgconfig/arm_moveit.pc'
[0.242s] Level 1:colcon.colcon_core.environment:checking '/home/shreyas/arm/install/arm_moveit/lib/python3.12/site-packages'
[0.242s] Level 1:colcon.colcon_core.environment:checking '/home/shreyas/arm/install/arm_moveit/bin'
[0.243s] INFO:colcon.colcon_core.shell:Creating package script '/home/shreyas/arm/install/arm_moveit/share/arm_moveit/package.ps1'
[0.243s] INFO:colcon.colcon_core.shell:Creating package descriptor '/home/shreyas/arm/install/arm_moveit/share/arm_moveit/package.dsv'
[0.243s] INFO:colcon.colcon_core.shell:Creating package script '/home/shreyas/arm/install/arm_moveit/share/arm_moveit/package.sh'
[0.243s] INFO:colcon.colcon_core.shell:Creating package script '/home/shreyas/arm/install/arm_moveit/share/arm_moveit/package.bash'
[0.244s] INFO:colcon.colcon_core.shell:Creating package script '/home/shreyas/arm/install/arm_moveit/share/arm_moveit/package.zsh'
[0.244s] Level 1:colcon.colcon_core.environment:create_file_with_runtime_dependencies(/home/shreyas/arm/install/arm_moveit/share/colcon-core/packages/arm_moveit)
[0.244s] INFO:colcon.colcon_ros.task.ament_cmake.build:Building ROS package in '/home/shreyas/arm/src/arm_bringup' with build type 'ament_cmake'
[0.244s] INFO:colcon.colcon_cmake.task.cmake.build:Building CMake package in '/home/shreyas/arm/src/arm_bringup'
[0.244s] INFO:colcon.colcon_core.shell:Skip shell extension 'powershell' for command environment: Not usable outside of PowerShell
[0.244s] DEBUG:colcon.colcon_core.shell:Skip shell extension 'dsv' for command environment
[0.253s] DEBUG:colcon.colcon_core.event_handler.log_command:Invoking command in '/home/shreyas/arm/build/arm_bringup': CMAKE_PREFIX_PATH=/home/shreyas/arm/install/arm_moveit:/home/shreyas/arm/install/arm:/home/shreyas/arm/install/arm_bringup:/home/shreyas/arm/install/arm_commander_cpp:/home/shreyas/arm/install/arm_interfaces:/opt/ros/jazzy/opt/gz_launch_vendor:/opt/ros/jazzy/opt/gz_sim_vendor:/opt/ros/jazzy/opt/gz_sensors_vendor:/opt/ros/jazzy/opt/gz_physics_vendor:/opt/ros/jazzy/opt/sdformat_vendor:/opt/ros/jazzy/opt/gz_gui_vendor:/opt/ros/jazzy/opt/gz_transport_vendor:/opt/ros/jazzy/opt/gz_rendering_vendor:/opt/ros/jazzy/opt/gz_plugin_vendor:/opt/ros/jazzy/opt/gz_fuel_tools_vendor:/opt/ros/jazzy/opt/gz_msgs_vendor:/opt/ros/jazzy/opt/gz_common_vendor:/opt/ros/jazzy/opt/gz_math_vendor:/opt/ros/jazzy/opt/gz_utils_vendor:/opt/ros/jazzy/opt/gz_tools_vendor:/opt/ros/jazzy/opt/gz_ogre_next_vendor:/opt/ros/jazzy/opt/gz_dartsim_vendor:/opt/ros/jazzy/opt/gz_cmake_vendor:/opt/ros/jazzy DEBUGINFOD_URLS=https://debuginfod.ubuntu.com /usr/bin/cmake --build /home/shreyas/arm/build/arm_bringup -- -j20 -l20
[0.281s] DEBUG:colcon.colcon_core.event_handler.log_command:Invoked command in '/home/shreyas/arm/build/arm_bringup' returned '0': CMAKE_PREFIX_PATH=/home/shreyas/arm/install/arm_moveit:/home/shreyas/arm/install/arm:/home/shreyas/arm/install/arm_bringup:/home/shreyas/arm/install/arm_commander_cpp:/home/shreyas/arm/install/arm_interfaces:/opt/ros/jazzy/opt/gz_launch_vendor:/opt/ros/jazzy/opt/gz_sim_vendor:/opt/ros/jazzy/opt/gz_sensors_vendor:/opt/ros/jazzy/opt/gz_physics_vendor:/opt/ros/jazzy/opt/sdformat_vendor:/opt/ros/jazzy/opt/gz_gui_vendor:/opt/ros/jazzy/opt/gz_transport_vendor:/opt/ros/jazzy/opt/gz_rendering_vendor:/opt/ros/jazzy/opt/gz_plugin_vendor:/opt/ros/jazzy/opt/gz_fuel_tools_vendor:/opt/ros/jazzy/opt/gz_msgs_vendor:/opt/ros/jazzy/opt/gz_common_vendor:/opt/ros/jazzy/opt/gz_math_vendor:/opt/ros/jazzy/opt/gz_utils_vendor:/opt/ros/jazzy/opt/gz_tools_vendor:/opt/ros/jazzy/opt/gz_ogre_next_vendor:/opt/ros/jazzy/opt/gz_dartsim_vendor:/opt/ros/jazzy/opt/gz_cmake_vendor:/opt/ros/jazzy DEBUGINFOD_URLS=https://debuginfod.ubuntu.com /usr/bin/cmake --build /home/shreyas/arm/build/arm_bringup -- -j20 -l20
[0.282s] DEBUG:colcon.colcon_core.event_handler.log_command:Invoking command in '/home/shreyas/arm/build/arm_bringup': CMAKE_PREFIX_PATH=/home/shreyas/arm/install/arm_moveit:/home/shreyas/arm/install/arm:/home/shreyas/arm/install/arm_bringup:/home/shreyas/arm/install/arm_commander_cpp:/home/shreyas/arm/install/arm_interfaces:/opt/ros/jazzy/opt/gz_launch_vendor:/opt/ros/jazzy/opt/gz_sim_vendor:/opt/ros/jazzy/opt/gz_sensors_vendor:/opt/ros/jazzy/opt/gz_physics_vendor:/opt/ros/jazzy/opt/sdformat_vendor:/opt/ros/jazzy/opt/gz_gui_vendor:/opt/ros/jazzy/opt/gz_transport_vendor:/opt/ros/jazzy/opt/gz_rendering_vendor:/opt/ros/jazzy/opt/gz_plugin_vendor:/opt/ros/jazzy/opt/gz_fuel_tools_vendor:/opt/ros/jazzy/opt/gz_msgs_vendor:/opt/ros/jazzy/opt/gz_common_vendor:/opt/ros/jazzy/opt/gz_math_vendor:/opt/ros/jazzy/opt/gz_utils_vendor:/opt/ros/jazzy/opt/gz_tools_vendor:/opt/ros/jazzy/opt/gz_ogre_next_vendor:/opt/ros/jazzy/opt/gz_dartsim_vendor:/opt/ros/jazzy/opt/gz_cmake_vendor:/opt/ros/jazzy DEBUGINFOD_URLS=https://debuginfod.ubuntu.com /usr/bin/cmake --install /home/shreyas/arm/build/arm_bringup
[0.292s] Level 1:colcon.colcon_core.environment:create_environment_scripts_only(arm_bringup)
[0.292s] Level 1:colcon.colcon_core.environment:checking '/home/shreyas/arm/install/arm_bringup' for CMake module files
[0.293s] DEBUG:colcon.colcon_core.event_handler.log_command:Invoked command in '/home/shreyas/arm/build/arm_bringup' returned '0': CMAKE_PREFIX_PATH=/home/shreyas/arm/install/arm_moveit:/home/shreyas/arm/install/arm:/home/shreyas/arm/install/arm_bringup:/home/shreyas/arm/install/arm_commander_cpp:/home/shreyas/arm/install/arm_interfaces:/opt/ros/jazzy/opt/gz_launch_vendor:/opt/ros/jazzy/opt/gz_sim_vendor:/opt/ros/jazzy/opt/gz_sensors_vendor:/opt/ros/jazzy/opt/gz_physics_vendor:/opt/ros/jazzy/opt/sdformat_vendor:/opt/ros/jazzy/opt/gz_gui_vendor:/opt/ros/jazzy/opt/gz_transport_vendor:/opt/ros/jazzy/opt/gz_rendering_vendor:/opt/ros/jazzy/opt/gz_plugin_vendor:/opt/ros/jazzy/opt/gz_fuel_tools_vendor:/opt/ros/jazzy/opt/gz_msgs_vendor:/opt/ros/jazzy/opt/gz_common_vendor:/opt/ros/jazzy/opt/gz_math_vendor:/opt/ros/jazzy/opt/gz_utils_vendor:/opt/ros/jazzy/opt/gz_tools_vendor:/opt/ros/jazzy/opt/gz_ogre_next_vendor:/opt/ros/jazzy/opt/gz_dartsim_vendor:/opt/ros/jazzy/opt/gz_cmake_vendor:/opt/ros/jazzy DEBUGINFOD_URLS=https://debuginfod.ubuntu.com /usr/bin/cmake --install /home/shreyas/arm/build/arm_bringup
[0.293s] Level 1:colcon.colcon_core.environment:checking '/home/shreyas/arm/install/arm_bringup' for CMake config files
[0.293s] Level 1:colcon.colcon_core.shell:create_environment_hook('arm_bringup', 'cmake_prefix_path')
[0.293s] INFO:colcon.colcon_core.shell:Creating environment hook '/home/shreyas/arm/install/arm_bringup/share/arm_bringup/hook/cmake_prefix_path.ps1'
[0.293s] INFO:colcon.colcon_core.shell:Creating environment descriptor '/home/shreyas/arm/install/arm_bringup/share/arm_bringup/hook/cmake_prefix_path.dsv'
[0.294s] INFO:colcon.colcon_core.shell:Creating environment hook '/home/shreyas/arm/install/arm_bringup/share/arm_bringup/hook/cmake_prefix_path.sh'
[0.294s] Level 1:colcon.colcon_core.environment:checking '/home/shreyas/arm/install/arm_bringup/bin'
[0.294s] Level 1:colcon.colcon_core.environment:checking '/home/shreyas/arm/install/arm_bringup/lib/pkgconfig/arm_bringup.pc'
[0.294s] Level 1:colcon.colcon_core.environment:checking '/home/shreyas/arm/install/arm_bringup/lib/python3.12/site-packages'
[0.294s] Level 1:colcon.colcon_core.environment:checking '/home/shreyas/arm/install/arm_bringup/bin'
[0.294s] INFO:colcon.colcon_core.shell:Creating package script '/home/shreyas/arm/install/arm_bringup/share/arm_bringup/package.ps1'
[0.295s] INFO:colcon.colcon_core.shell:Creating package descriptor '/home/shreyas/arm/install/arm_bringup/share/arm_bringup/package.dsv'
[0.295s] INFO:colcon.colcon_core.shell:Creating package script '/home/shreyas/arm/install/arm_bringup/share/arm_bringup/package.sh'
[0.295s] INFO:colcon.colcon_core.shell:Creating package script '/home/shreyas/arm/install/arm_bringup/share/arm_bringup/package.bash'
[0.295s] INFO:colcon.colcon_core.shell:Creating package script '/home/shreyas/arm/install/arm_bringup/share/arm_bringup/package.zsh'
[0.295s] Level 1:colcon.colcon_core.environment:create_file_with_runtime_dependencies(/home/shreyas/arm/install/arm_bringup/share/colcon-core/packages/arm_bringup)
[0.296s] Level 1:colcon.colcon_core.environment:create_environment_scripts_only(arm_bringup)
[0.296s] Level 1:colcon.colcon_core.environment:checking '/home/shreyas/arm/install/arm_bringup' for CMake module files
[0.296s] Level 1:colcon.colcon_core.environment:checking '/home/shreyas/arm/install/arm_bringup' for CMake config files
[0.296s] Level 1:colcon.colcon_core.shell:create_environment_hook('arm_bringup', 'cmake_prefix_path')
[0.296s] INFO:colcon.colcon_core.shell:Creating environment hook '/home/shreyas/arm/install/arm_bringup/share/arm_bringup/hook/cmake_prefix_path.ps1'
[0.297s] INFO:colcon.colcon_core.shell:Creating environment descriptor '/home/shreyas/arm/install/arm_bringup/share/arm_bringup/hook/cmake_prefix_path.dsv'
[0.297s] INFO:colcon.colcon_core.shell:Creating environment hook '/home/shreyas/arm/install/arm_bringup/share/arm_bringup/hook/cmake_prefix_path.sh'
[0.297s] Level 1:colcon.colcon_core.environment:checking '/home/shreyas/arm/install/arm_bringup/bin'
[0.297s] Level 1:colcon.colcon_core.environment:checking '/home/shreyas/arm/install/arm_bringup/lib/pkgconfig/arm_bringup.pc'
[0.297s] Level 1:colcon.colcon_core.environment:checking '/home/shreyas/arm/install/arm_bringup/lib/python3.12/site-packages'
[0.297s] Level 1:colcon.colcon_core.environment:checking '/home/shreyas/arm/install/arm_bringup/bin'
[0.298s] INFO:colcon.colcon_core.shell:Creating package script '/home/shreyas/arm/install/arm_bringup/share/arm_bringup/package.ps1'
[0.298s] INFO:colcon.colcon_core.shell:Creating package descriptor '/home/shreyas/arm/install/arm_bringup/share/arm_bringup/package.dsv'
[0.298s] INFO:colcon.colcon_core.shell:Creating package script '/home/shreyas/arm/install/arm_bringup/share/arm_bringup/package.sh'
[0.298s] INFO:colcon.colcon_core.shell:Creating package script '/home/shreyas/arm/install/arm_bringup/share/arm_bringup/package.bash'
[0.298s] INFO:colcon.colcon_core.shell:Creating package script '/home/shreyas/arm/install/arm_bringup/share/arm_bringup/package.zsh'
[0.298s] Level 1:colcon.colcon_core.environment:create_file_with_runtime_dependencies(/home/shreyas/arm/install/arm_bringup/share/colcon-core/packages/arm_bringup)
[0.372s] DEBUG:colcon.colcon_core.event_handler.log_command:Invoked command in '/home/shreyas/arm/build/arm_interfaces' returned '0': CMAKE_PREFIX_PATH=${CMAKE_PREFIX_PATH}:/opt/ros/jazzy DEBUGINFOD_URLS=https://debuginfod.ubuntu.com /usr/bin/cmake --build /home/shreyas/arm/build/arm_interfaces -- -j20 -l20
[0.374s] DEBUG:colcon.colcon_core.event_handler.log_command:Invoking command in '/home/shreyas/arm/build/arm_interfaces': CMAKE_PREFIX_PATH=${CMAKE_PREFIX_PATH}:/opt/ros/jazzy DEBUGINFOD_URLS=https://debuginfod.ubuntu.com /usr/bin/cmake --install /home/shreyas/arm/build/arm_interfaces
[0.412s] Level 1:colcon.colcon_core.environment:create_environment_scripts_only(arm_interfaces)
[0.412s] Level 1:colcon.colcon_core.environment:checking '/home/shreyas/arm/install/arm_interfaces' for CMake module files
[0.412s] Level 1:colcon.colcon_core.environment:checking '/home/shreyas/arm/install/arm_interfaces' for CMake config files
[0.413s] Level 1:colcon.colcon_core.shell:create_environment_hook('arm_interfaces', 'cmake_prefix_path')
[0.413s] INFO:colcon.colcon_core.shell:Creating environment hook '/home/shreyas/arm/install/arm_interfaces/share/arm_interfaces/hook/cmake_prefix_path.ps1'
[0.413s] INFO:colcon.colcon_core.shell:Creating environment descriptor '/home/shreyas/arm/install/arm_interfaces/share/arm_interfaces/hook/cmake_prefix_path.dsv'
[0.413s] INFO:colcon.colcon_core.shell:Creating environment hook '/home/shreyas/arm/install/arm_interfaces/share/arm_interfaces/hook/cmake_prefix_path.sh'
[0.413s] Level 1:colcon.colcon_core.environment:checking '/home/shreyas/arm/install/arm_interfaces/lib'
[0.413s] Level 1:colcon.colcon_core.shell:create_environment_hook('arm_interfaces', 'ld_library_path_lib')
[0.413s] INFO:colcon.colcon_core.shell:Creating environment hook '/home/shreyas/arm/install/arm_interfaces/share/arm_interfaces/hook/ld_library_path_lib.ps1'
[0.414s] INFO:colcon.colcon_core.shell:Creating environment descriptor '/home/shreyas/arm/install/arm_interfaces/share/arm_interfaces/hook/ld_library_path_lib.dsv'
[0.414s] INFO:colcon.colcon_core.shell:Creating environment hook '/home/shreyas/arm/install/arm_interfaces/share/arm_interfaces/hook/ld_library_path_lib.sh'
[0.414s] Level 1:colcon.colcon_core.environment:checking '/home/shreyas/arm/install/arm_interfaces/bin'
[0.414s] Level 1:colcon.colcon_core.environment:checking '/home/shreyas/arm/install/arm_interfaces/lib/pkgconfig/arm_interfaces.pc'
[0.414s] Level 1:colcon.colcon_core.environment:checking '/home/shreyas/arm/install/arm_interfaces/lib/python3.12/site-packages'
[0.414s] Level 1:colcon.colcon_core.shell:create_environment_hook('arm_interfaces', 'pythonpath')
[0.414s] INFO:colcon.colcon_core.shell:Creating environment hook '/home/shreyas/arm/install/arm_interfaces/share/arm_interfaces/hook/pythonpath.ps1'
[0.415s] DEBUG:colcon.colcon_core.event_handler.log_command:Invoked command in '/home/shreyas/arm/build/arm_interfaces' returned '0': CMAKE_PREFIX_PATH=${CMAKE_PREFIX_PATH}:/opt/ros/jazzy DEBUGINFOD_URLS=https://debuginfod.ubuntu.com /usr/bin/cmake --install /home/shreyas/arm/build/arm_interfaces
[0.415s] INFO:colcon.colcon_core.shell:Creating environment descriptor '/home/shreyas/arm/install/arm_interfaces/share/arm_interfaces/hook/pythonpath.dsv'
[0.415s] INFO:colcon.colcon_core.shell:Creating environment hook '/home/shreyas/arm/install/arm_interfaces/share/arm_interfaces/hook/pythonpath.sh'
[0.415s] Level 1:colcon.colcon_core.environment:checking '/home/shreyas/arm/install/arm_interfaces/bin'
[0.415s] INFO:colcon.colcon_core.shell:Creating package script '/home/shreyas/arm/install/arm_interfaces/share/arm_interfaces/package.ps1'
[0.416s] INFO:colcon.colcon_core.shell:Creating package descriptor '/home/shreyas/arm/install/arm_interfaces/share/arm_interfaces/package.dsv'
[0.416s] INFO:colcon.colcon_core.shell:Creating package script '/home/shreyas/arm/install/arm_interfaces/share/arm_interfaces/package.sh'
[0.416s] INFO:colcon.colcon_core.shell:Creating package script '/home/shreyas/arm/install/arm_interfaces/share/arm_interfaces/package.bash'
[0.416s] INFO:colcon.colcon_core.shell:Creating package script '/home/shreyas/arm/install/arm_interfaces/share/arm_interfaces/package.zsh'
[0.416s] Level 1:colcon.colcon_core.environment:create_file_with_runtime_dependencies(/home/shreyas/arm/install/arm_interfaces/share/colcon-core/packages/arm_interfaces)
[0.417s] Level 1:colcon.colcon_core.environment:create_environment_scripts_only(arm_interfaces)
[0.417s] Level 1:colcon.colcon_core.environment:checking '/home/shreyas/arm/install/arm_interfaces' for CMake module files
[0.417s] Level 1:colcon.colcon_core.environment:checking '/home/shreyas/arm/install/arm_interfaces' for CMake config files
[0.417s] Level 1:colcon.colcon_core.shell:create_environment_hook('arm_interfaces', 'cmake_prefix_path')
[0.417s] INFO:colcon.colcon_core.shell:Creating environment hook '/home/shreyas/arm/install/arm_interfaces/share/arm_interfaces/hook/cmake_prefix_path.ps1'
[0.417s] INFO:colcon.colcon_core.shell:Creating environment descriptor '/home/shreyas/arm/install/arm_interfaces/share/arm_interfaces/hook/cmake_prefix_path.dsv'
[0.417s] INFO:colcon.colcon_core.shell:Creating environment hook '/home/shreyas/arm/install/arm_interfaces/share/arm_interfaces/hook/cmake_prefix_path.sh'
[0.418s] Level 1:colcon.colcon_core.environment:checking '/home/shreyas/arm/install/arm_interfaces/lib'
[0.418s] Level 1:colcon.colcon_core.shell:create_environment_hook('arm_interfaces', 'ld_library_path_lib')
[0.418s] INFO:colcon.colcon_core.shell:Creating environment hook '/home/shreyas/arm/install/arm_interfaces/share/arm_interfaces/hook/ld_library_path_lib.ps1'
[0.418s] INFO:colcon.colcon_core.shell:Creating environment descriptor '/home/shreyas/arm/install/arm_interfaces/share/arm_interfaces/hook/ld_library_path_lib.dsv'
[0.418s] INFO:colcon.colcon_core.shell:Creating environment hook '/home/shreyas/arm/install/arm_interfaces/share/arm_interfaces/hook/ld_library_path_lib.sh'
[0.418s] Level 1:colcon.colcon_core.environment:checking '/home/shreyas/arm/install/arm_interfaces/bin'
[0.418s] Level 1:colcon.colcon_core.environment:checking '/home/shreyas/arm/install/arm_interfaces/lib/pkgconfig/arm_interfaces.pc'
[0.418s] Level 1:colcon.colcon_core.environment:checking '/home/shreyas/arm/install/arm_interfaces/lib/python3.12/site-packages'
[0.418s] Level 1:colcon.colcon_core.shell:create_environment_hook('arm_interfaces', 'pythonpath')
[0.419s] INFO:colcon.colcon_core.shell:Creating environment hook '/home/shreyas/arm/install/arm_interfaces/share/arm_interfaces/hook/pythonpath.ps1'
[0.419s] INFO:colcon.colcon_core.shell:Creating environment descriptor '/home/shreyas/arm/install/arm_interfaces/share/arm_interfaces/hook/pythonpath.dsv'
[0.419s] INFO:colcon.colcon_core.shell:Creating environment hook '/home/shreyas/arm/install/arm_interfaces/share/arm_interfaces/hook/pythonpath.sh'
[0.419s] Level 1:colcon.colcon_core.environment:checking '/home/shreyas/arm/install/arm_interfaces/bin'
[0.419s] INFO:colcon.colcon_core.shell:Creating package script '/home/shreyas/arm/install/arm_interfaces/share/arm_interfaces/package.ps1'
[0.419s] INFO:colcon.colcon_core.shell:Creating package descriptor '/home/shreyas/arm/install/arm_interfaces/share/arm_interfaces/package.dsv'
[0.420s] INFO:colcon.colcon_core.shell:Creating package script '/home/shreyas/arm/install/arm_interfaces/share/arm_interfaces/package.sh'
[0.420s] INFO:colcon.colcon_core.shell:Creating package script '/home/shreyas/arm/install/arm_interfaces/share/arm_interfaces/package.bash'
[0.420s] INFO:colcon.colcon_core.shell:Creating package script '/home/shreyas/arm/install/arm_interfaces/share/arm_interfaces/package.zsh'
[0.420s] Level 1:colcon.colcon_core.environment:create_file_with_runtime_dependencies(/home/shreyas/arm/install/arm_interfaces/share/colcon-core/packages/arm_interfaces)
[0.420s] INFO:colcon.colcon_ros.task.ament_cmake.build:Building ROS package in '/home/shreyas/arm/src/arm_commander_cpp' with build type 'ament_cmake'
[0.420s] INFO:colcon.colcon_cmake.task.cmake.build:Building CMake package in '/home/shreyas/arm/src/arm_commander_cpp'
[0.421s] INFO:colcon.colcon_core.shell:Skip shell extension 'powershell' for command environment: Not usable outside of PowerShell
[0.421s] DEBUG:colcon.colcon_core.shell:Skip shell extension 'dsv' for command environment
[0.430s] DEBUG:colcon.colcon_core.event_handler.log_command:Invoking command in '/home/shreyas/arm/build/arm_commander_cpp': CMAKE_PREFIX_PATH=/home/shreyas/arm/install/arm_interfaces:/home/shreyas/arm/install/arm_bringup:/home/shreyas/arm/install/arm_moveit:/home/shreyas/arm/install/arm_commander_cpp:/home/shreyas/arm/install/arm:/opt/ros/jazzy/opt/gz_launch_vendor:/opt/ros/jazzy/opt/gz_sim_vendor:/opt/ros/jazzy/opt/gz_sensors_vendor:/opt/ros/jazzy/opt/gz_physics_vendor:/opt/ros/jazzy/opt/sdformat_vendor:/opt/ros/jazzy/opt/gz_gui_vendor:/opt/ros/jazzy/opt/gz_transport_vendor:/opt/ros/jazzy/opt/gz_rendering_vendor:/opt/ros/jazzy/opt/gz_plugin_vendor:/opt/ros/jazzy/opt/gz_fuel_tools_vendor:/opt/ros/jazzy/opt/gz_msgs_vendor:/opt/ros/jazzy/opt/gz_common_vendor:/opt/ros/jazzy/opt/gz_math_vendor:/opt/ros/jazzy/opt/gz_utils_vendor:/opt/ros/jazzy/opt/gz_tools_vendor:/opt/ros/jazzy/opt/gz_ogre_next_vendor:/opt/ros/jazzy/opt/gz_dartsim_vendor:/opt/ros/jazzy/opt/gz_cmake_vendor:/opt/ros/jazzy DEBUGINFOD_URLS=https://debuginfod.ubuntu.com /usr/bin/cmake --build /home/shreyas/arm/build/arm_commander_cpp -- -j20 -l20
[0.479s] DEBUG:colcon.colcon_core.event_handler.log_command:Invoked command in '/home/shreyas/arm/build/arm_commander_cpp' returned '0': CMAKE_PREFIX_PATH=/home/shreyas/arm/install/arm_interfaces:/home/shreyas/arm/install/arm_bringup:/home/shreyas/arm/install/arm_moveit:/home/shreyas/arm/install/arm_commander_cpp:/home/shreyas/arm/install/arm:/opt/ros/jazzy/opt/gz_launch_vendor:/opt/ros/jazzy/opt/gz_sim_vendor:/opt/ros/jazzy/opt/gz_sensors_vendor:/opt/ros/jazzy/opt/gz_physics_vendor:/opt/ros/jazzy/opt/sdformat_vendor:/opt/ros/jazzy/opt/gz_gui_vendor:/opt/ros/jazzy/opt/gz_transport_vendor:/opt/ros/jazzy/opt/gz_rendering_vendor:/opt/ros/jazzy/opt/gz_plugin_vendor:/opt/ros/jazzy/opt/gz_fuel_tools_vendor:/opt/ros/jazzy/opt/gz_msgs_vendor:/opt/ros/jazzy/opt/gz_common_vendor:/opt/ros/jazzy/opt/gz_math_vendor:/opt/ros/jazzy/opt/gz_utils_vendor:/opt/ros/jazzy/opt/gz_tools_vendor:/opt/ros/jazzy/opt/gz_ogre_next_vendor:/opt/ros/jazzy/opt/gz_dartsim_vendor:/opt/ros/jazzy/opt/gz_cmake_vendor:/opt/ros/jazzy DEBUGINFOD_URLS=https://debuginfod.ubuntu.com /usr/bin/cmake --build /home/shreyas/arm/build/arm_commander_cpp -- -j20 -l20
[0.479s] DEBUG:colcon.colcon_core.event_handler.log_command:Invoking command in '/home/shreyas/arm/build/arm_commander_cpp': CMAKE_PREFIX_PATH=/home/shreyas/arm/install/arm_interfaces:/home/shreyas/arm/install/arm_bringup:/home/shreyas/arm/install/arm_moveit:/home/shreyas/arm/install/arm_commander_cpp:/home/shreyas/arm/install/arm:/opt/ros/jazzy/opt/gz_launch_vendor:/opt/ros/jazzy/opt/gz_sim_vendor:/opt/ros/jazzy/opt/gz_sensors_vendor:/opt/ros/jazzy/opt/gz_physics_vendor:/opt/ros/jazzy/opt/sdformat_vendor:/opt/ros/jazzy/opt/gz_gui_vendor:/opt/ros/jazzy/opt/gz_transport_vendor:/opt/ros/jazzy/opt/gz_rendering_vendor:/opt/ros/jazzy/opt/gz_plugin_vendor:/opt/ros/jazzy/opt/gz_fuel_tools_vendor:/opt/ros/jazzy/opt/gz_msgs_vendor:/opt/ros/jazzy/opt/gz_common_vendor:/opt/ros/jazzy/opt/gz_math_vendor:/opt/ros/jazzy/opt/gz_utils_vendor:/opt/ros/jazzy/opt/gz_tools_vendor:/opt/ros/jazzy/opt/gz_ogre_next_vendor:/opt/ros/jazzy/opt/gz_dartsim_vendor:/opt/ros/jazzy/opt/gz_cmake_vendor:/opt/ros/jazzy DEBUGINFOD_URLS=https://debuginfod.ubuntu.com /usr/bin/cmake --install /home/shreyas/arm/build/arm_commander_cpp
[0.487s] Level 1:colcon.colcon_core.environment:create_environment_scripts_only(arm_commander_cpp)
[0.488s] Level 1:colcon.colcon_core.environment:checking '/home/shreyas/arm/install/arm_commander_cpp' for CMake module files
[0.488s] Level 1:colcon.colcon_core.environment:checking '/home/shreyas/arm/install/arm_commander_cpp' for CMake config files
[0.488s] DEBUG:colcon.colcon_core.event_handler.log_command:Invoked command in '/home/shreyas/arm/build/arm_commander_cpp' returned '0': CMAKE_PREFIX_PATH=/home/shreyas/arm/install/arm_interfaces:/home/shreyas/arm/install/arm_bringup:/home/shreyas/arm/install/arm_moveit:/home/shreyas/arm/install/arm_commander_cpp:/home/shreyas/arm/install/arm:/opt/ros/jazzy/opt/gz_launch_vendor:/opt/ros/jazzy/opt/gz_sim_vendor:/opt/ros/jazzy/opt/gz_sensors_vendor:/opt/ros/jazzy/opt/gz_physics_vendor:/opt/ros/jazzy/opt/sdformat_vendor:/opt/ros/jazzy/opt/gz_gui_vendor:/opt/ros/jazzy/opt/gz_transport_vendor:/opt/ros/jazzy/opt/gz_rendering_vendor:/opt/ros/jazzy/opt/gz_plugin_vendor:/opt/ros/jazzy/opt/gz_fuel_tools_vendor:/opt/ros/jazzy/opt/gz_msgs_vendor:/opt/ros/jazzy/opt/gz_common_vendor:/opt/ros/jazzy/opt/gz_math_vendor:/opt/ros/jazzy/opt/gz_utils_vendor:/opt/ros/jazzy/opt/gz_tools_vendor:/opt/ros/jazzy/opt/gz_ogre_next_vendor:/opt/ros/jazzy/opt/gz_dartsim_vendor:/opt/ros/jazzy/opt/gz_cmake_vendor:/opt/ros/jazzy DEBUGINFOD_URLS=https://debuginfod.ubuntu.com /usr/bin/cmake --install /home/shreyas/arm/build/arm_commander_cpp
[0.488s] Level 1:colcon.colcon_core.shell:create_environment_hook('arm_commander_cpp', 'cmake_prefix_path')
[0.489s] INFO:colcon.colcon_core.shell:Creating environment hook '/home/shreyas/arm/install/arm_commander_cpp/share/arm_commander_cpp/hook/cmake_prefix_path.ps1'
[0.489s] INFO:colcon.colcon_core.shell:Creating environment descriptor '/home/shreyas/arm/install/arm_commander_cpp/share/arm_commander_cpp/hook/cmake_prefix_path.dsv'
[0.489s] INFO:colcon.colcon_core.shell:Creating environment hook '/home/shreyas/arm/install/arm_commander_cpp/share/arm_commander_cpp/hook/cmake_prefix_path.sh'
[0.490s] Level 1:colcon.colcon_core.environment:checking '/home/shreyas/arm/install/arm_commander_cpp/lib'
[0.490s] Level 1:colcon.colcon_core.environment:checking '/home/shreyas/arm/install/arm_commander_cpp/bin'
[0.490s] Level 1:colcon.colcon_core.environment:checking '/home/shreyas/arm/install/arm_commander_cpp/lib/pkgconfig/arm_commander_cpp.pc'
[0.490s] Level 1:colcon.colcon_core.environment:checking '/home/shreyas/arm/install/arm_commander_cpp/lib/python3.12/site-packages'
[0.491s] Level 1:colcon.colcon_core.environment:checking '/home/shreyas/arm/install/arm_commander_cpp/bin'
[0.491s] INFO:colcon.colcon_core.shell:Creating package script '/home/shreyas/arm/install/arm_commander_cpp/share/arm_commander_cpp/package.ps1'
[0.491s] INFO:colcon.colcon_core.shell:Creating package descriptor '/home/shreyas/arm/install/arm_commander_cpp/share/arm_commander_cpp/package.dsv'
[0.491s] INFO:colcon.colcon_core.shell:Creating package script '/home/shreyas/arm/install/arm_commander_cpp/share/arm_commander_cpp/package.sh'
[0.492s] INFO:colcon.colcon_core.shell:Creating package script '/home/shreyas/arm/install/arm_commander_cpp/share/arm_commander_cpp/package.bash'
[0.492s] INFO:colcon.colcon_core.shell:Creating package script '/home/shreyas/arm/install/arm_commander_cpp/share/arm_commander_cpp/package.zsh'
[0.492s] Level 1:colcon.colcon_core.environment:create_file_with_runtime_dependencies(/home/shreyas/arm/install/arm_commander_cpp/share/colcon-core/packages/arm_commander_cpp)
[0.493s] Level 1:colcon.colcon_core.environment:create_environment_scripts_only(arm_commander_cpp)
[0.493s] Level 1:colcon.colcon_core.environment:checking '/home/shreyas/arm/install/arm_commander_cpp' for CMake module files
[0.493s] Level 1:colcon.colcon_core.environment:checking '/home/shreyas/arm/install/arm_commander_cpp' for CMake config files
[0.493s] Level 1:colcon.colcon_core.shell:create_environment_hook('arm_commander_cpp', 'cmake_prefix_path')
[0.493s] INFO:colcon.colcon_core.shell:Creating environment hook '/home/shreyas/arm/install/arm_commander_cpp/share/arm_commander_cpp/hook/cmake_prefix_path.ps1'
[0.494s] INFO:colcon.colcon_core.shell:Creating environment descriptor '/home/shreyas/arm/install/arm_commander_cpp/share/arm_commander_cpp/hook/cmake_prefix_path.dsv'
[0.494s] INFO:colcon.colcon_core.shell:Creating environment hook '/home/shreyas/arm/install/arm_commander_cpp/share/arm_commander_cpp/hook/cmake_prefix_path.sh'
[0.494s] Level 1:colcon.colcon_core.environment:checking '/home/shreyas/arm/install/arm_commander_cpp/lib'
[0.494s] Level 1:colcon.colcon_core.environment:checking '/home/shreyas/arm/install/arm_commander_cpp/bin'
[0.495s] Level 1:colcon.colcon_core.environment:checking '/home/shreyas/arm/install/arm_commander_cpp/lib/pkgconfig/arm_commander_cpp.pc'
[0.495s] Level 1:colcon.colcon_core.environment:checking '/home/shreyas/arm/install/arm_commander_cpp/lib/python3.12/site-packages'
[0.495s] Level 1:colcon.colcon_core.environment:checking '/home/shreyas/arm/install/arm_commander_cpp/bin'
[0.495s] INFO:colcon.colcon_core.shell:Creating package script '/home/shreyas/arm/install/arm_commander_cpp/share/arm_commander_cpp/package.ps1'
[0.496s] INFO:colcon.colcon_core.shell:Creating package descriptor '/home/shreyas/arm/install/arm_commander_cpp/share/arm_commander_cpp/package.dsv'
[0.496s] INFO:colcon.colcon_core.shell:Creating package script '/home/shreyas/arm/install/arm_commander_cpp/share/arm_commander_cpp/package.sh'
[0.496s] INFO:colcon.colcon_core.shell:Creating package script '/home/shreyas/arm/install/arm_commander_cpp/share/arm_commander_cpp/package.bash'
[0.497s] INFO:colcon.colcon_core.shell:Creating package script '/home/shreyas/arm/install/arm_commander_cpp/share/arm_commander_cpp/package.zsh'
[0.497s] Level 1:colcon.colcon_core.environment:create_file_with_runtime_dependencies(/home/shreyas/arm/install/arm_commander_cpp/share/colcon-core/packages/arm_commander_cpp)
[0.497s] DEBUG:colcon.colcon_parallel_executor.executor.parallel:closing loop
[0.497s] DEBUG:colcon.colcon_parallel_executor.executor.parallel:loop closed
[0.497s] DEBUG:colcon.colcon_parallel_executor.executor.parallel:run_until_complete finished with '0'
[0.497s] DEBUG:colcon.colcon_core.event_reactor:joining thread
[0.511s] INFO:colcon.colcon_core.plugin_system:Skipping extension 'colcon_notification.desktop_notification.terminal_notifier': Not used on non-Darwin systems
[0.511s] INFO:colcon.colcon_core.plugin_system:Skipping extension 'colcon_notification.desktop_notification.win32': Not used on non-Windows systems
[0.511s] INFO:colcon.colcon_notification.desktop_notification:Sending desktop notification using 'notify2'
[0.522s] DEBUG:colcon.colcon_core.event_reactor:joined thread
[0.522s] INFO:colcon.colcon_core.shell:Creating prefix script '/home/shreyas/arm/install/local_setup.ps1'
[0.523s] INFO:colcon.colcon_core.shell:Creating prefix util module '/home/shreyas/arm/install/_local_setup_util_ps1.py'
[0.523s] INFO:colcon.colcon_core.shell:Creating prefix chain script '/home/shreyas/arm/install/setup.ps1'
[0.524s] INFO:colcon.colcon_core.shell:Creating prefix script '/home/shreyas/arm/install/local_setup.sh'
[0.524s] INFO:colcon.colcon_core.shell:Creating prefix util module '/home/shreyas/arm/install/_local_setup_util_sh.py'
[0.524s] INFO:colcon.colcon_core.shell:Creating prefix chain script '/home/shreyas/arm/install/setup.sh'
[0.525s] INFO:colcon.colcon_core.shell:Creating prefix script '/home/shreyas/arm/install/local_setup.bash'
[0.525s] INFO:colcon.colcon_core.shell:Creating prefix chain script '/home/shreyas/arm/install/setup.bash'
[0.525s] INFO:colcon.colcon_core.shell:Creating prefix script '/home/shreyas/arm/install/local_setup.zsh'
[0.525s] INFO:colcon.colcon_core.shell:Creating prefix chain script '/home/shreyas/arm/install/setup.zsh'
