-- The C compiler identification is GNU 13.3.0
-- The CXX compiler identification is GNU 13.3.0
-- Detecting C compiler ABI info
-- Detecting C compiler ABI info - done
-- Check for working C compiler: /usr/bin/cc - skipped
-- Detecting C compile features
-- Detecting C compile features - done
-- Detecting CXX compiler ABI info
-- Detecting CXX compiler ABI info - done
-- Check for working CXX compiler: /usr/bin/c++ - skipped
-- Detecting CXX compile features
-- Detecting CXX compile features - done
-- Found ament_cmake: 2.5.4 (/opt/ros/jazzy/share/ament_cmake/cmake)
-- Found Python3: /usr/bin/python3 (found version "3.12.3") found components: Interpreter 
-- Found rclcpp: 28.1.12 (/opt/ros/jazzy/share/rclcpp/cmake)
-- Found rosidl_generator_c: 4.6.6 (/opt/ros/jazzy/share/rosidl_generator_c/cmake)
-- Found rosidl_generator_cpp: 4.6.6 (/opt/ros/jazzy/share/rosidl_generator_cpp/cmake)
-- Using all available rosidl_typesupport_c: rosidl_typesupport_fastrtps_c;rosidl_typesupport_introspection_c
-- Using all available rosidl_typesupport_cpp: rosidl_typesupport_fastrtps_cpp;rosidl_typesupport_introspection_cpp
-- Found rmw_implementation_cmake: 7.3.2 (/opt/ros/jazzy/share/rmw_implementation_cmake/cmake)
-- Found rmw_cyclonedds_cpp: 2.2.3 (/opt/ros/jazzy/share/rmw_cyclonedds_cpp/cmake)
-- Using RMW implementation 'rmw_cyclonedds_cpp' as default
-- Found moveit_ros_planning_interface: 2.12.3 (/opt/ros/jazzy/share/moveit_ros_planning_interface/cmake)
-- Found Boost: /usr/lib/x86_64-linux-gnu/cmake/Boost-1.83.0/BoostConfig.cmake (found version "1.83.0") found components: date_time filesystem program_options system thread 
-- Found Boost: /usr/lib/x86_64-linux-gnu/cmake/Boost-1.83.0/BoostConfig.cmake (found version "1.83.0") found components: chrono date_time filesystem iostreams program_options regex serialization system thread 
-- Found parameter_traits: 0.5.0 (/opt/ros/jazzy/share/parameter_traits/cmake)
-- Found rclcpp_lifecycle: 28.1.12 (/opt/ros/jazzy/share/rclcpp_lifecycle/cmake)
-- Found Boost: /usr/lib/x86_64-linux-gnu/cmake/Boost-1.83.0/BoostConfig.cmake (found version "1.83.0") found components: filesystem 
-- Found Eigen3: TRUE (found version "3.4.0") 
-- Ensuring Eigen3 include directory is part of orocos-kdl CMake target
-- Found TinyXML2 via Config file: /usr/lib/x86_64-linux-gnu/cmake/tinyxml2
-- Found Boost: /usr/lib/x86_64-linux-gnu/cmake/Boost-1.83.0/BoostConfig.cmake (found version "1.83.0") found components: system filesystem date_time program_options thread chrono 
-- Found Boost: /usr/lib/x86_64-linux-gnu/cmake/Boost-1.83.0/BoostConfig.cmake (found version "1.83.0") found components: thread system filesystem regex date_time program_options 
-- Found Boost: /usr/lib/x86_64-linux-gnu/cmake/Boost-1.83.0/BoostConfig.cmake (found version "1.83.0") found components: system filesystem date_time program_options thread 
-- Found example_interfaces: 0.12.0 (/opt/ros/jazzy/share/example_interfaces/cmake)
-- Found arm_interfaces: 0.0.0 (/home/shreyas/arm/install/arm_interfaces/share/arm_interfaces/cmake)
-- Configuring done (1.5s)
-- Generating done (0.0s)
-- Build files have been written to: /home/shreyas/arm/build/arm_commander_cpp
[ 25%] [32mBuilding CXX object CMakeFiles/test_moveit.dir/src/test_moveit.cpp.o[0m
[ 50%] [32mBuilding CXX object CMakeFiles/commander.dir/src/commander_template.cpp.o[0m
[ 75%] [32m[1mLinking CXX executable test_moveit[0m
[ 75%] Built target test_moveit
[100%] [32m[1mLinking CXX executable commander[0m
[100%] Built target commander
-- Install configuration: ""
-- Installing: /home/shreyas/arm/install/arm_commander_cpp/lib/arm_commander_cpp/test_moveit
-- Set non-toolchain portion of runtime path of "/home/shreyas/arm/install/arm_commander_cpp/lib/arm_commander_cpp/test_moveit" to ""
-- Installing: /home/shreyas/arm/install/arm_commander_cpp/lib/arm_commander_cpp/commander
-- Set non-toolchain portion of runtime path of "/home/shreyas/arm/install/arm_commander_cpp/lib/arm_commander_cpp/commander" to ""
-- Installing: /home/shreyas/arm/install/arm_commander_cpp/share/ament_index/resource_index/package_run_dependencies/arm_commander_cpp
-- Installing: /home/shreyas/arm/install/arm_commander_cpp/share/ament_index/resource_index/parent_prefix_path/arm_commander_cpp
-- Installing: /home/shreyas/arm/install/arm_commander_cpp/share/arm_commander_cpp/environment/ament_prefix_path.sh
-- Installing: /home/shreyas/arm/install/arm_commander_cpp/share/arm_commander_cpp/environment/ament_prefix_path.dsv
-- Installing: /home/shreyas/arm/install/arm_commander_cpp/share/arm_commander_cpp/environment/path.sh
-- Installing: /home/shreyas/arm/install/arm_commander_cpp/share/arm_commander_cpp/environment/path.dsv
-- Installing: /home/shreyas/arm/install/arm_commander_cpp/share/arm_commander_cpp/local_setup.bash
-- Installing: /home/shreyas/arm/install/arm_commander_cpp/share/arm_commander_cpp/local_setup.sh
-- Installing: /home/shreyas/arm/install/arm_commander_cpp/share/arm_commander_cpp/local_setup.zsh
-- Installing: /home/shreyas/arm/install/arm_commander_cpp/share/arm_commander_cpp/local_setup.dsv
-- Installing: /home/shreyas/arm/install/arm_commander_cpp/share/arm_commander_cpp/package.dsv
-- Installing: /home/shreyas/arm/install/arm_commander_cpp/share/ament_index/resource_index/packages/arm_commander_cpp
-- Installing: /home/shreyas/arm/install/arm_commander_cpp/share/arm_commander_cpp/cmake/arm_commander_cppConfig.cmake
-- Installing: /home/shreyas/arm/install/arm_commander_cpp/share/arm_commander_cpp/cmake/arm_commander_cppConfig-version.cmake
-- Installing: /home/shreyas/arm/install/arm_commander_cpp/share/arm_commander_cpp/package.xml
