[0.009s] Invoking command in '/home/shreyas/arm/build/arm_commander_cpp': CMAKE_PREFIX_PATH=/home/shreyas/arm/install/arm_interfaces:/home/shreyas/arm/install/arm_bringup:/home/shreyas/arm/install/arm_moveit:/home/shreyas/arm/install/arm_commander_cpp:/home/shreyas/arm/install/arm:/opt/ros/jazzy/opt/gz_launch_vendor:/opt/ros/jazzy/opt/gz_sim_vendor:/opt/ros/jazzy/opt/gz_sensors_vendor:/opt/ros/jazzy/opt/gz_physics_vendor:/opt/ros/jazzy/opt/sdformat_vendor:/opt/ros/jazzy/opt/gz_gui_vendor:/opt/ros/jazzy/opt/gz_transport_vendor:/opt/ros/jazzy/opt/gz_rendering_vendor:/opt/ros/jazzy/opt/gz_plugin_vendor:/opt/ros/jazzy/opt/gz_fuel_tools_vendor:/opt/ros/jazzy/opt/gz_msgs_vendor:/opt/ros/jazzy/opt/gz_common_vendor:/opt/ros/jazzy/opt/gz_math_vendor:/opt/ros/jazzy/opt/gz_utils_vendor:/opt/ros/jazzy/opt/gz_tools_vendor:/opt/ros/jazzy/opt/gz_ogre_next_vendor:/opt/ros/jazzy/opt/gz_dartsim_vendor:/opt/ros/jazzy/opt/gz_cmake_vendor:/opt/ros/jazzy DEBUGINFOD_URLS=https://debuginfod.ubuntu.com /usr/bin/cmake --build /home/shreyas/arm/build/arm_commander_cpp -- -j20 -l20
[0.066s] [ 66%] Built target commander
[0.066s] [ 66%] Built target test_moveit
[0.070s] [ 83%] [32mBuilding CXX object CMakeFiles/pose_goal.dir/src/pose_goal.cpp.o[0m
[3.774s] [100%] [32m[1mLinking CXX executable pose_goal[0m
[3.944s] [100%] Built target pose_goal
[3.953s] Invoked command in '/home/shreyas/arm/build/arm_commander_cpp' returned '0': CMAKE_PREFIX_PATH=/home/shreyas/arm/install/arm_interfaces:/home/shreyas/arm/install/arm_bringup:/home/shreyas/arm/install/arm_moveit:/home/shreyas/arm/install/arm_commander_cpp:/home/shreyas/arm/install/arm:/opt/ros/jazzy/opt/gz_launch_vendor:/opt/ros/jazzy/opt/gz_sim_vendor:/opt/ros/jazzy/opt/gz_sensors_vendor:/opt/ros/jazzy/opt/gz_physics_vendor:/opt/ros/jazzy/opt/sdformat_vendor:/opt/ros/jazzy/opt/gz_gui_vendor:/opt/ros/jazzy/opt/gz_transport_vendor:/opt/ros/jazzy/opt/gz_rendering_vendor:/opt/ros/jazzy/opt/gz_plugin_vendor:/opt/ros/jazzy/opt/gz_fuel_tools_vendor:/opt/ros/jazzy/opt/gz_msgs_vendor:/opt/ros/jazzy/opt/gz_common_vendor:/opt/ros/jazzy/opt/gz_math_vendor:/opt/ros/jazzy/opt/gz_utils_vendor:/opt/ros/jazzy/opt/gz_tools_vendor:/opt/ros/jazzy/opt/gz_ogre_next_vendor:/opt/ros/jazzy/opt/gz_dartsim_vendor:/opt/ros/jazzy/opt/gz_cmake_vendor:/opt/ros/jazzy DEBUGINFOD_URLS=https://debuginfod.ubuntu.com /usr/bin/cmake --build /home/shreyas/arm/build/arm_commander_cpp -- -j20 -l20
[3.953s] Invoking command in '/home/shreyas/arm/build/arm_commander_cpp': CMAKE_PREFIX_PATH=/home/shreyas/arm/install/arm_interfaces:/home/shreyas/arm/install/arm_bringup:/home/shreyas/arm/install/arm_moveit:/home/shreyas/arm/install/arm_commander_cpp:/home/shreyas/arm/install/arm:/opt/ros/jazzy/opt/gz_launch_vendor:/opt/ros/jazzy/opt/gz_sim_vendor:/opt/ros/jazzy/opt/gz_sensors_vendor:/opt/ros/jazzy/opt/gz_physics_vendor:/opt/ros/jazzy/opt/sdformat_vendor:/opt/ros/jazzy/opt/gz_gui_vendor:/opt/ros/jazzy/opt/gz_transport_vendor:/opt/ros/jazzy/opt/gz_rendering_vendor:/opt/ros/jazzy/opt/gz_plugin_vendor:/opt/ros/jazzy/opt/gz_fuel_tools_vendor:/opt/ros/jazzy/opt/gz_msgs_vendor:/opt/ros/jazzy/opt/gz_common_vendor:/opt/ros/jazzy/opt/gz_math_vendor:/opt/ros/jazzy/opt/gz_utils_vendor:/opt/ros/jazzy/opt/gz_tools_vendor:/opt/ros/jazzy/opt/gz_ogre_next_vendor:/opt/ros/jazzy/opt/gz_dartsim_vendor:/opt/ros/jazzy/opt/gz_cmake_vendor:/opt/ros/jazzy DEBUGINFOD_URLS=https://debuginfod.ubuntu.com /usr/bin/cmake --install /home/shreyas/arm/build/arm_commander_cpp
[3.959s] -- Install configuration: ""
[3.959s] -- Up-to-date: /home/shreyas/arm/install/arm_commander_cpp/lib/arm_commander_cpp/test_moveit
[3.959s] -- Up-to-date: /home/shreyas/arm/install/arm_commander_cpp/lib/arm_commander_cpp/commander
[3.959s] -- Installing: /home/shreyas/arm/install/arm_commander_cpp/lib/arm_commander_cpp/pose_goal
[3.959s] -- Set non-toolchain portion of runtime path of "/home/shreyas/arm/install/arm_commander_cpp/lib/arm_commander_cpp/pose_goal" to ""
[3.959s] -- Up-to-date: /home/shreyas/arm/install/arm_commander_cpp/share/ament_index/resource_index/package_run_dependencies/arm_commander_cpp
[3.959s] -- Up-to-date: /home/shreyas/arm/install/arm_commander_cpp/share/ament_index/resource_index/parent_prefix_path/arm_commander_cpp
[3.959s] -- Up-to-date: /home/shreyas/arm/install/arm_commander_cpp/share/arm_commander_cpp/environment/ament_prefix_path.sh
[3.959s] -- Up-to-date: /home/shreyas/arm/install/arm_commander_cpp/share/arm_commander_cpp/environment/ament_prefix_path.dsv
[3.959s] -- Up-to-date: /home/shreyas/arm/install/arm_commander_cpp/share/arm_commander_cpp/environment/path.sh
[3.960s] -- Up-to-date: /home/shreyas/arm/install/arm_commander_cpp/share/arm_commander_cpp/environment/path.dsv
[3.960s] -- Up-to-date: /home/shreyas/arm/install/arm_commander_cpp/share/arm_commander_cpp/local_setup.bash
[3.960s] -- Up-to-date: /home/shreyas/arm/install/arm_commander_cpp/share/arm_commander_cpp/local_setup.sh
[3.960s] -- Up-to-date: /home/shreyas/arm/install/arm_commander_cpp/share/arm_commander_cpp/local_setup.zsh
[3.960s] -- Up-to-date: /home/shreyas/arm/install/arm_commander_cpp/share/arm_commander_cpp/local_setup.dsv
[3.960s] -- Installing: /home/shreyas/arm/install/arm_commander_cpp/share/arm_commander_cpp/package.dsv
[3.960s] -- Up-to-date: /home/shreyas/arm/install/arm_commander_cpp/share/ament_index/resource_index/packages/arm_commander_cpp
[3.960s] -- Up-to-date: /home/shreyas/arm/install/arm_commander_cpp/share/arm_commander_cpp/cmake/arm_commander_cppConfig.cmake
[3.960s] -- Up-to-date: /home/shreyas/arm/install/arm_commander_cpp/share/arm_commander_cpp/cmake/arm_commander_cppConfig-version.cmake
[3.960s] -- Up-to-date: /home/shreyas/arm/install/arm_commander_cpp/share/arm_commander_cpp/package.xml
[3.961s] Invoked command in '/home/shreyas/arm/build/arm_commander_cpp' returned '0': CMAKE_PREFIX_PATH=/home/shreyas/arm/install/arm_interfaces:/home/shreyas/arm/install/arm_bringup:/home/shreyas/arm/install/arm_moveit:/home/shreyas/arm/install/arm_commander_cpp:/home/shreyas/arm/install/arm:/opt/ros/jazzy/opt/gz_launch_vendor:/opt/ros/jazzy/opt/gz_sim_vendor:/opt/ros/jazzy/opt/gz_sensors_vendor:/opt/ros/jazzy/opt/gz_physics_vendor:/opt/ros/jazzy/opt/sdformat_vendor:/opt/ros/jazzy/opt/gz_gui_vendor:/opt/ros/jazzy/opt/gz_transport_vendor:/opt/ros/jazzy/opt/gz_rendering_vendor:/opt/ros/jazzy/opt/gz_plugin_vendor:/opt/ros/jazzy/opt/gz_fuel_tools_vendor:/opt/ros/jazzy/opt/gz_msgs_vendor:/opt/ros/jazzy/opt/gz_common_vendor:/opt/ros/jazzy/opt/gz_math_vendor:/opt/ros/jazzy/opt/gz_utils_vendor:/opt/ros/jazzy/opt/gz_tools_vendor:/opt/ros/jazzy/opt/gz_ogre_next_vendor:/opt/ros/jazzy/opt/gz_dartsim_vendor:/opt/ros/jazzy/opt/gz_cmake_vendor:/opt/ros/jazzy DEBUGINFOD_URLS=https://debuginfod.ubuntu.com /usr/bin/cmake --install /home/shreyas/arm/build/arm_commander_cpp
