-- Install configuration: ""
-- Up-to-date: /home/shreyas/arm/install/arm_bringup/share/arm_bringup/launch
-- Up-to-date: /home/shreyas/arm/install/arm_bringup/share/arm_bringup/launch/arm_bringup.launch.xml
-- Up-to-date: /home/shreyas/arm/install/arm_bringup/share/arm_bringup/config
-- Up-to-date: /home/shreyas/arm/install/arm_bringup/share/arm_bringup/config/arm.ros2_control.xacro
-- Up-to-date: /home/shreyas/arm/install/arm_bringup/share/arm_bringup/config/urdf_config.rviz
-- Up-to-date: /home/shreyas/arm/install/arm_bringup/share/arm_bringup/config/ros2_controllers.yaml
-- Up-to-date: /home/shreyas/arm/install/arm_bringup/share/ament_index/resource_index/package_run_dependencies/arm_bringup
-- Up-to-date: /home/shreyas/arm/install/arm_bringup/share/ament_index/resource_index/parent_prefix_path/arm_bringup
-- Up-to-date: /home/shreyas/arm/install/arm_bringup/share/arm_bringup/environment/ament_prefix_path.sh
-- Up-to-date: /home/shreyas/arm/install/arm_bringup/share/arm_bringup/environment/ament_prefix_path.dsv
-- Up-to-date: /home/shreyas/arm/install/arm_bringup/share/arm_bringup/environment/path.sh
-- Up-to-date: /home/shreyas/arm/install/arm_bringup/share/arm_bringup/environment/path.dsv
-- Up-to-date: /home/shreyas/arm/install/arm_bringup/share/arm_bringup/local_setup.bash
-- Up-to-date: /home/shreyas/arm/install/arm_bringup/share/arm_bringup/local_setup.sh
-- Up-to-date: /home/shreyas/arm/install/arm_bringup/share/arm_bringup/local_setup.zsh
-- Up-to-date: /home/shreyas/arm/install/arm_bringup/share/arm_bringup/local_setup.dsv
-- Installing: /home/shreyas/arm/install/arm_bringup/share/arm_bringup/package.dsv
-- Up-to-date: /home/shreyas/arm/install/arm_bringup/share/ament_index/resource_index/packages/arm_bringup
-- Up-to-date: /home/shreyas/arm/install/arm_bringup/share/arm_bringup/cmake/arm_bringupConfig.cmake
-- Up-to-date: /home/shreyas/arm/install/arm_bringup/share/arm_bringup/cmake/arm_bringupConfig-version.cmake
-- Up-to-date: /home/shreyas/arm/install/arm_bringup/share/arm_bringup/package.xml
