[0.007s] Invoking command in '/home/shreyas/arm/build/arm_moveit': CMAKE_PREFIX_PATH=/home/shreyas/arm/install/arm:/home/shreyas/arm/install/arm_bringup:/home/shreyas/arm/install/arm_moveit:/home/shreyas/arm/install/arm_commander_cpp:/home/shreyas/arm/install/arm_interfaces:/opt/ros/jazzy/opt/gz_launch_vendor:/opt/ros/jazzy/opt/gz_sim_vendor:/opt/ros/jazzy/opt/gz_sensors_vendor:/opt/ros/jazzy/opt/gz_physics_vendor:/opt/ros/jazzy/opt/sdformat_vendor:/opt/ros/jazzy/opt/gz_gui_vendor:/opt/ros/jazzy/opt/gz_transport_vendor:/opt/ros/jazzy/opt/gz_rendering_vendor:/opt/ros/jazzy/opt/gz_plugin_vendor:/opt/ros/jazzy/opt/gz_fuel_tools_vendor:/opt/ros/jazzy/opt/gz_msgs_vendor:/opt/ros/jazzy/opt/gz_common_vendor:/opt/ros/jazzy/opt/gz_math_vendor:/opt/ros/jazzy/opt/gz_utils_vendor:/opt/ros/jazzy/opt/gz_tools_vendor:/opt/ros/jazzy/opt/gz_ogre_next_vendor:/opt/ros/jazzy/opt/gz_dartsim_vendor:/opt/ros/jazzy/opt/gz_cmake_vendor:/opt/ros/jazzy DEBUGINFOD_URLS=https://debuginfod.ubuntu.com /usr/bin/cmake --build /home/shreyas/arm/build/arm_moveit -- -j20 -l20
[0.040s] Invoked command in '/home/shreyas/arm/build/arm_moveit' returned '0': CMAKE_PREFIX_PATH=/home/shreyas/arm/install/arm:/home/shreyas/arm/install/arm_bringup:/home/shreyas/arm/install/arm_moveit:/home/shreyas/arm/install/arm_commander_cpp:/home/shreyas/arm/install/arm_interfaces:/opt/ros/jazzy/opt/gz_launch_vendor:/opt/ros/jazzy/opt/gz_sim_vendor:/opt/ros/jazzy/opt/gz_sensors_vendor:/opt/ros/jazzy/opt/gz_physics_vendor:/opt/ros/jazzy/opt/sdformat_vendor:/opt/ros/jazzy/opt/gz_gui_vendor:/opt/ros/jazzy/opt/gz_transport_vendor:/opt/ros/jazzy/opt/gz_rendering_vendor:/opt/ros/jazzy/opt/gz_plugin_vendor:/opt/ros/jazzy/opt/gz_fuel_tools_vendor:/opt/ros/jazzy/opt/gz_msgs_vendor:/opt/ros/jazzy/opt/gz_common_vendor:/opt/ros/jazzy/opt/gz_math_vendor:/opt/ros/jazzy/opt/gz_utils_vendor:/opt/ros/jazzy/opt/gz_tools_vendor:/opt/ros/jazzy/opt/gz_ogre_next_vendor:/opt/ros/jazzy/opt/gz_dartsim_vendor:/opt/ros/jazzy/opt/gz_cmake_vendor:/opt/ros/jazzy DEBUGINFOD_URLS=https://debuginfod.ubuntu.com /usr/bin/cmake --build /home/shreyas/arm/build/arm_moveit -- -j20 -l20
[0.040s] Invoking command in '/home/shreyas/arm/build/arm_moveit': CMAKE_PREFIX_PATH=/home/shreyas/arm/install/arm:/home/shreyas/arm/install/arm_bringup:/home/shreyas/arm/install/arm_moveit:/home/shreyas/arm/install/arm_commander_cpp:/home/shreyas/arm/install/arm_interfaces:/opt/ros/jazzy/opt/gz_launch_vendor:/opt/ros/jazzy/opt/gz_sim_vendor:/opt/ros/jazzy/opt/gz_sensors_vendor:/opt/ros/jazzy/opt/gz_physics_vendor:/opt/ros/jazzy/opt/sdformat_vendor:/opt/ros/jazzy/opt/gz_gui_vendor:/opt/ros/jazzy/opt/gz_transport_vendor:/opt/ros/jazzy/opt/gz_rendering_vendor:/opt/ros/jazzy/opt/gz_plugin_vendor:/opt/ros/jazzy/opt/gz_fuel_tools_vendor:/opt/ros/jazzy/opt/gz_msgs_vendor:/opt/ros/jazzy/opt/gz_common_vendor:/opt/ros/jazzy/opt/gz_math_vendor:/opt/ros/jazzy/opt/gz_utils_vendor:/opt/ros/jazzy/opt/gz_tools_vendor:/opt/ros/jazzy/opt/gz_ogre_next_vendor:/opt/ros/jazzy/opt/gz_dartsim_vendor:/opt/ros/jazzy/opt/gz_cmake_vendor:/opt/ros/jazzy DEBUGINFOD_URLS=https://debuginfod.ubuntu.com /usr/bin/cmake --install /home/shreyas/arm/build/arm_moveit
[0.047s] -- Install configuration: ""
[0.047s] -- Up-to-date: /home/shreyas/arm/install/arm_moveit/share/ament_index/resource_index/package_run_dependencies/arm_moveit
[0.047s] -- Up-to-date: /home/shreyas/arm/install/arm_moveit/share/ament_index/resource_index/parent_prefix_path/arm_moveit
[0.047s] -- Up-to-date: /home/shreyas/arm/install/arm_moveit/share/arm_moveit/environment/ament_prefix_path.sh
[0.047s] -- Up-to-date: /home/shreyas/arm/install/arm_moveit/share/arm_moveit/environment/ament_prefix_path.dsv
[0.047s] -- Up-to-date: /home/shreyas/arm/install/arm_moveit/share/arm_moveit/environment/path.sh
[0.047s] -- Up-to-date: /home/shreyas/arm/install/arm_moveit/share/arm_moveit/environment/path.dsv
[0.047s] -- Up-to-date: /home/shreyas/arm/install/arm_moveit/share/arm_moveit/local_setup.bash
[0.047s] -- Up-to-date: /home/shreyas/arm/install/arm_moveit/share/arm_moveit/local_setup.sh
[0.047s] -- Up-to-date: /home/shreyas/arm/install/arm_moveit/share/arm_moveit/local_setup.zsh
[0.048s] -- Up-to-date: /home/shreyas/arm/install/arm_moveit/share/arm_moveit/local_setup.dsv
[0.048s] -- Installing: /home/shreyas/arm/install/arm_moveit/share/arm_moveit/package.dsv
[0.048s] -- Up-to-date: /home/shreyas/arm/install/arm_moveit/share/ament_index/resource_index/packages/arm_moveit
[0.048s] -- Up-to-date: /home/shreyas/arm/install/arm_moveit/share/arm_moveit/cmake/arm_moveitConfig.cmake
[0.048s] -- Up-to-date: /home/shreyas/arm/install/arm_moveit/share/arm_moveit/cmake/arm_moveitConfig-version.cmake
[0.048s] -- Up-to-date: /home/shreyas/arm/install/arm_moveit/share/arm_moveit/package.xml
[0.048s] -- Up-to-date: /home/shreyas/arm/install/arm_moveit/share/arm_moveit/launch
[0.048s] -- Up-to-date: /home/shreyas/arm/install/arm_moveit/share/arm_moveit/launch/setup_assistant.launch.py
[0.048s] -- Up-to-date: /home/shreyas/arm/install/arm_moveit/share/arm_moveit/launch/demo.launch.py
[0.048s] -- Up-to-date: /home/shreyas/arm/install/arm_moveit/share/arm_moveit/launch/moveit_rviz.launch.py
[0.048s] -- Up-to-date: /home/shreyas/arm/install/arm_moveit/share/arm_moveit/launch/spawn_controllers.launch.py
[0.048s] -- Up-to-date: /home/shreyas/arm/install/arm_moveit/share/arm_moveit/launch/warehouse_db.launch.py
[0.048s] -- Up-to-date: /home/shreyas/arm/install/arm_moveit/share/arm_moveit/launch/move_group.launch.py
[0.048s] -- Up-to-date: /home/shreyas/arm/install/arm_moveit/share/arm_moveit/launch/rsp.launch.py
[0.048s] -- Up-to-date: /home/shreyas/arm/install/arm_moveit/share/arm_moveit/launch/static_virtual_joint_tfs.launch.py
[0.048s] -- Up-to-date: /home/shreyas/arm/install/arm_moveit/share/arm_moveit/config
[0.048s] -- Up-to-date: /home/shreyas/arm/install/arm_moveit/share/arm_moveit/config/arm.ros2_control.xacro
[0.048s] -- Up-to-date: /home/shreyas/arm/install/arm_moveit/share/arm_moveit/config/joint_limits.yaml
[0.048s] -- Up-to-date: /home/shreyas/arm/install/arm_moveit/share/arm_moveit/config/pilz_cartesian_limits.yaml
[0.048s] -- Up-to-date: /home/shreyas/arm/install/arm_moveit/share/arm_moveit/config/arm.urdf.xacro
[0.048s] -- Up-to-date: /home/shreyas/arm/install/arm_moveit/share/arm_moveit/config/initial_positions.yaml
[0.048s] -- Up-to-date: /home/shreyas/arm/install/arm_moveit/share/arm_moveit/config/moveit_controllers.yaml
[0.050s] -- Up-to-date: /home/shreyas/arm/install/arm_moveit/share/arm_moveit/config/arm.srdf
[0.050s] -- Up-to-date: /home/shreyas/arm/install/arm_moveit/share/arm_moveit/config/kinematics.yaml
[0.050s] -- Up-to-date: /home/shreyas/arm/install/arm_moveit/share/arm_moveit/config/ros2_controllers.yaml
[0.050s] -- Up-to-date: /home/shreyas/arm/install/arm_moveit/share/arm_moveit/config/moveit.rviz
[0.050s] -- Up-to-date: /home/shreyas/arm/install/arm_moveit/share/arm_moveit/.setup_assistant
[0.051s] Invoked command in '/home/shreyas/arm/build/arm_moveit' returned '0': CMAKE_PREFIX_PATH=/home/shreyas/arm/install/arm:/home/shreyas/arm/install/arm_bringup:/home/shreyas/arm/install/arm_moveit:/home/shreyas/arm/install/arm_commander_cpp:/home/shreyas/arm/install/arm_interfaces:/opt/ros/jazzy/opt/gz_launch_vendor:/opt/ros/jazzy/opt/gz_sim_vendor:/opt/ros/jazzy/opt/gz_sensors_vendor:/opt/ros/jazzy/opt/gz_physics_vendor:/opt/ros/jazzy/opt/sdformat_vendor:/opt/ros/jazzy/opt/gz_gui_vendor:/opt/ros/jazzy/opt/gz_transport_vendor:/opt/ros/jazzy/opt/gz_rendering_vendor:/opt/ros/jazzy/opt/gz_plugin_vendor:/opt/ros/jazzy/opt/gz_fuel_tools_vendor:/opt/ros/jazzy/opt/gz_msgs_vendor:/opt/ros/jazzy/opt/gz_common_vendor:/opt/ros/jazzy/opt/gz_math_vendor:/opt/ros/jazzy/opt/gz_utils_vendor:/opt/ros/jazzy/opt/gz_tools_vendor:/opt/ros/jazzy/opt/gz_ogre_next_vendor:/opt/ros/jazzy/opt/gz_dartsim_vendor:/opt/ros/jazzy/opt/gz_cmake_vendor:/opt/ros/jazzy DEBUGINFOD_URLS=https://debuginfod.ubuntu.com /usr/bin/cmake --install /home/shreyas/arm/build/arm_moveit
