-- The C compiler identification is GNU 13.3.0
-- The CXX compiler identification is GNU 13.3.0
-- Detecting C compiler ABI info
-- Detecting C compiler ABI info - done
-- Check for working C compiler: /usr/bin/cc - skipped
-- Detecting C compile features
-- Detecting C compile features - done
-- Detecting CXX compiler ABI info
-- Detecting CXX compiler ABI info - done
-- Check for working CXX compiler: /usr/bin/c++ - skipped
-- Detecting CXX compile features
-- Detecting CXX compile features - done
-- Found ament_cmake: 2.5.4 (/opt/ros/jazzy/share/ament_cmake/cmake)
-- Found Python3: /usr/bin/python3 (found version "3.12.3") found components: Interpreter 
-- Configuring done (0.6s)
-- Generating done (0.0s)
-- Build files have been written to: /home/shreyas/arm/build/arm
-- Install configuration: ""
-- Installing: /home/shreyas/arm/install/arm/share/arm/urdf
-- Installing: /home/shreyas/arm/install/arm/share/arm/urdf/arm.ros2_control.xacro
-- Installing: /home/shreyas/arm/install/arm/share/arm/urdf/arm_gazebo.xacro
-- Installing: /home/shreyas/arm/install/arm/share/arm/urdf/my_robot.urdf.xacro
-- Installing: /home/shreyas/arm/install/arm/share/arm/urdf/common_properties.xacro
-- Installing: /home/shreyas/arm/install/arm/share/arm/urdf/arm.xacro
-- Installing: /home/shreyas/arm/install/arm/share/arm/launch
-- Installing: /home/shreyas/arm/install/arm/share/arm/launch/display.launch.xml
-- Installing: /home/shreyas/arm/install/arm/share/arm/launch/moveit.launch.xml
-- Installing: /home/shreyas/arm/install/arm/share/arm/launch/my_robot.launch.xml
-- Installing: /home/shreyas/arm/install/arm/share/arm/launch/teleop_arm.launch.py
-- Installing: /home/shreyas/arm/install/arm/share/arm/config
-- Installing: /home/shreyas/arm/install/arm/share/arm/config/gazebo_bridge.yaml
-- Installing: /home/shreyas/arm/install/arm/share/arm/config/teleop_twist_joy.yaml
-- Installing: /home/shreyas/arm/install/arm/share/arm/config/gz_gui_config.config
-- Installing: /home/shreyas/arm/install/arm/share/arm/meshes
-- Installing: /home/shreyas/arm/install/arm/share/arm/meshes/L_Boggie_Link.STL
-- Installing: /home/shreyas/arm/install/arm/share/arm/meshes/arm_gripper.stl
-- Installing: /home/shreyas/arm/install/arm/share/arm/meshes/C_Differential_Link.STL
-- Installing: /home/shreyas/arm/install/arm/share/arm/meshes/R_Rocker_Link.STL
-- Installing: /home/shreyas/arm/install/arm/share/arm/meshes/gripper_left.stl
-- Installing: /home/shreyas/arm/install/arm/share/arm/meshes/R_Rod_link.stl
-- Installing: /home/shreyas/arm/install/arm/share/arm/meshes/arm_wrist.stl
-- Installing: /home/shreyas/arm/install/arm/share/arm/meshes/L_Connecting_Rod_Link.STL
-- Installing: /home/shreyas/arm/install/arm/share/arm/meshes/L_2_Wheel_Link.STL
-- Installing: /home/shreyas/arm/install/arm/share/arm/meshes/R_Connecting_Rod_Link.STL
-- Installing: /home/shreyas/arm/install/arm/share/arm/meshes/R_Boggie_Link.STL
-- Installing: /home/shreyas/arm/install/arm/share/arm/meshes/R_Connecting_Rod_Diff_Link.STL
-- Installing: /home/shreyas/arm/install/arm/share/arm/meshes/arm_elbow.stl
-- Installing: /home/shreyas/arm/install/arm/share/arm/meshes/L_Connecting_Rod_Diff_Link.STL
-- Installing: /home/shreyas/arm/install/arm/share/arm/meshes/L_Rod_link.stl
-- Installing: /home/shreyas/arm/install/arm/share/arm/meshes/R_3_Wheel_Link.STL
-- Installing: /home/shreyas/arm/install/arm/share/arm/meshes/L_1_Wheel_Link.STL
-- Installing: /home/shreyas/arm/install/arm/share/arm/meshes/L_3_Wheel_Link.STL
-- Installing: /home/shreyas/arm/install/arm/share/arm/meshes/gripper_right.stl
-- Installing: /home/shreyas/arm/install/arm/share/arm/meshes/d435.dae
-- Installing: /home/shreyas/arm/install/arm/share/arm/meshes/R_1_Wheel_Link.STL
-- Installing: /home/shreyas/arm/install/arm/share/arm/meshes/gripper_base.stl
-- Installing: /home/shreyas/arm/install/arm/share/arm/meshes/L_Rocker_Link.STL
-- Installing: /home/shreyas/arm/install/arm/share/arm/meshes/Lidar_Link.STL
-- Installing: /home/shreyas/arm/install/arm/share/arm/meshes/arm_base.stl
-- Installing: /home/shreyas/arm/install/arm/share/arm/meshes/R_2_Wheel_Link.STL
-- Installing: /home/shreyas/arm/install/arm/share/arm/meshes/base_link.STL
-- Installing: /home/shreyas/arm/install/arm/share/arm/meshes/arm_shoulder.stl
-- Installing: /home/shreyas/arm/install/arm/share/arm/rviz
-- Installing: /home/shreyas/arm/install/arm/share/arm/rviz/urdf_config.rviz
-- Installing: /home/shreyas/arm/install/arm/share/arm/models
-- Installing: /home/shreyas/arm/install/arm/share/arm/models/textures
-- Installing: /home/shreyas/arm/install/arm/share/arm/models/textures/mars_ortho.png.aux.xml
-- Installing: /home/shreyas/arm/install/arm/share/arm/models/textures/mars_ortho.png
-- Installing: /home/shreyas/arm/install/arm/share/arm/models/dem
-- Installing: /home/shreyas/arm/install/arm/share/arm/models/dem/IMG_20250616_193405.png
-- Installing: /home/shreyas/arm/install/arm/share/arm/models/dem/marsyard2022_terrain_hm.tif
-- Installing: /home/shreyas/arm/install/arm/share/arm/models/dem/HiRes_Ortofotomapa_Mars2025_PL2000-1.png
-- Installing: /home/shreyas/arm/install/arm/share/arm/models/dem/marsyard2022_terrain_texture.png
-- Installing: /home/shreyas/arm/install/arm/share/arm/models/dem/milkyway_starry_sky.dds
-- Installing: /home/shreyas/arm/install/arm/share/arm/models/dem/flat_normal.png
-- Installing: /home/shreyas/arm/install/arm/share/arm/models/dem/HiRes_Ortofotomapa_Mars2025_PL2000.tif
-- Installing: /home/shreyas/arm/install/arm/share/arm/models/dem/MarsYard_CoordSys.png
-- Installing: /home/shreyas/arm/install/arm/share/arm/models/dem/marsyard2022_terrain_hm0.png
-- Installing: /home/shreyas/arm/install/arm/share/arm/worlds
-- Installing: /home/shreyas/arm/install/arm/share/arm/worlds/test_world.sdf
-- Installing: /home/shreyas/arm/install/arm/share/arm/worlds/marsyard.sdf
-- Installing: /home/shreyas/arm/install/arm/share/arm/sdf
-- Installing: /home/shreyas/arm/install/arm/lib/arm/twist_to_arm.py
-- Installing: /home/shreyas/arm/install/arm/lib/arm/combined_ik.py
-- Installing: /home/shreyas/arm/install/arm/share/ament_index/resource_index/package_run_dependencies/arm
-- Installing: /home/shreyas/arm/install/arm/share/ament_index/resource_index/parent_prefix_path/arm
-- Installing: /home/shreyas/arm/install/arm/share/arm/environment/ament_prefix_path.sh
-- Installing: /home/shreyas/arm/install/arm/share/arm/environment/ament_prefix_path.dsv
-- Installing: /home/shreyas/arm/install/arm/share/arm/environment/path.sh
-- Installing: /home/shreyas/arm/install/arm/share/arm/environment/path.dsv
-- Installing: /home/shreyas/arm/install/arm/share/arm/local_setup.bash
-- Installing: /home/shreyas/arm/install/arm/share/arm/local_setup.sh
-- Installing: /home/shreyas/arm/install/arm/share/arm/local_setup.zsh
-- Installing: /home/shreyas/arm/install/arm/share/arm/local_setup.dsv
-- Installing: /home/shreyas/arm/install/arm/share/arm/package.dsv
-- Installing: /home/shreyas/arm/install/arm/share/ament_index/resource_index/packages/arm
-- Installing: /home/shreyas/arm/install/arm/share/arm/cmake/armConfig.cmake
-- Installing: /home/shreyas/arm/install/arm/share/arm/cmake/armConfig-version.cmake
-- Installing: /home/shreyas/arm/install/arm/share/arm/package.xml
