[0.008s] Invoking command in '/home/shreyas/arm/build/arm': CMAKE_PREFIX_PATH=${CMAKE_PREFIX_PATH}:/opt/ros/jazzy DEBUGINFOD_URLS=https://debuginfod.ubuntu.com /usr/bin/cmake /home/shreyas/arm/src/arm -DCMAKE_INSTALL_PREFIX=/home/shreyas/arm/install/arm
[0.105s] -- The C compiler identification is GNU 13.3.0
[0.158s] -- The CXX compiler identification is GNU 13.3.0
[0.177s] -- Detecting C compiler ABI info
[0.246s] -- Detecting C compiler ABI info - done
[0.254s] -- Check for working C compiler: /usr/bin/cc - skipped
[0.254s] -- Detecting C compile features
[0.254s] -- Detecting C compile features - done
[0.263s] -- Detecting CXX compiler ABI info
[0.344s] -- Detecting CXX compiler ABI info - done
[0.349s] -- Check for working CXX compiler: /usr/bin/c++ - skipped
[0.349s] -- Detecting CXX compile features
[0.350s] -- Detecting CXX compile features - done
[0.356s] -- Found ament_cmake: 2.5.4 (/opt/ros/jazzy/share/ament_cmake/cmake)
[0.463s] -- Found Python3: /usr/bin/python3 (found version "3.12.3") found components: Interpreter 
[0.625s] -- Configuring done (0.6s)
[0.627s] -- Generating done (0.0s)
[0.628s] -- Build files have been written to: /home/shreyas/arm/build/arm
[0.633s] Invoked command in '/home/shreyas/arm/build/arm' returned '0': CMAKE_PREFIX_PATH=${CMAKE_PREFIX_PATH}:/opt/ros/jazzy DEBUGINFOD_URLS=https://debuginfod.ubuntu.com /usr/bin/cmake /home/shreyas/arm/src/arm -DCMAKE_INSTALL_PREFIX=/home/shreyas/arm/install/arm
[0.633s] Invoking command in '/home/shreyas/arm/build/arm': CMAKE_PREFIX_PATH=${CMAKE_PREFIX_PATH}:/opt/ros/jazzy DEBUGINFOD_URLS=https://debuginfod.ubuntu.com /usr/bin/cmake --build /home/shreyas/arm/build/arm -- -j20 -l20
[0.670s] Invoked command in '/home/shreyas/arm/build/arm' returned '0': CMAKE_PREFIX_PATH=${CMAKE_PREFIX_PATH}:/opt/ros/jazzy DEBUGINFOD_URLS=https://debuginfod.ubuntu.com /usr/bin/cmake --build /home/shreyas/arm/build/arm -- -j20 -l20
[0.678s] Invoking command in '/home/shreyas/arm/build/arm': CMAKE_PREFIX_PATH=${CMAKE_PREFIX_PATH}:/opt/ros/jazzy DEBUGINFOD_URLS=https://debuginfod.ubuntu.com /usr/bin/cmake --install /home/shreyas/arm/build/arm
[0.685s] -- Install configuration: ""
[0.685s] -- Installing: /home/shreyas/arm/install/arm/share/arm/urdf
[0.685s] -- Installing: /home/shreyas/arm/install/arm/share/arm/urdf/arm.ros2_control.xacro
[0.685s] -- Installing: /home/shreyas/arm/install/arm/share/arm/urdf/arm_gazebo.xacro
[0.685s] -- Installing: /home/shreyas/arm/install/arm/share/arm/urdf/my_robot.urdf.xacro
[0.685s] -- Installing: /home/shreyas/arm/install/arm/share/arm/urdf/common_properties.xacro
[0.686s] -- Installing: /home/shreyas/arm/install/arm/share/arm/urdf/arm.xacro
[0.687s] -- Installing: /home/shreyas/arm/install/arm/share/arm/launch
[0.687s] -- Installing: /home/shreyas/arm/install/arm/share/arm/launch/display.launch.xml
[0.687s] -- Installing: /home/shreyas/arm/install/arm/share/arm/launch/moveit.launch.xml
[0.687s] -- Installing: /home/shreyas/arm/install/arm/share/arm/launch/my_robot.launch.xml
[0.687s] -- Installing: /home/shreyas/arm/install/arm/share/arm/launch/teleop_arm.launch.py
[0.687s] -- Installing: /home/shreyas/arm/install/arm/share/arm/config
[0.687s] -- Installing: /home/shreyas/arm/install/arm/share/arm/config/gazebo_bridge.yaml
[0.688s] -- Installing: /home/shreyas/arm/install/arm/share/arm/config/teleop_twist_joy.yaml
[0.688s] -- Installing: /home/shreyas/arm/install/arm/share/arm/config/gz_gui_config.config
[0.688s] -- Installing: /home/shreyas/arm/install/arm/share/arm/meshes
[0.688s] -- Installing: /home/shreyas/arm/install/arm/share/arm/meshes/L_Boggie_Link.STL
[0.689s] -- Installing: /home/shreyas/arm/install/arm/share/arm/meshes/arm_gripper.stl
[0.692s] -- Installing: /home/shreyas/arm/install/arm/share/arm/meshes/C_Differential_Link.STL
[0.692s] -- Installing: /home/shreyas/arm/install/arm/share/arm/meshes/R_Rocker_Link.STL
[0.692s] -- Installing: /home/shreyas/arm/install/arm/share/arm/meshes/gripper_left.stl
[0.692s] -- Installing: /home/shreyas/arm/install/arm/share/arm/meshes/R_Rod_link.stl
[0.694s] -- Installing: /home/shreyas/arm/install/arm/share/arm/meshes/arm_wrist.stl
[0.694s] -- Installing: /home/shreyas/arm/install/arm/share/arm/meshes/L_Connecting_Rod_Link.STL
[0.695s] -- Installing: /home/shreyas/arm/install/arm/share/arm/meshes/L_2_Wheel_Link.STL
[0.695s] -- Installing: /home/shreyas/arm/install/arm/share/arm/meshes/R_Connecting_Rod_Link.STL
[0.695s] -- Installing: /home/shreyas/arm/install/arm/share/arm/meshes/R_Boggie_Link.STL
[0.696s] -- Installing: /home/shreyas/arm/install/arm/share/arm/meshes/R_Connecting_Rod_Diff_Link.STL
[0.696s] -- Installing: /home/shreyas/arm/install/arm/share/arm/meshes/arm_elbow.stl
[0.697s] -- Installing: /home/shreyas/arm/install/arm/share/arm/meshes/L_Connecting_Rod_Diff_Link.STL
[0.698s] -- Installing: /home/shreyas/arm/install/arm/share/arm/meshes/L_Rod_link.stl
[0.699s] -- Installing: /home/shreyas/arm/install/arm/share/arm/meshes/R_3_Wheel_Link.STL
[0.699s] -- Installing: /home/shreyas/arm/install/arm/share/arm/meshes/L_1_Wheel_Link.STL
[0.699s] -- Installing: /home/shreyas/arm/install/arm/share/arm/meshes/L_3_Wheel_Link.STL
[0.699s] -- Installing: /home/shreyas/arm/install/arm/share/arm/meshes/gripper_right.stl
[0.699s] -- Installing: /home/shreyas/arm/install/arm/share/arm/meshes/d435.dae
[0.720s] -- Installing: /home/shreyas/arm/install/arm/share/arm/meshes/R_1_Wheel_Link.STL
[0.721s] -- Installing: /home/shreyas/arm/install/arm/share/arm/meshes/gripper_base.stl
[0.721s] -- Installing: /home/shreyas/arm/install/arm/share/arm/meshes/L_Rocker_Link.STL
[0.721s] -- Installing: /home/shreyas/arm/install/arm/share/arm/meshes/Lidar_Link.STL
[0.723s] -- Installing: /home/shreyas/arm/install/arm/share/arm/meshes/arm_base.stl
[0.728s] -- Installing: /home/shreyas/arm/install/arm/share/arm/meshes/R_2_Wheel_Link.STL
[0.728s] -- Installing: /home/shreyas/arm/install/arm/share/arm/meshes/base_link.STL
[0.729s] -- Installing: /home/shreyas/arm/install/arm/share/arm/meshes/arm_shoulder.stl
[0.729s] -- Installing: /home/shreyas/arm/install/arm/share/arm/rviz
[0.729s] -- Installing: /home/shreyas/arm/install/arm/share/arm/rviz/urdf_config.rviz
[0.729s] -- Installing: /home/shreyas/arm/install/arm/share/arm/models
[0.730s] -- Installing: /home/shreyas/arm/install/arm/share/arm/models/textures
[0.730s] -- Installing: /home/shreyas/arm/install/arm/share/arm/models/textures/mars_ortho.png.aux.xml
[0.730s] -- Installing: /home/shreyas/arm/install/arm/share/arm/models/textures/mars_ortho.png
[0.743s] -- Installing: /home/shreyas/arm/install/arm/share/arm/models/dem
[0.743s] -- Installing: /home/shreyas/arm/install/arm/share/arm/models/dem/IMG_20250616_193405.png
[0.744s] -- Installing: /home/shreyas/arm/install/arm/share/arm/models/dem/marsyard2022_terrain_hm.tif
[0.745s] -- Installing: /home/shreyas/arm/install/arm/share/arm/models/dem/HiRes_Ortofotomapa_Mars2025_PL2000-1.png
[0.757s] -- Installing: /home/shreyas/arm/install/arm/share/arm/models/dem/marsyard2022_terrain_texture.png
[0.788s] -- Installing: /home/shreyas/arm/install/arm/share/arm/models/dem/milkyway_starry_sky.dds
[0.804s] -- Installing: /home/shreyas/arm/install/arm/share/arm/models/dem/flat_normal.png
[0.804s] -- Installing: /home/shreyas/arm/install/arm/share/arm/models/dem/HiRes_Ortofotomapa_Mars2025_PL2000.tif
[0.832s] -- Installing: /home/shreyas/arm/install/arm/share/arm/models/dem/MarsYard_CoordSys.png
[0.835s] -- Installing: /home/shreyas/arm/install/arm/share/arm/models/dem/marsyard2022_terrain_hm0.png
[0.835s] -- Installing: /home/shreyas/arm/install/arm/share/arm/worlds
[0.835s] -- Installing: /home/shreyas/arm/install/arm/share/arm/worlds/test_world.sdf
[0.835s] -- Installing: /home/shreyas/arm/install/arm/share/arm/worlds/marsyard.sdf
[0.835s] -- Installing: /home/shreyas/arm/install/arm/share/arm/sdf
[0.835s] -- Installing: /home/shreyas/arm/install/arm/lib/arm/twist_to_arm.py
[0.836s] -- Installing: /home/shreyas/arm/install/arm/lib/arm/combined_ik.py
[0.836s] -- Installing: /home/shreyas/arm/install/arm/share/ament_index/resource_index/package_run_dependencies/arm
[0.836s] -- Installing: /home/shreyas/arm/install/arm/share/ament_index/resource_index/parent_prefix_path/arm
[0.836s] -- Installing: /home/shreyas/arm/install/arm/share/arm/environment/ament_prefix_path.sh
[0.836s] -- Installing: /home/shreyas/arm/install/arm/share/arm/environment/ament_prefix_path.dsv
[0.836s] -- Installing: /home/shreyas/arm/install/arm/share/arm/environment/path.sh
[0.836s] -- Installing: /home/shreyas/arm/install/arm/share/arm/environment/path.dsv
[0.836s] -- Installing: /home/shreyas/arm/install/arm/share/arm/local_setup.bash
[0.836s] -- Installing: /home/shreyas/arm/install/arm/share/arm/local_setup.sh
[0.836s] -- Installing: /home/shreyas/arm/install/arm/share/arm/local_setup.zsh
[0.837s] -- Installing: /home/shreyas/arm/install/arm/share/arm/local_setup.dsv
[0.837s] -- Installing: /home/shreyas/arm/install/arm/share/arm/package.dsv
[0.837s] -- Installing: /home/shreyas/arm/install/arm/share/ament_index/resource_index/packages/arm
[0.837s] -- Installing: /home/shreyas/arm/install/arm/share/arm/cmake/armConfig.cmake
[0.837s] -- Installing: /home/shreyas/arm/install/arm/share/arm/cmake/armConfig-version.cmake
[0.837s] -- Installing: /home/shreyas/arm/install/arm/share/arm/package.xml
[0.840s] Invoked command in '/home/shreyas/arm/build/arm' returned '0': CMAKE_PREFIX_PATH=${CMAKE_PREFIX_PATH}:/opt/ros/jazzy DEBUGINFOD_URLS=https://debuginfod.ubuntu.com /usr/bin/cmake --install /home/shreyas/arm/build/arm
