[0.010s] Invoking command in '/home/shreyas/arm/build/arm': CMAKE_PREFIX_PATH=${CMAKE_PREFIX_PATH}:/opt/ros/jazzy DEBUGINFOD_URLS=https://debuginfod.ubuntu.com /usr/bin/cmake --build /home/shreyas/arm/build/arm -- -j20 -l20
[0.045s] Invoked command in '/home/shreyas/arm/build/arm' returned '0': CMAKE_PREFIX_PATH=${CMAKE_PREFIX_PATH}:/opt/ros/jazzy DEBUGINFOD_URLS=https://debuginfod.ubuntu.com /usr/bin/cmake --build /home/shreyas/arm/build/arm -- -j20 -l20
[0.054s] Invoking command in '/home/shreyas/arm/build/arm': CMAKE_PREFIX_PATH=${CMAKE_PREFIX_PATH}:/opt/ros/jazzy DEBUGINFOD_URLS=https://debuginfod.ubuntu.com /usr/bin/cmake --install /home/shreyas/arm/build/arm
[0.062s] -- Install configuration: ""
[0.062s] -- Up-to-date: /home/shreyas/arm/install/arm/share/arm/urdf
[0.062s] -- Up-to-date: /home/shreyas/arm/install/arm/share/arm/urdf/arm.ros2_control.xacro
[0.062s] -- Up-to-date: /home/shreyas/arm/install/arm/share/arm/urdf/arm_gazebo.xacro
[0.062s] -- Up-to-date: /home/shreyas/arm/install/arm/share/arm/urdf/my_robot.urdf.xacro
[0.062s] -- Up-to-date: /home/shreyas/arm/install/arm/share/arm/urdf/common_properties.xacro
[0.062s] -- Up-to-date: /home/shreyas/arm/install/arm/share/arm/urdf/arm.xacro
[0.062s] -- Up-to-date: /home/shreyas/arm/install/arm/share/arm/launch
[0.062s] -- Up-to-date: /home/shreyas/arm/install/arm/share/arm/launch/display.launch.xml
[0.062s] -- Up-to-date: /home/shreyas/arm/install/arm/share/arm/launch/moveit.launch.xml
[0.063s] -- Up-to-date: /home/shreyas/arm/install/arm/share/arm/launch/my_robot.launch.xml
[0.063s] -- Up-to-date: /home/shreyas/arm/install/arm/share/arm/launch/teleop_arm.launch.py
[0.063s] -- Up-to-date: /home/shreyas/arm/install/arm/share/arm/config
[0.063s] -- Up-to-date: /home/shreyas/arm/install/arm/share/arm/config/gazebo_bridge.yaml
[0.063s] -- Installing: /home/shreyas/arm/install/arm/share/arm/config/teleop_twist_joy.yaml
[0.063s] -- Up-to-date: /home/shreyas/arm/install/arm/share/arm/config/gz_gui_config.config
[0.063s] -- Up-to-date: /home/shreyas/arm/install/arm/share/arm/meshes
[0.063s] -- Up-to-date: /home/shreyas/arm/install/arm/share/arm/meshes/L_Boggie_Link.STL
[0.063s] -- Up-to-date: /home/shreyas/arm/install/arm/share/arm/meshes/arm_gripper.stl
[0.063s] -- Up-to-date: /home/shreyas/arm/install/arm/share/arm/meshes/C_Differential_Link.STL
[0.063s] -- Up-to-date: /home/shreyas/arm/install/arm/share/arm/meshes/R_Rocker_Link.STL
[0.063s] -- Up-to-date: /home/shreyas/arm/install/arm/share/arm/meshes/gripper_left.stl
[0.063s] -- Up-to-date: /home/shreyas/arm/install/arm/share/arm/meshes/R_Rod_link.stl
[0.063s] -- Up-to-date: /home/shreyas/arm/install/arm/share/arm/meshes/arm_wrist.stl
[0.063s] -- Up-to-date: /home/shreyas/arm/install/arm/share/arm/meshes/L_Connecting_Rod_Link.STL
[0.063s] -- Up-to-date: /home/shreyas/arm/install/arm/share/arm/meshes/L_2_Wheel_Link.STL
[0.063s] -- Up-to-date: /home/shreyas/arm/install/arm/share/arm/meshes/R_Connecting_Rod_Link.STL
[0.064s] -- Up-to-date: /home/shreyas/arm/install/arm/share/arm/meshes/R_Boggie_Link.STL
[0.064s] -- Up-to-date: /home/shreyas/arm/install/arm/share/arm/meshes/R_Connecting_Rod_Diff_Link.STL
[0.064s] -- Up-to-date: /home/shreyas/arm/install/arm/share/arm/meshes/arm_elbow.stl
[0.064s] -- Up-to-date: /home/shreyas/arm/install/arm/share/arm/meshes/L_Connecting_Rod_Diff_Link.STL
[0.064s] -- Up-to-date: /home/shreyas/arm/install/arm/share/arm/meshes/L_Rod_link.stl
[0.064s] -- Up-to-date: /home/shreyas/arm/install/arm/share/arm/meshes/R_3_Wheel_Link.STL
[0.064s] -- Up-to-date: /home/shreyas/arm/install/arm/share/arm/meshes/L_1_Wheel_Link.STL
[0.064s] -- Up-to-date: /home/shreyas/arm/install/arm/share/arm/meshes/L_3_Wheel_Link.STL
[0.064s] -- Up-to-date: /home/shreyas/arm/install/arm/share/arm/meshes/gripper_right.stl
[0.064s] -- Up-to-date: /home/shreyas/arm/install/arm/share/arm/meshes/d435.dae
[0.064s] -- Up-to-date: /home/shreyas/arm/install/arm/share/arm/meshes/R_1_Wheel_Link.STL
[0.064s] -- Up-to-date: /home/shreyas/arm/install/arm/share/arm/meshes/gripper_base.stl
[0.064s] -- Up-to-date: /home/shreyas/arm/install/arm/share/arm/meshes/L_Rocker_Link.STL
[0.064s] -- Up-to-date: /home/shreyas/arm/install/arm/share/arm/meshes/Lidar_Link.STL
[0.065s] -- Up-to-date: /home/shreyas/arm/install/arm/share/arm/meshes/arm_base.stl
[0.065s] -- Up-to-date: /home/shreyas/arm/install/arm/share/arm/meshes/R_2_Wheel_Link.STL
[0.065s] -- Up-to-date: /home/shreyas/arm/install/arm/share/arm/meshes/base_link.STL
[0.065s] -- Up-to-date: /home/shreyas/arm/install/arm/share/arm/meshes/arm_shoulder.stl
[0.065s] -- Up-to-date: /home/shreyas/arm/install/arm/share/arm/rviz
[0.065s] -- Up-to-date: /home/shreyas/arm/install/arm/share/arm/rviz/urdf_config.rviz
[0.065s] -- Up-to-date: /home/shreyas/arm/install/arm/share/arm/models
[0.065s] -- Up-to-date: /home/shreyas/arm/install/arm/share/arm/models/textures
[0.065s] -- Up-to-date: /home/shreyas/arm/install/arm/share/arm/models/textures/mars_ortho.png.aux.xml
[0.065s] -- Up-to-date: /home/shreyas/arm/install/arm/share/arm/models/textures/mars_ortho.png
[0.065s] -- Up-to-date: /home/shreyas/arm/install/arm/share/arm/models/dem
[0.066s] -- Up-to-date: /home/shreyas/arm/install/arm/share/arm/models/dem/IMG_20250616_193405.png
[0.066s] -- Up-to-date: /home/shreyas/arm/install/arm/share/arm/models/dem/marsyard2022_terrain_hm.tif
[0.066s] -- Up-to-date: /home/shreyas/arm/install/arm/share/arm/models/dem/HiRes_Ortofotomapa_Mars2025_PL2000-1.png
[0.066s] -- Up-to-date: /home/shreyas/arm/install/arm/share/arm/models/dem/marsyard2022_terrain_texture.png
[0.066s] -- Up-to-date: /home/shreyas/arm/install/arm/share/arm/models/dem/milkyway_starry_sky.dds
[0.066s] -- Up-to-date: /home/shreyas/arm/install/arm/share/arm/models/dem/flat_normal.png
[0.066s] -- Up-to-date: /home/shreyas/arm/install/arm/share/arm/models/dem/HiRes_Ortofotomapa_Mars2025_PL2000.tif
[0.066s] -- Up-to-date: /home/shreyas/arm/install/arm/share/arm/models/dem/MarsYard_CoordSys.png
[0.066s] -- Up-to-date: /home/shreyas/arm/install/arm/share/arm/models/dem/marsyard2022_terrain_hm0.png
[0.066s] -- Up-to-date: /home/shreyas/arm/install/arm/share/arm/worlds
[0.066s] -- Up-to-date: /home/shreyas/arm/install/arm/share/arm/worlds/test_world.sdf
[0.066s] -- Up-to-date: /home/shreyas/arm/install/arm/share/arm/worlds/marsyard.sdf
[0.066s] -- Up-to-date: /home/shreyas/arm/install/arm/share/arm/sdf
[0.066s] -- Up-to-date: /home/shreyas/arm/install/arm/lib/arm/twist_to_arm.py
[0.066s] -- Up-to-date: /home/shreyas/arm/install/arm/lib/arm/combined_ik.py
[0.066s] -- Up-to-date: /home/shreyas/arm/install/arm/share/ament_index/resource_index/package_run_dependencies/arm
[0.066s] -- Up-to-date: /home/shreyas/arm/install/arm/share/ament_index/resource_index/parent_prefix_path/arm
[0.066s] -- Up-to-date: /home/shreyas/arm/install/arm/share/arm/environment/ament_prefix_path.sh
[0.066s] -- Up-to-date: /home/shreyas/arm/install/arm/share/arm/environment/ament_prefix_path.dsv
[0.066s] -- Up-to-date: /home/shreyas/arm/install/arm/share/arm/environment/path.sh
[0.066s] -- Up-to-date: /home/shreyas/arm/install/arm/share/arm/environment/path.dsv
[0.067s] -- Up-to-date: /home/shreyas/arm/install/arm/share/arm/local_setup.bash
[0.067s] -- Up-to-date: /home/shreyas/arm/install/arm/share/arm/local_setup.sh
[0.067s] -- Up-to-date: /home/shreyas/arm/install/arm/share/arm/local_setup.zsh
[0.067s] -- Up-to-date: /home/shreyas/arm/install/arm/share/arm/local_setup.dsv
[0.067s] -- Installing: /home/shreyas/arm/install/arm/share/arm/package.dsv
[0.067s] -- Up-to-date: /home/shreyas/arm/install/arm/share/ament_index/resource_index/packages/arm
[0.067s] -- Up-to-date: /home/shreyas/arm/install/arm/share/arm/cmake/armConfig.cmake
[0.067s] -- Up-to-date: /home/shreyas/arm/install/arm/share/arm/cmake/armConfig-version.cmake
[0.067s] -- Up-to-date: /home/shreyas/arm/install/arm/share/arm/package.xml
[0.067s] Invoked command in '/home/shreyas/arm/build/arm' returned '0': CMAKE_PREFIX_PATH=${CMAKE_PREFIX_PATH}:/opt/ros/jazzy DEBUGINFOD_URLS=https://debuginfod.ubuntu.com /usr/bin/cmake --install /home/shreyas/arm/build/arm
