[0.006s] Invoking command in '/home/shreyas/arm/build/arm_bringup': AMENT_PREFIX_PATH=/home/shreyas/arm/install/arm_moveit:/home/shreyas/arm/install/arm:${AMENT_PREFIX_PATH} CMAKE_PREFIX_PATH=/home/shreyas/arm/install/arm_moveit:/home/shreyas/arm/install/arm:/opt/ros/jazzy/opt/gz_launch_vendor:/opt/ros/jazzy/opt/gz_sim_vendor:/opt/ros/jazzy/opt/gz_sensors_vendor:/opt/ros/jazzy/opt/gz_physics_vendor:/opt/ros/jazzy/opt/sdformat_vendor:/opt/ros/jazzy/opt/gz_gui_vendor:/opt/ros/jazzy/opt/gz_transport_vendor:/opt/ros/jazzy/opt/gz_rendering_vendor:/opt/ros/jazzy/opt/gz_plugin_vendor:/opt/ros/jazzy/opt/gz_fuel_tools_vendor:/opt/ros/jazzy/opt/gz_msgs_vendor:/opt/ros/jazzy/opt/gz_common_vendor:/opt/ros/jazzy/opt/gz_math_vendor:/opt/ros/jazzy/opt/gz_utils_vendor:/opt/ros/jazzy/opt/gz_tools_vendor:/opt/ros/jazzy/opt/gz_ogre_next_vendor:/opt/ros/jazzy/opt/gz_dartsim_vendor:/opt/ros/jazzy/opt/gz_cmake_vendor:/opt/ros/jazzy DEBUGINFOD_URLS=https://debuginfod.ubuntu.com /usr/bin/cmake --build /home/shreyas/arm/build/arm_bringup -- -j20 -l20
[0.036s] Invoked command in '/home/shreyas/arm/build/arm_bringup' returned '0': AMENT_PREFIX_PATH=/home/shreyas/arm/install/arm_moveit:/home/shreyas/arm/install/arm:${AMENT_PREFIX_PATH} CMAKE_PREFIX_PATH=/home/shreyas/arm/install/arm_moveit:/home/shreyas/arm/install/arm:/opt/ros/jazzy/opt/gz_launch_vendor:/opt/ros/jazzy/opt/gz_sim_vendor:/opt/ros/jazzy/opt/gz_sensors_vendor:/opt/ros/jazzy/opt/gz_physics_vendor:/opt/ros/jazzy/opt/sdformat_vendor:/opt/ros/jazzy/opt/gz_gui_vendor:/opt/ros/jazzy/opt/gz_transport_vendor:/opt/ros/jazzy/opt/gz_rendering_vendor:/opt/ros/jazzy/opt/gz_plugin_vendor:/opt/ros/jazzy/opt/gz_fuel_tools_vendor:/opt/ros/jazzy/opt/gz_msgs_vendor:/opt/ros/jazzy/opt/gz_common_vendor:/opt/ros/jazzy/opt/gz_math_vendor:/opt/ros/jazzy/opt/gz_utils_vendor:/opt/ros/jazzy/opt/gz_tools_vendor:/opt/ros/jazzy/opt/gz_ogre_next_vendor:/opt/ros/jazzy/opt/gz_dartsim_vendor:/opt/ros/jazzy/opt/gz_cmake_vendor:/opt/ros/jazzy DEBUGINFOD_URLS=https://debuginfod.ubuntu.com /usr/bin/cmake --build /home/shreyas/arm/build/arm_bringup -- -j20 -l20
[0.037s] Invoking command in '/home/shreyas/arm/build/arm_bringup': AMENT_PREFIX_PATH=/home/shreyas/arm/install/arm_moveit:/home/shreyas/arm/install/arm:${AMENT_PREFIX_PATH} CMAKE_PREFIX_PATH=/home/shreyas/arm/install/arm_moveit:/home/shreyas/arm/install/arm:/opt/ros/jazzy/opt/gz_launch_vendor:/opt/ros/jazzy/opt/gz_sim_vendor:/opt/ros/jazzy/opt/gz_sensors_vendor:/opt/ros/jazzy/opt/gz_physics_vendor:/opt/ros/jazzy/opt/sdformat_vendor:/opt/ros/jazzy/opt/gz_gui_vendor:/opt/ros/jazzy/opt/gz_transport_vendor:/opt/ros/jazzy/opt/gz_rendering_vendor:/opt/ros/jazzy/opt/gz_plugin_vendor:/opt/ros/jazzy/opt/gz_fuel_tools_vendor:/opt/ros/jazzy/opt/gz_msgs_vendor:/opt/ros/jazzy/opt/gz_common_vendor:/opt/ros/jazzy/opt/gz_math_vendor:/opt/ros/jazzy/opt/gz_utils_vendor:/opt/ros/jazzy/opt/gz_tools_vendor:/opt/ros/jazzy/opt/gz_ogre_next_vendor:/opt/ros/jazzy/opt/gz_dartsim_vendor:/opt/ros/jazzy/opt/gz_cmake_vendor:/opt/ros/jazzy DEBUGINFOD_URLS=https://debuginfod.ubuntu.com /usr/bin/cmake --install /home/shreyas/arm/build/arm_bringup
[0.042s] -- Install configuration: ""
[0.042s] -- Up-to-date: /home/shreyas/arm/install/arm_bringup/share/arm_bringup/launch
[0.042s] -- Up-to-date: /home/shreyas/arm/install/arm_bringup/share/arm_bringup/launch/arm_bringup.launch.xml
[0.042s] -- Up-to-date: /home/shreyas/arm/install/arm_bringup/share/arm_bringup/config
[0.042s] -- Up-to-date: /home/shreyas/arm/install/arm_bringup/share/arm_bringup/config/arm.ros2_control.xacro
[0.042s] -- Up-to-date: /home/shreyas/arm/install/arm_bringup/share/arm_bringup/config/urdf_config.rviz
[0.042s] -- Up-to-date: /home/shreyas/arm/install/arm_bringup/share/arm_bringup/config/ros2_controllers.yaml
[0.042s] -- Up-to-date: /home/shreyas/arm/install/arm_bringup/share/ament_index/resource_index/package_run_dependencies/arm_bringup
[0.042s] -- Up-to-date: /home/shreyas/arm/install/arm_bringup/share/ament_index/resource_index/parent_prefix_path/arm_bringup
[0.042s] -- Up-to-date: /home/shreyas/arm/install/arm_bringup/share/arm_bringup/environment/ament_prefix_path.sh
[0.042s] -- Up-to-date: /home/shreyas/arm/install/arm_bringup/share/arm_bringup/environment/ament_prefix_path.dsv
[0.042s] -- Up-to-date: /home/shreyas/arm/install/arm_bringup/share/arm_bringup/environment/path.sh
[0.042s] -- Up-to-date: /home/shreyas/arm/install/arm_bringup/share/arm_bringup/environment/path.dsv
[0.042s] -- Up-to-date: /home/shreyas/arm/install/arm_bringup/share/arm_bringup/local_setup.bash
[0.042s] -- Up-to-date: /home/shreyas/arm/install/arm_bringup/share/arm_bringup/local_setup.sh
[0.042s] -- Up-to-date: /home/shreyas/arm/install/arm_bringup/share/arm_bringup/local_setup.zsh
[0.042s] -- Up-to-date: /home/shreyas/arm/install/arm_bringup/share/arm_bringup/local_setup.dsv
[0.042s] -- Installing: /home/shreyas/arm/install/arm_bringup/share/arm_bringup/package.dsv
[0.044s] -- Up-to-date: /home/shreyas/arm/install/arm_bringup/share/ament_index/resource_index/packages/arm_bringup
[0.044s] -- Up-to-date: /home/shreyas/arm/install/arm_bringup/share/arm_bringup/cmake/arm_bringupConfig.cmake
[0.044s] -- Up-to-date: /home/shreyas/arm/install/arm_bringup/share/arm_bringup/cmake/arm_bringupConfig-version.cmake
[0.044s] -- Up-to-date: /home/shreyas/arm/install/arm_bringup/share/arm_bringup/package.xml
[0.045s] Invoked command in '/home/shreyas/arm/build/arm_bringup' returned '0': AMENT_PREFIX_PATH=/home/shreyas/arm/install/arm_moveit:/home/shreyas/arm/install/arm:${AMENT_PREFIX_PATH} CMAKE_PREFIX_PATH=/home/shreyas/arm/install/arm_moveit:/home/shreyas/arm/install/arm:/opt/ros/jazzy/opt/gz_launch_vendor:/opt/ros/jazzy/opt/gz_sim_vendor:/opt/ros/jazzy/opt/gz_sensors_vendor:/opt/ros/jazzy/opt/gz_physics_vendor:/opt/ros/jazzy/opt/sdformat_vendor:/opt/ros/jazzy/opt/gz_gui_vendor:/opt/ros/jazzy/opt/gz_transport_vendor:/opt/ros/jazzy/opt/gz_rendering_vendor:/opt/ros/jazzy/opt/gz_plugin_vendor:/opt/ros/jazzy/opt/gz_fuel_tools_vendor:/opt/ros/jazzy/opt/gz_msgs_vendor:/opt/ros/jazzy/opt/gz_common_vendor:/opt/ros/jazzy/opt/gz_math_vendor:/opt/ros/jazzy/opt/gz_utils_vendor:/opt/ros/jazzy/opt/gz_tools_vendor:/opt/ros/jazzy/opt/gz_ogre_next_vendor:/opt/ros/jazzy/opt/gz_dartsim_vendor:/opt/ros/jazzy/opt/gz_cmake_vendor:/opt/ros/jazzy DEBUGINFOD_URLS=https://debuginfod.ubuntu.com /usr/bin/cmake --install /home/shreyas/arm/build/arm_bringup
