[0.056s] DEBUG:colcon:Command line arguments: ['/usr/bin/colcon', 'build']
[0.056s] DEBUG:colcon:Parsed command line arguments: Namespace(log_base=None, log_level=None, verb_name='build', build_base='build', install_base='install', merge_install=False, symlink_install=False, test_result_base=None, continue_on_error=False, executor='parallel', parallel_workers=20, event_handlers=None, ignore_user_meta=False, metas=['./colcon.meta'], base_paths=['.'], packages_ignore=None, packages_ignore_regex=None, paths=None, packages_up_to=None, packages_up_to_regex=None, packages_above=None, packages_above_and_dependencies=None, packages_above_depth=None, packages_select_by_dep=None, packages_skip_by_dep=None, packages_skip_up_to=None, packages_select_build_failed=False, packages_skip_build_finished=False, packages_select_test_failures=False, packages_skip_test_passed=False, packages_select=None, packages_skip=None, packages_select_regex=None, packages_skip_regex=None, packages_start=None, packages_end=None, allow_overriding=[], cmake_args=None, cmake_target=None, cmake_target_skip_unavailable=False, cmake_clean_cache=False, cmake_clean_first=False, cmake_force_configure=False, ament_cmake_args=None, catkin_cmake_args=None, catkin_skip_building_tests=False, mixin_files=None, mixin=None, verb_parser=<colcon_mixin.mixin.mixin_argument.MixinArgumentDecorator object at 0x7019df5ac890>, verb_extension=<colcon_core.verb.build.BuildVerb object at 0x7019df5ac590>, main=<bound method BuildVerb.main of <colcon_core.verb.build.BuildVerb object at 0x7019df5ac590>>, mixin_verb=('build',))
[0.076s] Level 1:colcon.colcon_core.package_discovery:discover_packages(colcon_meta) check parameters
[0.077s] Level 1:colcon.colcon_core.package_discovery:discover_packages(recursive) check parameters
[0.077s] Level 1:colcon.colcon_core.package_discovery:discover_packages(ignore) check parameters
[0.077s] Level 1:colcon.colcon_core.package_discovery:discover_packages(path) check parameters
[0.077s] Level 1:colcon.colcon_core.package_discovery:discover_packages(colcon_meta) discover
[0.077s] Level 1:colcon.colcon_core.package_discovery:discover_packages(recursive) discover
[0.077s] INFO:colcon.colcon_core.package_discovery:Crawling recursively for packages in '/home/shreyas/arm'
[0.077s] Level 1:colcon.colcon_core.package_identification:_identify(.) by extensions ['ignore', 'ignore_ament_install']
[0.077s] Level 1:colcon.colcon_core.package_identification:_identify(.) by extension 'ignore'
[0.077s] Level 1:colcon.colcon_core.package_identification:_identify(.) by extension 'ignore_ament_install'
[0.077s] Level 1:colcon.colcon_core.package_identification:_identify(.) by extensions ['colcon_pkg']
[0.077s] Level 1:colcon.colcon_core.package_identification:_identify(.) by extension 'colcon_pkg'
[0.077s] Level 1:colcon.colcon_core.package_identification:_identify(.) by extensions ['colcon_meta']
[0.077s] Level 1:colcon.colcon_core.package_identification:_identify(.) by extension 'colcon_meta'
[0.077s] Level 1:colcon.colcon_core.package_identification:_identify(.) by extensions ['ros']
[0.077s] Level 1:colcon.colcon_core.package_identification:_identify(.) by extension 'ros'
[0.091s] Level 1:colcon.colcon_core.package_identification:_identify(.) by extensions ['cmake', 'python']
[0.091s] Level 1:colcon.colcon_core.package_identification:_identify(.) by extension 'cmake'
[0.091s] Level 1:colcon.colcon_core.package_identification:_identify(.) by extension 'python'
[0.091s] Level 1:colcon.colcon_core.package_identification:_identify(.) by extensions ['python_setup_py']
[0.091s] Level 1:colcon.colcon_core.package_identification:_identify(.) by extension 'python_setup_py'
[0.091s] Level 1:colcon.colcon_core.package_identification:_identify(build) by extensions ['ignore', 'ignore_ament_install']
[0.091s] Level 1:colcon.colcon_core.package_identification:_identify(build) by extension 'ignore'
[0.091s] Level 1:colcon.colcon_core.package_identification:_identify(build) ignored
[0.091s] Level 1:colcon.colcon_core.package_identification:_identify(install) by extensions ['ignore', 'ignore_ament_install']
[0.091s] Level 1:colcon.colcon_core.package_identification:_identify(install) by extension 'ignore'
[0.091s] Level 1:colcon.colcon_core.package_identification:_identify(install) ignored
[0.091s] Level 1:colcon.colcon_core.package_identification:_identify(log) by extensions ['ignore', 'ignore_ament_install']
[0.091s] Level 1:colcon.colcon_core.package_identification:_identify(log) by extension 'ignore'
[0.091s] Level 1:colcon.colcon_core.package_identification:_identify(log) ignored
[0.091s] Level 1:colcon.colcon_core.package_identification:_identify(src) by extensions ['ignore', 'ignore_ament_install']
[0.091s] Level 1:colcon.colcon_core.package_identification:_identify(src) by extension 'ignore'
[0.091s] Level 1:colcon.colcon_core.package_identification:_identify(src) by extension 'ignore_ament_install'
[0.091s] Level 1:colcon.colcon_core.package_identification:_identify(src) by extensions ['colcon_pkg']
[0.091s] Level 1:colcon.colcon_core.package_identification:_identify(src) by extension 'colcon_pkg'
[0.091s] Level 1:colcon.colcon_core.package_identification:_identify(src) by extensions ['colcon_meta']
[0.091s] Level 1:colcon.colcon_core.package_identification:_identify(src) by extension 'colcon_meta'
[0.091s] Level 1:colcon.colcon_core.package_identification:_identify(src) by extensions ['ros']
[0.091s] Level 1:colcon.colcon_core.package_identification:_identify(src) by extension 'ros'
[0.091s] Level 1:colcon.colcon_core.package_identification:_identify(src) by extensions ['cmake', 'python']
[0.091s] Level 1:colcon.colcon_core.package_identification:_identify(src) by extension 'cmake'
[0.091s] Level 1:colcon.colcon_core.package_identification:_identify(src) by extension 'python'
[0.091s] Level 1:colcon.colcon_core.package_identification:_identify(src) by extensions ['python_setup_py']
[0.091s] Level 1:colcon.colcon_core.package_identification:_identify(src) by extension 'python_setup_py'
[0.092s] Level 1:colcon.colcon_core.package_identification:_identify(src/arm) by extensions ['ignore', 'ignore_ament_install']
[0.092s] Level 1:colcon.colcon_core.package_identification:_identify(src/arm) by extension 'ignore'
[0.092s] Level 1:colcon.colcon_core.package_identification:_identify(src/arm) by extension 'ignore_ament_install'
[0.092s] Level 1:colcon.colcon_core.package_identification:_identify(src/arm) by extensions ['colcon_pkg']
[0.092s] Level 1:colcon.colcon_core.package_identification:_identify(src/arm) by extension 'colcon_pkg'
[0.092s] Level 1:colcon.colcon_core.package_identification:_identify(src/arm) by extensions ['colcon_meta']
[0.092s] Level 1:colcon.colcon_core.package_identification:_identify(src/arm) by extension 'colcon_meta'
[0.092s] Level 1:colcon.colcon_core.package_identification:_identify(src/arm) by extensions ['ros']
[0.092s] Level 1:colcon.colcon_core.package_identification:_identify(src/arm) by extension 'ros'
[0.093s] DEBUG:colcon.colcon_core.package_identification:Package 'src/arm' with type 'ros.ament_cmake' and name 'arm'
[0.093s] Level 1:colcon.colcon_core.package_identification:_identify(src/arm_bringup) by extensions ['ignore', 'ignore_ament_install']
[0.093s] Level 1:colcon.colcon_core.package_identification:_identify(src/arm_bringup) by extension 'ignore'
[0.093s] Level 1:colcon.colcon_core.package_identification:_identify(src/arm_bringup) by extension 'ignore_ament_install'
[0.093s] Level 1:colcon.colcon_core.package_identification:_identify(src/arm_bringup) by extensions ['colcon_pkg']
[0.093s] Level 1:colcon.colcon_core.package_identification:_identify(src/arm_bringup) by extension 'colcon_pkg'
[0.093s] Level 1:colcon.colcon_core.package_identification:_identify(src/arm_bringup) by extensions ['colcon_meta']
[0.093s] Level 1:colcon.colcon_core.package_identification:_identify(src/arm_bringup) by extension 'colcon_meta'
[0.093s] Level 1:colcon.colcon_core.package_identification:_identify(src/arm_bringup) by extensions ['ros']
[0.093s] Level 1:colcon.colcon_core.package_identification:_identify(src/arm_bringup) by extension 'ros'
[0.093s] DEBUG:colcon.colcon_core.package_identification:Package 'src/arm_bringup' with type 'ros.ament_cmake' and name 'arm_bringup'
[0.093s] Level 1:colcon.colcon_core.package_identification:_identify(src/arm_commander_cpp) by extensions ['ignore', 'ignore_ament_install']
[0.093s] Level 1:colcon.colcon_core.package_identification:_identify(src/arm_commander_cpp) by extension 'ignore'
[0.093s] Level 1:colcon.colcon_core.package_identification:_identify(src/arm_commander_cpp) by extension 'ignore_ament_install'
[0.094s] Level 1:colcon.colcon_core.package_identification:_identify(src/arm_commander_cpp) by extensions ['colcon_pkg']
[0.094s] Level 1:colcon.colcon_core.package_identification:_identify(src/arm_commander_cpp) by extension 'colcon_pkg'
[0.094s] Level 1:colcon.colcon_core.package_identification:_identify(src/arm_commander_cpp) by extensions ['colcon_meta']
[0.094s] Level 1:colcon.colcon_core.package_identification:_identify(src/arm_commander_cpp) by extension 'colcon_meta'
[0.094s] Level 1:colcon.colcon_core.package_identification:_identify(src/arm_commander_cpp) by extensions ['ros']
[0.094s] Level 1:colcon.colcon_core.package_identification:_identify(src/arm_commander_cpp) by extension 'ros'
[0.094s] DEBUG:colcon.colcon_core.package_identification:Package 'src/arm_commander_cpp' with type 'ros.ament_cmake' and name 'arm_commander_cpp'
[0.094s] Level 1:colcon.colcon_core.package_identification:_identify(src/arm_interfaces) by extensions ['ignore', 'ignore_ament_install']
[0.094s] Level 1:colcon.colcon_core.package_identification:_identify(src/arm_interfaces) by extension 'ignore'
[0.094s] Level 1:colcon.colcon_core.package_identification:_identify(src/arm_interfaces) by extension 'ignore_ament_install'
[0.094s] Level 1:colcon.colcon_core.package_identification:_identify(src/arm_interfaces) by extensions ['colcon_pkg']
[0.094s] Level 1:colcon.colcon_core.package_identification:_identify(src/arm_interfaces) by extension 'colcon_pkg'
[0.094s] Level 1:colcon.colcon_core.package_identification:_identify(src/arm_interfaces) by extensions ['colcon_meta']
[0.094s] Level 1:colcon.colcon_core.package_identification:_identify(src/arm_interfaces) by extension 'colcon_meta'
[0.094s] Level 1:colcon.colcon_core.package_identification:_identify(src/arm_interfaces) by extensions ['ros']
[0.094s] Level 1:colcon.colcon_core.package_identification:_identify(src/arm_interfaces) by extension 'ros'
[0.094s] DEBUG:colcon.colcon_core.package_identification:Package 'src/arm_interfaces' with type 'ros.ament_cmake' and name 'arm_interfaces'
[0.094s] Level 1:colcon.colcon_core.package_identification:_identify(src/arm_moveit) by extensions ['ignore', 'ignore_ament_install']
[0.094s] Level 1:colcon.colcon_core.package_identification:_identify(src/arm_moveit) by extension 'ignore'
[0.094s] Level 1:colcon.colcon_core.package_identification:_identify(src/arm_moveit) by extension 'ignore_ament_install'
[0.094s] Level 1:colcon.colcon_core.package_identification:_identify(src/arm_moveit) by extensions ['colcon_pkg']
[0.094s] Level 1:colcon.colcon_core.package_identification:_identify(src/arm_moveit) by extension 'colcon_pkg'
[0.094s] Level 1:colcon.colcon_core.package_identification:_identify(src/arm_moveit) by extensions ['colcon_meta']
[0.094s] Level 1:colcon.colcon_core.package_identification:_identify(src/arm_moveit) by extension 'colcon_meta'
[0.095s] Level 1:colcon.colcon_core.package_identification:_identify(src/arm_moveit) by extensions ['ros']
[0.095s] Level 1:colcon.colcon_core.package_identification:_identify(src/arm_moveit) by extension 'ros'
[0.095s] DEBUG:colcon.colcon_core.package_identification:Package 'src/arm_moveit' with type 'ros.ament_cmake' and name 'arm_moveit'
[0.095s] Level 1:colcon.colcon_core.package_discovery:discover_packages(recursive) using defaults
[0.095s] Level 1:colcon.colcon_core.package_discovery:discover_packages(ignore) discover
[0.095s] Level 1:colcon.colcon_core.package_discovery:discover_packages(ignore) using defaults
[0.095s] Level 1:colcon.colcon_core.package_discovery:discover_packages(path) discover
[0.095s] Level 1:colcon.colcon_core.package_discovery:discover_packages(path) using defaults
[0.104s] Level 1:colcon.colcon_core.package_discovery:discover_packages(prefix_path) check parameters
[0.104s] Level 1:colcon.colcon_core.package_discovery:discover_packages(prefix_path) discover
[0.105s] DEBUG:colcon.colcon_installed_package_information.package_discovery:Found 5 installed packages in /home/shreyas/arm/install
[0.106s] DEBUG:colcon.colcon_installed_package_information.package_discovery:Found 449 installed packages in /opt/ros/jazzy
[0.107s] Level 1:colcon.colcon_core.package_discovery:discover_packages(prefix_path) using defaults
[0.130s] Level 5:colcon.colcon_core.verb:set package 'arm' build argument 'cmake_args' from command line to 'None'
[0.130s] Level 5:colcon.colcon_core.verb:set package 'arm' build argument 'cmake_target' from command line to 'None'
[0.130s] Level 5:colcon.colcon_core.verb:set package 'arm' build argument 'cmake_target_skip_unavailable' from command line to 'False'
[0.130s] Level 5:colcon.colcon_core.verb:set package 'arm' build argument 'cmake_clean_cache' from command line to 'False'
[0.130s] Level 5:colcon.colcon_core.verb:set package 'arm' build argument 'cmake_clean_first' from command line to 'False'
[0.130s] Level 5:colcon.colcon_core.verb:set package 'arm' build argument 'cmake_force_configure' from command line to 'False'
[0.130s] Level 5:colcon.colcon_core.verb:set package 'arm' build argument 'ament_cmake_args' from command line to 'None'
[0.130s] Level 5:colcon.colcon_core.verb:set package 'arm' build argument 'catkin_cmake_args' from command line to 'None'
[0.130s] Level 5:colcon.colcon_core.verb:set package 'arm' build argument 'catkin_skip_building_tests' from command line to 'False'
[0.130s] DEBUG:colcon.colcon_core.verb:Building package 'arm' with the following arguments: {'ament_cmake_args': None, 'build_base': '/home/shreyas/arm/build/arm', 'catkin_cmake_args': None, 'catkin_skip_building_tests': False, 'cmake_args': None, 'cmake_clean_cache': False, 'cmake_clean_first': False, 'cmake_force_configure': False, 'cmake_target': None, 'cmake_target_skip_unavailable': False, 'install_base': '/home/shreyas/arm/install/arm', 'merge_install': False, 'path': '/home/shreyas/arm/src/arm', 'symlink_install': False, 'test_result_base': None}
[0.130s] Level 5:colcon.colcon_core.verb:set package 'arm_interfaces' build argument 'cmake_args' from command line to 'None'
[0.130s] Level 5:colcon.colcon_core.verb:set package 'arm_interfaces' build argument 'cmake_target' from command line to 'None'
[0.130s] Level 5:colcon.colcon_core.verb:set package 'arm_interfaces' build argument 'cmake_target_skip_unavailable' from command line to 'False'
[0.130s] Level 5:colcon.colcon_core.verb:set package 'arm_interfaces' build argument 'cmake_clean_cache' from command line to 'False'
[0.130s] Level 5:colcon.colcon_core.verb:set package 'arm_interfaces' build argument 'cmake_clean_first' from command line to 'False'
[0.130s] Level 5:colcon.colcon_core.verb:set package 'arm_interfaces' build argument 'cmake_force_configure' from command line to 'False'
[0.130s] Level 5:colcon.colcon_core.verb:set package 'arm_interfaces' build argument 'ament_cmake_args' from command line to 'None'
[0.130s] Level 5:colcon.colcon_core.verb:set package 'arm_interfaces' build argument 'catkin_cmake_args' from command line to 'None'
[0.130s] Level 5:colcon.colcon_core.verb:set package 'arm_interfaces' build argument 'catkin_skip_building_tests' from command line to 'False'
[0.130s] DEBUG:colcon.colcon_core.verb:Building package 'arm_interfaces' with the following arguments: {'ament_cmake_args': None, 'build_base': '/home/shreyas/arm/build/arm_interfaces', 'catkin_cmake_args': None, 'catkin_skip_building_tests': False, 'cmake_args': None, 'cmake_clean_cache': False, 'cmake_clean_first': False, 'cmake_force_configure': False, 'cmake_target': None, 'cmake_target_skip_unavailable': False, 'install_base': '/home/shreyas/arm/install/arm_interfaces', 'merge_install': False, 'path': '/home/shreyas/arm/src/arm_interfaces', 'symlink_install': False, 'test_result_base': None}
[0.130s] Level 5:colcon.colcon_core.verb:set package 'arm_commander_cpp' build argument 'cmake_args' from command line to 'None'
[0.130s] Level 5:colcon.colcon_core.verb:set package 'arm_commander_cpp' build argument 'cmake_target' from command line to 'None'
[0.130s] Level 5:colcon.colcon_core.verb:set package 'arm_commander_cpp' build argument 'cmake_target_skip_unavailable' from command line to 'False'
[0.130s] Level 5:colcon.colcon_core.verb:set package 'arm_commander_cpp' build argument 'cmake_clean_cache' from command line to 'False'
[0.130s] Level 5:colcon.colcon_core.verb:set package 'arm_commander_cpp' build argument 'cmake_clean_first' from command line to 'False'
[0.130s] Level 5:colcon.colcon_core.verb:set package 'arm_commander_cpp' build argument 'cmake_force_configure' from command line to 'False'
[0.130s] Level 5:colcon.colcon_core.verb:set package 'arm_commander_cpp' build argument 'ament_cmake_args' from command line to 'None'
[0.130s] Level 5:colcon.colcon_core.verb:set package 'arm_commander_cpp' build argument 'catkin_cmake_args' from command line to 'None'
[0.130s] Level 5:colcon.colcon_core.verb:set package 'arm_commander_cpp' build argument 'catkin_skip_building_tests' from command line to 'False'
[0.130s] DEBUG:colcon.colcon_core.verb:Building package 'arm_commander_cpp' with the following arguments: {'ament_cmake_args': None, 'build_base': '/home/shreyas/arm/build/arm_commander_cpp', 'catkin_cmake_args': None, 'catkin_skip_building_tests': False, 'cmake_args': None, 'cmake_clean_cache': False, 'cmake_clean_first': False, 'cmake_force_configure': False, 'cmake_target': None, 'cmake_target_skip_unavailable': False, 'install_base': '/home/shreyas/arm/install/arm_commander_cpp', 'merge_install': False, 'path': '/home/shreyas/arm/src/arm_commander_cpp', 'symlink_install': False, 'test_result_base': None}
[0.131s] Level 5:colcon.colcon_core.verb:set package 'arm_moveit' build argument 'cmake_args' from command line to 'None'
[0.131s] Level 5:colcon.colcon_core.verb:set package 'arm_moveit' build argument 'cmake_target' from command line to 'None'
[0.131s] Level 5:colcon.colcon_core.verb:set package 'arm_moveit' build argument 'cmake_target_skip_unavailable' from command line to 'False'
[0.131s] Level 5:colcon.colcon_core.verb:set package 'arm_moveit' build argument 'cmake_clean_cache' from command line to 'False'
[0.131s] Level 5:colcon.colcon_core.verb:set package 'arm_moveit' build argument 'cmake_clean_first' from command line to 'False'
[0.131s] Level 5:colcon.colcon_core.verb:set package 'arm_moveit' build argument 'cmake_force_configure' from command line to 'False'
[0.131s] Level 5:colcon.colcon_core.verb:set package 'arm_moveit' build argument 'ament_cmake_args' from command line to 'None'
[0.131s] Level 5:colcon.colcon_core.verb:set package 'arm_moveit' build argument 'catkin_cmake_args' from command line to 'None'
[0.131s] Level 5:colcon.colcon_core.verb:set package 'arm_moveit' build argument 'catkin_skip_building_tests' from command line to 'False'
[0.131s] DEBUG:colcon.colcon_core.verb:Building package 'arm_moveit' with the following arguments: {'ament_cmake_args': None, 'build_base': '/home/shreyas/arm/build/arm_moveit', 'catkin_cmake_args': None, 'catkin_skip_building_tests': False, 'cmake_args': None, 'cmake_clean_cache': False, 'cmake_clean_first': False, 'cmake_force_configure': False, 'cmake_target': None, 'cmake_target_skip_unavailable': False, 'install_base': '/home/shreyas/arm/install/arm_moveit', 'merge_install': False, 'path': '/home/shreyas/arm/src/arm_moveit', 'symlink_install': False, 'test_result_base': None}
[0.131s] Level 5:colcon.colcon_core.verb:set package 'arm_bringup' build argument 'cmake_args' from command line to 'None'
[0.131s] Level 5:colcon.colcon_core.verb:set package 'arm_bringup' build argument 'cmake_target' from command line to 'None'
[0.131s] Level 5:colcon.colcon_core.verb:set package 'arm_bringup' build argument 'cmake_target_skip_unavailable' from command line to 'False'
[0.131s] Level 5:colcon.colcon_core.verb:set package 'arm_bringup' build argument 'cmake_clean_cache' from command line to 'False'
[0.131s] Level 5:colcon.colcon_core.verb:set package 'arm_bringup' build argument 'cmake_clean_first' from command line to 'False'
[0.131s] Level 5:colcon.colcon_core.verb:set package 'arm_bringup' build argument 'cmake_force_configure' from command line to 'False'
[0.131s] Level 5:colcon.colcon_core.verb:set package 'arm_bringup' build argument 'ament_cmake_args' from command line to 'None'
[0.131s] Level 5:colcon.colcon_core.verb:set package 'arm_bringup' build argument 'catkin_cmake_args' from command line to 'None'
[0.131s] Level 5:colcon.colcon_core.verb:set package 'arm_bringup' build argument 'catkin_skip_building_tests' from command line to 'False'
[0.131s] DEBUG:colcon.colcon_core.verb:Building package 'arm_bringup' with the following arguments: {'ament_cmake_args': None, 'build_base': '/home/shreyas/arm/build/arm_bringup', 'catkin_cmake_args': None, 'catkin_skip_building_tests': False, 'cmake_args': None, 'cmake_clean_cache': False, 'cmake_clean_first': False, 'cmake_force_configure': False, 'cmake_target': None, 'cmake_target_skip_unavailable': False, 'install_base': '/home/shreyas/arm/install/arm_bringup', 'merge_install': False, 'path': '/home/shreyas/arm/src/arm_bringup', 'symlink_install': False, 'test_result_base': None}
[0.131s] INFO:colcon.colcon_core.executor:Executing jobs using 'parallel' executor
[0.132s] DEBUG:colcon.colcon_parallel_executor.executor.parallel:run_until_complete
[0.132s] INFO:colcon.colcon_ros.task.ament_cmake.build:Building ROS package in '/home/shreyas/arm/src/arm' with build type 'ament_cmake'
[0.132s] INFO:colcon.colcon_cmake.task.cmake.build:Building CMake package in '/home/shreyas/arm/src/arm'
[0.133s] INFO:colcon.colcon_core.plugin_system:Skipping extension 'colcon_core.shell.bat': Not used on non-Windows systems
[0.134s] INFO:colcon.colcon_core.shell:Skip shell extension 'powershell' for command environment: Not usable outside of PowerShell
[0.134s] DEBUG:colcon.colcon_core.shell:Skip shell extension 'dsv' for command environment
[0.136s] INFO:colcon.colcon_ros.task.ament_cmake.build:Building ROS package in '/home/shreyas/arm/src/arm_interfaces' with build type 'ament_cmake'
[0.136s] INFO:colcon.colcon_cmake.task.cmake.build:Building CMake package in '/home/shreyas/arm/src/arm_interfaces'
[0.136s] INFO:colcon.colcon_core.shell:Skip shell extension 'powershell' for command environment: Not usable outside of PowerShell
[0.136s] DEBUG:colcon.colcon_core.shell:Skip shell extension 'dsv' for command environment
[0.140s] DEBUG:colcon.colcon_core.event_handler.log_command:Invoking command in '/home/shreyas/arm/build/arm': CMAKE_PREFIX_PATH=${CMAKE_PREFIX_PATH}:/opt/ros/jazzy DEBUGINFOD_URLS=https://debuginfod.ubuntu.com /usr/bin/cmake --build /home/shreyas/arm/build/arm -- -j20 -l20
[0.142s] DEBUG:colcon.colcon_core.event_handler.log_command:Invoking command in '/home/shreyas/arm/build/arm_interfaces': CMAKE_PREFIX_PATH=${CMAKE_PREFIX_PATH}:/opt/ros/jazzy DEBUGINFOD_URLS=https://debuginfod.ubuntu.com /usr/bin/cmake --build /home/shreyas/arm/build/arm_interfaces -- -j20 -l20
[0.183s] DEBUG:colcon.colcon_core.event_handler.log_command:Invoked command in '/home/shreyas/arm/build/arm' returned '0': CMAKE_PREFIX_PATH=${CMAKE_PREFIX_PATH}:/opt/ros/jazzy DEBUGINFOD_URLS=https://debuginfod.ubuntu.com /usr/bin/cmake --build /home/shreyas/arm/build/arm -- -j20 -l20
[0.191s] DEBUG:colcon.colcon_core.event_handler.log_command:Invoking command in '/home/shreyas/arm/build/arm': CMAKE_PREFIX_PATH=${CMAKE_PREFIX_PATH}:/opt/ros/jazzy DEBUGINFOD_URLS=https://debuginfod.ubuntu.com /usr/bin/cmake --install /home/shreyas/arm/build/arm
[0.204s] Level 1:colcon.colcon_core.environment:create_environment_scripts_only(arm)
[0.204s] DEBUG:colcon.colcon_core.event_handler.log_command:Invoked command in '/home/shreyas/arm/build/arm' returned '0': CMAKE_PREFIX_PATH=${CMAKE_PREFIX_PATH}:/opt/ros/jazzy DEBUGINFOD_URLS=https://debuginfod.ubuntu.com /usr/bin/cmake --install /home/shreyas/arm/build/arm
[0.206s] Level 1:colcon.colcon_core.environment:checking '/home/shreyas/arm/install/arm' for CMake module files
[0.207s] Level 1:colcon.colcon_core.environment:checking '/home/shreyas/arm/install/arm' for CMake config files
[0.207s] Level 1:colcon.colcon_core.shell:create_environment_hook('arm', 'cmake_prefix_path')
[0.207s] INFO:colcon.colcon_core.shell:Creating environment hook '/home/shreyas/arm/install/arm/share/arm/hook/cmake_prefix_path.ps1'
[0.207s] INFO:colcon.colcon_core.shell:Creating environment descriptor '/home/shreyas/arm/install/arm/share/arm/hook/cmake_prefix_path.dsv'
[0.208s] INFO:colcon.colcon_core.shell:Creating environment hook '/home/shreyas/arm/install/arm/share/arm/hook/cmake_prefix_path.sh'
[0.208s] Level 1:colcon.colcon_core.environment:checking '/home/shreyas/arm/install/arm/lib'
[0.208s] Level 1:colcon.colcon_core.environment:checking '/home/shreyas/arm/install/arm/bin'
[0.209s] Level 1:colcon.colcon_core.environment:checking '/home/shreyas/arm/install/arm/lib/pkgconfig/arm.pc'
[0.209s] Level 1:colcon.colcon_core.environment:checking '/home/shreyas/arm/install/arm/lib/python3.12/site-packages'
[0.209s] Level 1:colcon.colcon_core.environment:checking '/home/shreyas/arm/install/arm/bin'
[0.209s] INFO:colcon.colcon_core.shell:Creating package script '/home/shreyas/arm/install/arm/share/arm/package.ps1'
[0.210s] INFO:colcon.colcon_core.shell:Creating package descriptor '/home/shreyas/arm/install/arm/share/arm/package.dsv'
[0.210s] INFO:colcon.colcon_core.shell:Creating package script '/home/shreyas/arm/install/arm/share/arm/package.sh'
[0.211s] INFO:colcon.colcon_core.shell:Creating package script '/home/shreyas/arm/install/arm/share/arm/package.bash'
[0.211s] INFO:colcon.colcon_core.shell:Creating package script '/home/shreyas/arm/install/arm/share/arm/package.zsh'
[0.212s] Level 1:colcon.colcon_core.environment:create_file_with_runtime_dependencies(/home/shreyas/arm/install/arm/share/colcon-core/packages/arm)
[0.212s] Level 1:colcon.colcon_core.environment:create_environment_scripts_only(arm)
[0.212s] Level 1:colcon.colcon_core.environment:checking '/home/shreyas/arm/install/arm' for CMake module files
[0.213s] Level 1:colcon.colcon_core.environment:checking '/home/shreyas/arm/install/arm' for CMake config files
[0.213s] Level 1:colcon.colcon_core.shell:create_environment_hook('arm', 'cmake_prefix_path')
[0.213s] INFO:colcon.colcon_core.shell:Creating environment hook '/home/shreyas/arm/install/arm/share/arm/hook/cmake_prefix_path.ps1'
[0.213s] INFO:colcon.colcon_core.shell:Creating environment descriptor '/home/shreyas/arm/install/arm/share/arm/hook/cmake_prefix_path.dsv'
[0.214s] INFO:colcon.colcon_core.shell:Creating environment hook '/home/shreyas/arm/install/arm/share/arm/hook/cmake_prefix_path.sh'
[0.214s] Level 1:colcon.colcon_core.environment:checking '/home/shreyas/arm/install/arm/lib'
[0.214s] Level 1:colcon.colcon_core.environment:checking '/home/shreyas/arm/install/arm/bin'
[0.214s] Level 1:colcon.colcon_core.environment:checking '/home/shreyas/arm/install/arm/lib/pkgconfig/arm.pc'
[0.214s] Level 1:colcon.colcon_core.environment:checking '/home/shreyas/arm/install/arm/lib/python3.12/site-packages'
[0.215s] Level 1:colcon.colcon_core.environment:checking '/home/shreyas/arm/install/arm/bin'
[0.215s] INFO:colcon.colcon_core.shell:Creating package script '/home/shreyas/arm/install/arm/share/arm/package.ps1'
[0.215s] INFO:colcon.colcon_core.shell:Creating package descriptor '/home/shreyas/arm/install/arm/share/arm/package.dsv'
[0.216s] INFO:colcon.colcon_core.shell:Creating package script '/home/shreyas/arm/install/arm/share/arm/package.sh'
[0.216s] INFO:colcon.colcon_core.shell:Creating package script '/home/shreyas/arm/install/arm/share/arm/package.bash'
[0.216s] INFO:colcon.colcon_core.shell:Creating package script '/home/shreyas/arm/install/arm/share/arm/package.zsh'
[0.216s] Level 1:colcon.colcon_core.environment:create_file_with_runtime_dependencies(/home/shreyas/arm/install/arm/share/colcon-core/packages/arm)
[0.217s] INFO:colcon.colcon_ros.task.ament_cmake.build:Building ROS package in '/home/shreyas/arm/src/arm_moveit' with build type 'ament_cmake'
[0.217s] INFO:colcon.colcon_cmake.task.cmake.build:Building CMake package in '/home/shreyas/arm/src/arm_moveit'
[0.217s] INFO:colcon.colcon_core.shell:Skip shell extension 'powershell' for command environment: Not usable outside of PowerShell
[0.217s] DEBUG:colcon.colcon_core.shell:Skip shell extension 'dsv' for command environment
[0.227s] DEBUG:colcon.colcon_core.event_handler.log_command:Invoking command in '/home/shreyas/arm/build/arm_moveit': CMAKE_PREFIX_PATH=/home/shreyas/arm/install/arm:/home/shreyas/arm/install/arm_bringup:/home/shreyas/arm/install/arm_moveit:/home/shreyas/arm/install/arm_commander_cpp:/home/shreyas/arm/install/arm_interfaces:/opt/ros/jazzy/opt/gz_launch_vendor:/opt/ros/jazzy/opt/gz_sim_vendor:/opt/ros/jazzy/opt/gz_sensors_vendor:/opt/ros/jazzy/opt/gz_physics_vendor:/opt/ros/jazzy/opt/sdformat_vendor:/opt/ros/jazzy/opt/gz_gui_vendor:/opt/ros/jazzy/opt/gz_transport_vendor:/opt/ros/jazzy/opt/gz_rendering_vendor:/opt/ros/jazzy/opt/gz_plugin_vendor:/opt/ros/jazzy/opt/gz_fuel_tools_vendor:/opt/ros/jazzy/opt/gz_msgs_vendor:/opt/ros/jazzy/opt/gz_common_vendor:/opt/ros/jazzy/opt/gz_math_vendor:/opt/ros/jazzy/opt/gz_utils_vendor:/opt/ros/jazzy/opt/gz_tools_vendor:/opt/ros/jazzy/opt/gz_ogre_next_vendor:/opt/ros/jazzy/opt/gz_dartsim_vendor:/opt/ros/jazzy/opt/gz_cmake_vendor:/opt/ros/jazzy DEBUGINFOD_URLS=https://debuginfod.ubuntu.com /usr/bin/cmake --build /home/shreyas/arm/build/arm_moveit -- -j20 -l20
[0.260s] DEBUG:colcon.colcon_core.event_handler.log_command:Invoked command in '/home/shreyas/arm/build/arm_moveit' returned '0': CMAKE_PREFIX_PATH=/home/shreyas/arm/install/arm:/home/shreyas/arm/install/arm_bringup:/home/shreyas/arm/install/arm_moveit:/home/shreyas/arm/install/arm_commander_cpp:/home/shreyas/arm/install/arm_interfaces:/opt/ros/jazzy/opt/gz_launch_vendor:/opt/ros/jazzy/opt/gz_sim_vendor:/opt/ros/jazzy/opt/gz_sensors_vendor:/opt/ros/jazzy/opt/gz_physics_vendor:/opt/ros/jazzy/opt/sdformat_vendor:/opt/ros/jazzy/opt/gz_gui_vendor:/opt/ros/jazzy/opt/gz_transport_vendor:/opt/ros/jazzy/opt/gz_rendering_vendor:/opt/ros/jazzy/opt/gz_plugin_vendor:/opt/ros/jazzy/opt/gz_fuel_tools_vendor:/opt/ros/jazzy/opt/gz_msgs_vendor:/opt/ros/jazzy/opt/gz_common_vendor:/opt/ros/jazzy/opt/gz_math_vendor:/opt/ros/jazzy/opt/gz_utils_vendor:/opt/ros/jazzy/opt/gz_tools_vendor:/opt/ros/jazzy/opt/gz_ogre_next_vendor:/opt/ros/jazzy/opt/gz_dartsim_vendor:/opt/ros/jazzy/opt/gz_cmake_vendor:/opt/ros/jazzy DEBUGINFOD_URLS=https://debuginfod.ubuntu.com /usr/bin/cmake --build /home/shreyas/arm/build/arm_moveit -- -j20 -l20
[0.261s] DEBUG:colcon.colcon_core.event_handler.log_command:Invoking command in '/home/shreyas/arm/build/arm_moveit': CMAKE_PREFIX_PATH=/home/shreyas/arm/install/arm:/home/shreyas/arm/install/arm_bringup:/home/shreyas/arm/install/arm_moveit:/home/shreyas/arm/install/arm_commander_cpp:/home/shreyas/arm/install/arm_interfaces:/opt/ros/jazzy/opt/gz_launch_vendor:/opt/ros/jazzy/opt/gz_sim_vendor:/opt/ros/jazzy/opt/gz_sensors_vendor:/opt/ros/jazzy/opt/gz_physics_vendor:/opt/ros/jazzy/opt/sdformat_vendor:/opt/ros/jazzy/opt/gz_gui_vendor:/opt/ros/jazzy/opt/gz_transport_vendor:/opt/ros/jazzy/opt/gz_rendering_vendor:/opt/ros/jazzy/opt/gz_plugin_vendor:/opt/ros/jazzy/opt/gz_fuel_tools_vendor:/opt/ros/jazzy/opt/gz_msgs_vendor:/opt/ros/jazzy/opt/gz_common_vendor:/opt/ros/jazzy/opt/gz_math_vendor:/opt/ros/jazzy/opt/gz_utils_vendor:/opt/ros/jazzy/opt/gz_tools_vendor:/opt/ros/jazzy/opt/gz_ogre_next_vendor:/opt/ros/jazzy/opt/gz_dartsim_vendor:/opt/ros/jazzy/opt/gz_cmake_vendor:/opt/ros/jazzy DEBUGINFOD_URLS=https://debuginfod.ubuntu.com /usr/bin/cmake --install /home/shreyas/arm/build/arm_moveit
[0.271s] Level 1:colcon.colcon_core.environment:create_environment_scripts_only(arm_moveit)
[0.272s] Level 1:colcon.colcon_core.environment:checking '/home/shreyas/arm/install/arm_moveit' for CMake module files
[0.272s] DEBUG:colcon.colcon_core.event_handler.log_command:Invoked command in '/home/shreyas/arm/build/arm_moveit' returned '0': CMAKE_PREFIX_PATH=/home/shreyas/arm/install/arm:/home/shreyas/arm/install/arm_bringup:/home/shreyas/arm/install/arm_moveit:/home/shreyas/arm/install/arm_commander_cpp:/home/shreyas/arm/install/arm_interfaces:/opt/ros/jazzy/opt/gz_launch_vendor:/opt/ros/jazzy/opt/gz_sim_vendor:/opt/ros/jazzy/opt/gz_sensors_vendor:/opt/ros/jazzy/opt/gz_physics_vendor:/opt/ros/jazzy/opt/sdformat_vendor:/opt/ros/jazzy/opt/gz_gui_vendor:/opt/ros/jazzy/opt/gz_transport_vendor:/opt/ros/jazzy/opt/gz_rendering_vendor:/opt/ros/jazzy/opt/gz_plugin_vendor:/opt/ros/jazzy/opt/gz_fuel_tools_vendor:/opt/ros/jazzy/opt/gz_msgs_vendor:/opt/ros/jazzy/opt/gz_common_vendor:/opt/ros/jazzy/opt/gz_math_vendor:/opt/ros/jazzy/opt/gz_utils_vendor:/opt/ros/jazzy/opt/gz_tools_vendor:/opt/ros/jazzy/opt/gz_ogre_next_vendor:/opt/ros/jazzy/opt/gz_dartsim_vendor:/opt/ros/jazzy/opt/gz_cmake_vendor:/opt/ros/jazzy DEBUGINFOD_URLS=https://debuginfod.ubuntu.com /usr/bin/cmake --install /home/shreyas/arm/build/arm_moveit
[0.272s] Level 1:colcon.colcon_core.environment:checking '/home/shreyas/arm/install/arm_moveit' for CMake config files
[0.272s] Level 1:colcon.colcon_core.shell:create_environment_hook('arm_moveit', 'cmake_prefix_path')
[0.273s] INFO:colcon.colcon_core.shell:Creating environment hook '/home/shreyas/arm/install/arm_moveit/share/arm_moveit/hook/cmake_prefix_path.ps1'
[0.273s] INFO:colcon.colcon_core.shell:Creating environment descriptor '/home/shreyas/arm/install/arm_moveit/share/arm_moveit/hook/cmake_prefix_path.dsv'
[0.273s] INFO:colcon.colcon_core.shell:Creating environment hook '/home/shreyas/arm/install/arm_moveit/share/arm_moveit/hook/cmake_prefix_path.sh'
[0.273s] Level 1:colcon.colcon_core.environment:checking '/home/shreyas/arm/install/arm_moveit/bin'
[0.273s] Level 1:colcon.colcon_core.environment:checking '/home/shreyas/arm/install/arm_moveit/lib/pkgconfig/arm_moveit.pc'
[0.274s] Level 1:colcon.colcon_core.environment:checking '/home/shreyas/arm/install/arm_moveit/lib/python3.12/site-packages'
[0.274s] Level 1:colcon.colcon_core.environment:checking '/home/shreyas/arm/install/arm_moveit/bin'
[0.274s] INFO:colcon.colcon_core.shell:Creating package script '/home/shreyas/arm/install/arm_moveit/share/arm_moveit/package.ps1'
[0.274s] INFO:colcon.colcon_core.shell:Creating package descriptor '/home/shreyas/arm/install/arm_moveit/share/arm_moveit/package.dsv'
[0.274s] INFO:colcon.colcon_core.shell:Creating package script '/home/shreyas/arm/install/arm_moveit/share/arm_moveit/package.sh'
[0.275s] INFO:colcon.colcon_core.shell:Creating package script '/home/shreyas/arm/install/arm_moveit/share/arm_moveit/package.bash'
[0.275s] INFO:colcon.colcon_core.shell:Creating package script '/home/shreyas/arm/install/arm_moveit/share/arm_moveit/package.zsh'
[0.275s] Level 1:colcon.colcon_core.environment:create_file_with_runtime_dependencies(/home/shreyas/arm/install/arm_moveit/share/colcon-core/packages/arm_moveit)
[0.275s] Level 1:colcon.colcon_core.environment:create_environment_scripts_only(arm_moveit)
[0.275s] Level 1:colcon.colcon_core.environment:checking '/home/shreyas/arm/install/arm_moveit' for CMake module files
[0.276s] Level 1:colcon.colcon_core.environment:checking '/home/shreyas/arm/install/arm_moveit' for CMake config files
[0.276s] Level 1:colcon.colcon_core.shell:create_environment_hook('arm_moveit', 'cmake_prefix_path')
[0.276s] INFO:colcon.colcon_core.shell:Creating environment hook '/home/shreyas/arm/install/arm_moveit/share/arm_moveit/hook/cmake_prefix_path.ps1'
[0.276s] INFO:colcon.colcon_core.shell:Creating environment descriptor '/home/shreyas/arm/install/arm_moveit/share/arm_moveit/hook/cmake_prefix_path.dsv'
[0.276s] INFO:colcon.colcon_core.shell:Creating environment hook '/home/shreyas/arm/install/arm_moveit/share/arm_moveit/hook/cmake_prefix_path.sh'
[0.277s] Level 1:colcon.colcon_core.environment:checking '/home/shreyas/arm/install/arm_moveit/bin'
[0.277s] Level 1:colcon.colcon_core.environment:checking '/home/shreyas/arm/install/arm_moveit/lib/pkgconfig/arm_moveit.pc'
[0.277s] Level 1:colcon.colcon_core.environment:checking '/home/shreyas/arm/install/arm_moveit/lib/python3.12/site-packages'
[0.277s] Level 1:colcon.colcon_core.environment:checking '/home/shreyas/arm/install/arm_moveit/bin'
[0.277s] INFO:colcon.colcon_core.shell:Creating package script '/home/shreyas/arm/install/arm_moveit/share/arm_moveit/package.ps1'
[0.277s] INFO:colcon.colcon_core.shell:Creating package descriptor '/home/shreyas/arm/install/arm_moveit/share/arm_moveit/package.dsv'
[0.278s] INFO:colcon.colcon_core.shell:Creating package script '/home/shreyas/arm/install/arm_moveit/share/arm_moveit/package.sh'
[0.278s] INFO:colcon.colcon_core.shell:Creating package script '/home/shreyas/arm/install/arm_moveit/share/arm_moveit/package.bash'
[0.278s] INFO:colcon.colcon_core.shell:Creating package script '/home/shreyas/arm/install/arm_moveit/share/arm_moveit/package.zsh'
[0.278s] Level 1:colcon.colcon_core.environment:create_file_with_runtime_dependencies(/home/shreyas/arm/install/arm_moveit/share/colcon-core/packages/arm_moveit)
[0.278s] INFO:colcon.colcon_ros.task.ament_cmake.build:Building ROS package in '/home/shreyas/arm/src/arm_bringup' with build type 'ament_cmake'
[0.278s] INFO:colcon.colcon_cmake.task.cmake.build:Building CMake package in '/home/shreyas/arm/src/arm_bringup'
[0.278s] INFO:colcon.colcon_core.shell:Skip shell extension 'powershell' for command environment: Not usable outside of PowerShell
[0.278s] DEBUG:colcon.colcon_core.shell:Skip shell extension 'dsv' for command environment
[0.285s] DEBUG:colcon.colcon_core.event_handler.log_command:Invoking command in '/home/shreyas/arm/build/arm_bringup': CMAKE_PREFIX_PATH=/home/shreyas/arm/install/arm_moveit:/home/shreyas/arm/install/arm:/home/shreyas/arm/install/arm_bringup:/home/shreyas/arm/install/arm_commander_cpp:/home/shreyas/arm/install/arm_interfaces:/opt/ros/jazzy/opt/gz_launch_vendor:/opt/ros/jazzy/opt/gz_sim_vendor:/opt/ros/jazzy/opt/gz_sensors_vendor:/opt/ros/jazzy/opt/gz_physics_vendor:/opt/ros/jazzy/opt/sdformat_vendor:/opt/ros/jazzy/opt/gz_gui_vendor:/opt/ros/jazzy/opt/gz_transport_vendor:/opt/ros/jazzy/opt/gz_rendering_vendor:/opt/ros/jazzy/opt/gz_plugin_vendor:/opt/ros/jazzy/opt/gz_fuel_tools_vendor:/opt/ros/jazzy/opt/gz_msgs_vendor:/opt/ros/jazzy/opt/gz_common_vendor:/opt/ros/jazzy/opt/gz_math_vendor:/opt/ros/jazzy/opt/gz_utils_vendor:/opt/ros/jazzy/opt/gz_tools_vendor:/opt/ros/jazzy/opt/gz_ogre_next_vendor:/opt/ros/jazzy/opt/gz_dartsim_vendor:/opt/ros/jazzy/opt/gz_cmake_vendor:/opt/ros/jazzy DEBUGINFOD_URLS=https://debuginfod.ubuntu.com /usr/bin/cmake --build /home/shreyas/arm/build/arm_bringup -- -j20 -l20
[0.321s] DEBUG:colcon.colcon_core.event_handler.log_command:Invoked command in '/home/shreyas/arm/build/arm_bringup' returned '0': CMAKE_PREFIX_PATH=/home/shreyas/arm/install/arm_moveit:/home/shreyas/arm/install/arm:/home/shreyas/arm/install/arm_bringup:/home/shreyas/arm/install/arm_commander_cpp:/home/shreyas/arm/install/arm_interfaces:/opt/ros/jazzy/opt/gz_launch_vendor:/opt/ros/jazzy/opt/gz_sim_vendor:/opt/ros/jazzy/opt/gz_sensors_vendor:/opt/ros/jazzy/opt/gz_physics_vendor:/opt/ros/jazzy/opt/sdformat_vendor:/opt/ros/jazzy/opt/gz_gui_vendor:/opt/ros/jazzy/opt/gz_transport_vendor:/opt/ros/jazzy/opt/gz_rendering_vendor:/opt/ros/jazzy/opt/gz_plugin_vendor:/opt/ros/jazzy/opt/gz_fuel_tools_vendor:/opt/ros/jazzy/opt/gz_msgs_vendor:/opt/ros/jazzy/opt/gz_common_vendor:/opt/ros/jazzy/opt/gz_math_vendor:/opt/ros/jazzy/opt/gz_utils_vendor:/opt/ros/jazzy/opt/gz_tools_vendor:/opt/ros/jazzy/opt/gz_ogre_next_vendor:/opt/ros/jazzy/opt/gz_dartsim_vendor:/opt/ros/jazzy/opt/gz_cmake_vendor:/opt/ros/jazzy DEBUGINFOD_URLS=https://debuginfod.ubuntu.com /usr/bin/cmake --build /home/shreyas/arm/build/arm_bringup -- -j20 -l20
[0.321s] DEBUG:colcon.colcon_core.event_handler.log_command:Invoking command in '/home/shreyas/arm/build/arm_bringup': CMAKE_PREFIX_PATH=/home/shreyas/arm/install/arm_moveit:/home/shreyas/arm/install/arm:/home/shreyas/arm/install/arm_bringup:/home/shreyas/arm/install/arm_commander_cpp:/home/shreyas/arm/install/arm_interfaces:/opt/ros/jazzy/opt/gz_launch_vendor:/opt/ros/jazzy/opt/gz_sim_vendor:/opt/ros/jazzy/opt/gz_sensors_vendor:/opt/ros/jazzy/opt/gz_physics_vendor:/opt/ros/jazzy/opt/sdformat_vendor:/opt/ros/jazzy/opt/gz_gui_vendor:/opt/ros/jazzy/opt/gz_transport_vendor:/opt/ros/jazzy/opt/gz_rendering_vendor:/opt/ros/jazzy/opt/gz_plugin_vendor:/opt/ros/jazzy/opt/gz_fuel_tools_vendor:/opt/ros/jazzy/opt/gz_msgs_vendor:/opt/ros/jazzy/opt/gz_common_vendor:/opt/ros/jazzy/opt/gz_math_vendor:/opt/ros/jazzy/opt/gz_utils_vendor:/opt/ros/jazzy/opt/gz_tools_vendor:/opt/ros/jazzy/opt/gz_ogre_next_vendor:/opt/ros/jazzy/opt/gz_dartsim_vendor:/opt/ros/jazzy/opt/gz_cmake_vendor:/opt/ros/jazzy DEBUGINFOD_URLS=https://debuginfod.ubuntu.com /usr/bin/cmake --install /home/shreyas/arm/build/arm_bringup
[0.330s] Level 1:colcon.colcon_core.environment:create_environment_scripts_only(arm_bringup)
[0.330s] DEBUG:colcon.colcon_core.event_handler.log_command:Invoked command in '/home/shreyas/arm/build/arm_bringup' returned '0': CMAKE_PREFIX_PATH=/home/shreyas/arm/install/arm_moveit:/home/shreyas/arm/install/arm:/home/shreyas/arm/install/arm_bringup:/home/shreyas/arm/install/arm_commander_cpp:/home/shreyas/arm/install/arm_interfaces:/opt/ros/jazzy/opt/gz_launch_vendor:/opt/ros/jazzy/opt/gz_sim_vendor:/opt/ros/jazzy/opt/gz_sensors_vendor:/opt/ros/jazzy/opt/gz_physics_vendor:/opt/ros/jazzy/opt/sdformat_vendor:/opt/ros/jazzy/opt/gz_gui_vendor:/opt/ros/jazzy/opt/gz_transport_vendor:/opt/ros/jazzy/opt/gz_rendering_vendor:/opt/ros/jazzy/opt/gz_plugin_vendor:/opt/ros/jazzy/opt/gz_fuel_tools_vendor:/opt/ros/jazzy/opt/gz_msgs_vendor:/opt/ros/jazzy/opt/gz_common_vendor:/opt/ros/jazzy/opt/gz_math_vendor:/opt/ros/jazzy/opt/gz_utils_vendor:/opt/ros/jazzy/opt/gz_tools_vendor:/opt/ros/jazzy/opt/gz_ogre_next_vendor:/opt/ros/jazzy/opt/gz_dartsim_vendor:/opt/ros/jazzy/opt/gz_cmake_vendor:/opt/ros/jazzy DEBUGINFOD_URLS=https://debuginfod.ubuntu.com /usr/bin/cmake --install /home/shreyas/arm/build/arm_bringup
[0.331s] Level 1:colcon.colcon_core.environment:checking '/home/shreyas/arm/install/arm_bringup' for CMake module files
[0.333s] Level 1:colcon.colcon_core.environment:checking '/home/shreyas/arm/install/arm_bringup' for CMake config files
[0.333s] Level 1:colcon.colcon_core.shell:create_environment_hook('arm_bringup', 'cmake_prefix_path')
[0.333s] INFO:colcon.colcon_core.shell:Creating environment hook '/home/shreyas/arm/install/arm_bringup/share/arm_bringup/hook/cmake_prefix_path.ps1'
[0.333s] INFO:colcon.colcon_core.shell:Creating environment descriptor '/home/shreyas/arm/install/arm_bringup/share/arm_bringup/hook/cmake_prefix_path.dsv'
[0.333s] INFO:colcon.colcon_core.shell:Creating environment hook '/home/shreyas/arm/install/arm_bringup/share/arm_bringup/hook/cmake_prefix_path.sh'
[0.334s] Level 1:colcon.colcon_core.environment:checking '/home/shreyas/arm/install/arm_bringup/bin'
[0.334s] Level 1:colcon.colcon_core.environment:checking '/home/shreyas/arm/install/arm_bringup/lib/pkgconfig/arm_bringup.pc'
[0.334s] Level 1:colcon.colcon_core.environment:checking '/home/shreyas/arm/install/arm_bringup/lib/python3.12/site-packages'
[0.334s] Level 1:colcon.colcon_core.environment:checking '/home/shreyas/arm/install/arm_bringup/bin'
[0.334s] INFO:colcon.colcon_core.shell:Creating package script '/home/shreyas/arm/install/arm_bringup/share/arm_bringup/package.ps1'
[0.335s] INFO:colcon.colcon_core.shell:Creating package descriptor '/home/shreyas/arm/install/arm_bringup/share/arm_bringup/package.dsv'
[0.335s] INFO:colcon.colcon_core.shell:Creating package script '/home/shreyas/arm/install/arm_bringup/share/arm_bringup/package.sh'
[0.335s] INFO:colcon.colcon_core.shell:Creating package script '/home/shreyas/arm/install/arm_bringup/share/arm_bringup/package.bash'
[0.335s] INFO:colcon.colcon_core.shell:Creating package script '/home/shreyas/arm/install/arm_bringup/share/arm_bringup/package.zsh'
[0.336s] Level 1:colcon.colcon_core.environment:create_file_with_runtime_dependencies(/home/shreyas/arm/install/arm_bringup/share/colcon-core/packages/arm_bringup)
[0.336s] Level 1:colcon.colcon_core.environment:create_environment_scripts_only(arm_bringup)
[0.336s] Level 1:colcon.colcon_core.environment:checking '/home/shreyas/arm/install/arm_bringup' for CMake module files
[0.336s] Level 1:colcon.colcon_core.environment:checking '/home/shreyas/arm/install/arm_bringup' for CMake config files
[0.336s] Level 1:colcon.colcon_core.shell:create_environment_hook('arm_bringup', 'cmake_prefix_path')
[0.336s] INFO:colcon.colcon_core.shell:Creating environment hook '/home/shreyas/arm/install/arm_bringup/share/arm_bringup/hook/cmake_prefix_path.ps1'
[0.337s] INFO:colcon.colcon_core.shell:Creating environment descriptor '/home/shreyas/arm/install/arm_bringup/share/arm_bringup/hook/cmake_prefix_path.dsv'
[0.337s] INFO:colcon.colcon_core.shell:Creating environment hook '/home/shreyas/arm/install/arm_bringup/share/arm_bringup/hook/cmake_prefix_path.sh'
[0.337s] Level 1:colcon.colcon_core.environment:checking '/home/shreyas/arm/install/arm_bringup/bin'
[0.338s] Level 1:colcon.colcon_core.environment:checking '/home/shreyas/arm/install/arm_bringup/lib/pkgconfig/arm_bringup.pc'
[0.338s] Level 1:colcon.colcon_core.environment:checking '/home/shreyas/arm/install/arm_bringup/lib/python3.12/site-packages'
[0.338s] Level 1:colcon.colcon_core.environment:checking '/home/shreyas/arm/install/arm_bringup/bin'
[0.338s] INFO:colcon.colcon_core.shell:Creating package script '/home/shreyas/arm/install/arm_bringup/share/arm_bringup/package.ps1'
[0.338s] INFO:colcon.colcon_core.shell:Creating package descriptor '/home/shreyas/arm/install/arm_bringup/share/arm_bringup/package.dsv'
[0.339s] INFO:colcon.colcon_core.shell:Creating package script '/home/shreyas/arm/install/arm_bringup/share/arm_bringup/package.sh'
[0.339s] INFO:colcon.colcon_core.shell:Creating package script '/home/shreyas/arm/install/arm_bringup/share/arm_bringup/package.bash'
[0.339s] INFO:colcon.colcon_core.shell:Creating package script '/home/shreyas/arm/install/arm_bringup/share/arm_bringup/package.zsh'
[0.339s] Level 1:colcon.colcon_core.environment:create_file_with_runtime_dependencies(/home/shreyas/arm/install/arm_bringup/share/colcon-core/packages/arm_bringup)
[0.431s] DEBUG:colcon.colcon_core.event_handler.log_command:Invoked command in '/home/shreyas/arm/build/arm_interfaces' returned '0': CMAKE_PREFIX_PATH=${CMAKE_PREFIX_PATH}:/opt/ros/jazzy DEBUGINFOD_URLS=https://debuginfod.ubuntu.com /usr/bin/cmake --build /home/shreyas/arm/build/arm_interfaces -- -j20 -l20
[0.432s] DEBUG:colcon.colcon_core.event_handler.log_command:Invoking command in '/home/shreyas/arm/build/arm_interfaces': CMAKE_PREFIX_PATH=${CMAKE_PREFIX_PATH}:/opt/ros/jazzy DEBUGINFOD_URLS=https://debuginfod.ubuntu.com /usr/bin/cmake --install /home/shreyas/arm/build/arm_interfaces
[0.479s] Level 1:colcon.colcon_core.environment:create_environment_scripts_only(arm_interfaces)
[0.479s] Level 1:colcon.colcon_core.environment:checking '/home/shreyas/arm/install/arm_interfaces' for CMake module files
[0.480s] Level 1:colcon.colcon_core.environment:checking '/home/shreyas/arm/install/arm_interfaces' for CMake config files
[0.480s] Level 1:colcon.colcon_core.shell:create_environment_hook('arm_interfaces', 'cmake_prefix_path')
[0.480s] INFO:colcon.colcon_core.shell:Creating environment hook '/home/shreyas/arm/install/arm_interfaces/share/arm_interfaces/hook/cmake_prefix_path.ps1'
[0.480s] INFO:colcon.colcon_core.shell:Creating environment descriptor '/home/shreyas/arm/install/arm_interfaces/share/arm_interfaces/hook/cmake_prefix_path.dsv'
[0.481s] DEBUG:colcon.colcon_core.event_handler.log_command:Invoked command in '/home/shreyas/arm/build/arm_interfaces' returned '0': CMAKE_PREFIX_PATH=${CMAKE_PREFIX_PATH}:/opt/ros/jazzy DEBUGINFOD_URLS=https://debuginfod.ubuntu.com /usr/bin/cmake --install /home/shreyas/arm/build/arm_interfaces
[0.481s] INFO:colcon.colcon_core.shell:Creating environment hook '/home/shreyas/arm/install/arm_interfaces/share/arm_interfaces/hook/cmake_prefix_path.sh'
[0.481s] Level 1:colcon.colcon_core.environment:checking '/home/shreyas/arm/install/arm_interfaces/lib'
[0.481s] Level 1:colcon.colcon_core.shell:create_environment_hook('arm_interfaces', 'ld_library_path_lib')
[0.481s] INFO:colcon.colcon_core.shell:Creating environment hook '/home/shreyas/arm/install/arm_interfaces/share/arm_interfaces/hook/ld_library_path_lib.ps1'
[0.482s] INFO:colcon.colcon_core.shell:Creating environment descriptor '/home/shreyas/arm/install/arm_interfaces/share/arm_interfaces/hook/ld_library_path_lib.dsv'
[0.482s] INFO:colcon.colcon_core.shell:Creating environment hook '/home/shreyas/arm/install/arm_interfaces/share/arm_interfaces/hook/ld_library_path_lib.sh'
[0.482s] Level 1:colcon.colcon_core.environment:checking '/home/shreyas/arm/install/arm_interfaces/bin'
[0.482s] Level 1:colcon.colcon_core.environment:checking '/home/shreyas/arm/install/arm_interfaces/lib/pkgconfig/arm_interfaces.pc'
[0.482s] Level 1:colcon.colcon_core.environment:checking '/home/shreyas/arm/install/arm_interfaces/lib/python3.12/site-packages'
[0.482s] Level 1:colcon.colcon_core.shell:create_environment_hook('arm_interfaces', 'pythonpath')
[0.482s] INFO:colcon.colcon_core.shell:Creating environment hook '/home/shreyas/arm/install/arm_interfaces/share/arm_interfaces/hook/pythonpath.ps1'
[0.483s] INFO:colcon.colcon_core.shell:Creating environment descriptor '/home/shreyas/arm/install/arm_interfaces/share/arm_interfaces/hook/pythonpath.dsv'
[0.483s] INFO:colcon.colcon_core.shell:Creating environment hook '/home/shreyas/arm/install/arm_interfaces/share/arm_interfaces/hook/pythonpath.sh'
[0.483s] Level 1:colcon.colcon_core.environment:checking '/home/shreyas/arm/install/arm_interfaces/bin'
[0.484s] INFO:colcon.colcon_core.shell:Creating package script '/home/shreyas/arm/install/arm_interfaces/share/arm_interfaces/package.ps1'
[0.484s] INFO:colcon.colcon_core.shell:Creating package descriptor '/home/shreyas/arm/install/arm_interfaces/share/arm_interfaces/package.dsv'
[0.484s] INFO:colcon.colcon_core.shell:Creating package script '/home/shreyas/arm/install/arm_interfaces/share/arm_interfaces/package.sh'
[0.485s] INFO:colcon.colcon_core.shell:Creating package script '/home/shreyas/arm/install/arm_interfaces/share/arm_interfaces/package.bash'
[0.485s] INFO:colcon.colcon_core.shell:Creating package script '/home/shreyas/arm/install/arm_interfaces/share/arm_interfaces/package.zsh'
[0.485s] Level 1:colcon.colcon_core.environment:create_file_with_runtime_dependencies(/home/shreyas/arm/install/arm_interfaces/share/colcon-core/packages/arm_interfaces)
[0.485s] Level 1:colcon.colcon_core.environment:create_environment_scripts_only(arm_interfaces)
[0.485s] Level 1:colcon.colcon_core.environment:checking '/home/shreyas/arm/install/arm_interfaces' for CMake module files
[0.486s] Level 1:colcon.colcon_core.environment:checking '/home/shreyas/arm/install/arm_interfaces' for CMake config files
[0.486s] Level 1:colcon.colcon_core.shell:create_environment_hook('arm_interfaces', 'cmake_prefix_path')
[0.486s] INFO:colcon.colcon_core.shell:Creating environment hook '/home/shreyas/arm/install/arm_interfaces/share/arm_interfaces/hook/cmake_prefix_path.ps1'
[0.486s] INFO:colcon.colcon_core.shell:Creating environment descriptor '/home/shreyas/arm/install/arm_interfaces/share/arm_interfaces/hook/cmake_prefix_path.dsv'
[0.486s] INFO:colcon.colcon_core.shell:Creating environment hook '/home/shreyas/arm/install/arm_interfaces/share/arm_interfaces/hook/cmake_prefix_path.sh'
[0.487s] Level 1:colcon.colcon_core.environment:checking '/home/shreyas/arm/install/arm_interfaces/lib'
[0.487s] Level 1:colcon.colcon_core.shell:create_environment_hook('arm_interfaces', 'ld_library_path_lib')
[0.487s] INFO:colcon.colcon_core.shell:Creating environment hook '/home/shreyas/arm/install/arm_interfaces/share/arm_interfaces/hook/ld_library_path_lib.ps1'
[0.487s] INFO:colcon.colcon_core.shell:Creating environment descriptor '/home/shreyas/arm/install/arm_interfaces/share/arm_interfaces/hook/ld_library_path_lib.dsv'
[0.487s] INFO:colcon.colcon_core.shell:Creating environment hook '/home/shreyas/arm/install/arm_interfaces/share/arm_interfaces/hook/ld_library_path_lib.sh'
[0.487s] Level 1:colcon.colcon_core.environment:checking '/home/shreyas/arm/install/arm_interfaces/bin'
[0.488s] Level 1:colcon.colcon_core.environment:checking '/home/shreyas/arm/install/arm_interfaces/lib/pkgconfig/arm_interfaces.pc'
[0.488s] Level 1:colcon.colcon_core.environment:checking '/home/shreyas/arm/install/arm_interfaces/lib/python3.12/site-packages'
[0.488s] Level 1:colcon.colcon_core.shell:create_environment_hook('arm_interfaces', 'pythonpath')
[0.488s] INFO:colcon.colcon_core.shell:Creating environment hook '/home/shreyas/arm/install/arm_interfaces/share/arm_interfaces/hook/pythonpath.ps1'
[0.488s] INFO:colcon.colcon_core.shell:Creating environment descriptor '/home/shreyas/arm/install/arm_interfaces/share/arm_interfaces/hook/pythonpath.dsv'
[0.488s] INFO:colcon.colcon_core.shell:Creating environment hook '/home/shreyas/arm/install/arm_interfaces/share/arm_interfaces/hook/pythonpath.sh'
[0.489s] Level 1:colcon.colcon_core.environment:checking '/home/shreyas/arm/install/arm_interfaces/bin'
[0.489s] INFO:colcon.colcon_core.shell:Creating package script '/home/shreyas/arm/install/arm_interfaces/share/arm_interfaces/package.ps1'
[0.489s] INFO:colcon.colcon_core.shell:Creating package descriptor '/home/shreyas/arm/install/arm_interfaces/share/arm_interfaces/package.dsv'
[0.490s] INFO:colcon.colcon_core.shell:Creating package script '/home/shreyas/arm/install/arm_interfaces/share/arm_interfaces/package.sh'
[0.490s] INFO:colcon.colcon_core.shell:Creating package script '/home/shreyas/arm/install/arm_interfaces/share/arm_interfaces/package.bash'
[0.490s] INFO:colcon.colcon_core.shell:Creating package script '/home/shreyas/arm/install/arm_interfaces/share/arm_interfaces/package.zsh'
[0.490s] Level 1:colcon.colcon_core.environment:create_file_with_runtime_dependencies(/home/shreyas/arm/install/arm_interfaces/share/colcon-core/packages/arm_interfaces)
[0.491s] INFO:colcon.colcon_ros.task.ament_cmake.build:Building ROS package in '/home/shreyas/arm/src/arm_commander_cpp' with build type 'ament_cmake'
[0.491s] INFO:colcon.colcon_cmake.task.cmake.build:Building CMake package in '/home/shreyas/arm/src/arm_commander_cpp'
[0.491s] INFO:colcon.colcon_core.shell:Skip shell extension 'powershell' for command environment: Not usable outside of PowerShell
[0.491s] DEBUG:colcon.colcon_core.shell:Skip shell extension 'dsv' for command environment
[0.501s] DEBUG:colcon.colcon_core.event_handler.log_command:Invoking command in '/home/shreyas/arm/build/arm_commander_cpp': CMAKE_PREFIX_PATH=/home/shreyas/arm/install/arm_interfaces:/home/shreyas/arm/install/arm_bringup:/home/shreyas/arm/install/arm_moveit:/home/shreyas/arm/install/arm_commander_cpp:/home/shreyas/arm/install/arm:/opt/ros/jazzy/opt/gz_launch_vendor:/opt/ros/jazzy/opt/gz_sim_vendor:/opt/ros/jazzy/opt/gz_sensors_vendor:/opt/ros/jazzy/opt/gz_physics_vendor:/opt/ros/jazzy/opt/sdformat_vendor:/opt/ros/jazzy/opt/gz_gui_vendor:/opt/ros/jazzy/opt/gz_transport_vendor:/opt/ros/jazzy/opt/gz_rendering_vendor:/opt/ros/jazzy/opt/gz_plugin_vendor:/opt/ros/jazzy/opt/gz_fuel_tools_vendor:/opt/ros/jazzy/opt/gz_msgs_vendor:/opt/ros/jazzy/opt/gz_common_vendor:/opt/ros/jazzy/opt/gz_math_vendor:/opt/ros/jazzy/opt/gz_utils_vendor:/opt/ros/jazzy/opt/gz_tools_vendor:/opt/ros/jazzy/opt/gz_ogre_next_vendor:/opt/ros/jazzy/opt/gz_dartsim_vendor:/opt/ros/jazzy/opt/gz_cmake_vendor:/opt/ros/jazzy DEBUGINFOD_URLS=https://debuginfod.ubuntu.com /usr/bin/cmake --build /home/shreyas/arm/build/arm_commander_cpp -- -j20 -l20
[4.089s] Level 1:colcon.colcon_core.environment:create_environment_scripts_only(arm_commander_cpp)
[4.089s] Level 1:colcon.colcon_core.environment:checking '/home/shreyas/arm/install/arm_commander_cpp' for CMake module files
[4.089s] Level 1:colcon.colcon_core.environment:checking '/home/shreyas/arm/install/arm_commander_cpp' for CMake config files
[4.089s] Level 1:colcon.colcon_core.shell:create_environment_hook('arm_commander_cpp', 'cmake_prefix_path')
[4.089s] INFO:colcon.colcon_core.shell:Creating environment hook '/home/shreyas/arm/install/arm_commander_cpp/share/arm_commander_cpp/hook/cmake_prefix_path.ps1'
[4.089s] INFO:colcon.colcon_core.shell:Creating environment descriptor '/home/shreyas/arm/install/arm_commander_cpp/share/arm_commander_cpp/hook/cmake_prefix_path.dsv'
[4.090s] DEBUG:colcon.colcon_core.event_handler.log_command:Invoked command in '/home/shreyas/arm/build/arm_commander_cpp' returned '2': CMAKE_PREFIX_PATH=/home/shreyas/arm/install/arm_interfaces:/home/shreyas/arm/install/arm_bringup:/home/shreyas/arm/install/arm_moveit:/home/shreyas/arm/install/arm_commander_cpp:/home/shreyas/arm/install/arm:/opt/ros/jazzy/opt/gz_launch_vendor:/opt/ros/jazzy/opt/gz_sim_vendor:/opt/ros/jazzy/opt/gz_sensors_vendor:/opt/ros/jazzy/opt/gz_physics_vendor:/opt/ros/jazzy/opt/sdformat_vendor:/opt/ros/jazzy/opt/gz_gui_vendor:/opt/ros/jazzy/opt/gz_transport_vendor:/opt/ros/jazzy/opt/gz_rendering_vendor:/opt/ros/jazzy/opt/gz_plugin_vendor:/opt/ros/jazzy/opt/gz_fuel_tools_vendor:/opt/ros/jazzy/opt/gz_msgs_vendor:/opt/ros/jazzy/opt/gz_common_vendor:/opt/ros/jazzy/opt/gz_math_vendor:/opt/ros/jazzy/opt/gz_utils_vendor:/opt/ros/jazzy/opt/gz_tools_vendor:/opt/ros/jazzy/opt/gz_ogre_next_vendor:/opt/ros/jazzy/opt/gz_dartsim_vendor:/opt/ros/jazzy/opt/gz_cmake_vendor:/opt/ros/jazzy DEBUGINFOD_URLS=https://debuginfod.ubuntu.com /usr/bin/cmake --build /home/shreyas/arm/build/arm_commander_cpp -- -j20 -l20
[4.090s] INFO:colcon.colcon_core.shell:Creating environment hook '/home/shreyas/arm/install/arm_commander_cpp/share/arm_commander_cpp/hook/cmake_prefix_path.sh'
[4.091s] Level 1:colcon.colcon_core.environment:checking '/home/shreyas/arm/install/arm_commander_cpp/lib'
[4.091s] Level 1:colcon.colcon_core.environment:checking '/home/shreyas/arm/install/arm_commander_cpp/bin'
[4.091s] Level 1:colcon.colcon_core.environment:checking '/home/shreyas/arm/install/arm_commander_cpp/lib/pkgconfig/arm_commander_cpp.pc'
[4.091s] Level 1:colcon.colcon_core.environment:checking '/home/shreyas/arm/install/arm_commander_cpp/lib/python3.12/site-packages'
[4.091s] Level 1:colcon.colcon_core.environment:checking '/home/shreyas/arm/install/arm_commander_cpp/bin'
[4.091s] INFO:colcon.colcon_core.shell:Creating package script '/home/shreyas/arm/install/arm_commander_cpp/share/arm_commander_cpp/package.ps1'
[4.091s] INFO:colcon.colcon_core.shell:Creating package descriptor '/home/shreyas/arm/install/arm_commander_cpp/share/arm_commander_cpp/package.dsv'
[4.092s] INFO:colcon.colcon_core.shell:Creating package script '/home/shreyas/arm/install/arm_commander_cpp/share/arm_commander_cpp/package.sh'
[4.092s] INFO:colcon.colcon_core.shell:Creating package script '/home/shreyas/arm/install/arm_commander_cpp/share/arm_commander_cpp/package.bash'
[4.092s] INFO:colcon.colcon_core.shell:Creating package script '/home/shreyas/arm/install/arm_commander_cpp/share/arm_commander_cpp/package.zsh'
[4.092s] Level 1:colcon.colcon_core.environment:create_file_with_runtime_dependencies(/home/shreyas/arm/install/arm_commander_cpp/share/colcon-core/packages/arm_commander_cpp)
[4.102s] DEBUG:colcon.colcon_parallel_executor.executor.parallel:closing loop
[4.102s] DEBUG:colcon.colcon_parallel_executor.executor.parallel:loop closed
[4.102s] DEBUG:colcon.colcon_parallel_executor.executor.parallel:run_until_complete finished with '2'
[4.103s] DEBUG:colcon.colcon_core.event_reactor:joining thread
[4.116s] INFO:colcon.colcon_core.plugin_system:Skipping extension 'colcon_notification.desktop_notification.terminal_notifier': Not used on non-Darwin systems
[4.116s] INFO:colcon.colcon_core.plugin_system:Skipping extension 'colcon_notification.desktop_notification.win32': Not used on non-Windows systems
[4.116s] INFO:colcon.colcon_notification.desktop_notification:Sending desktop notification using 'notify2'
[4.133s] DEBUG:colcon.colcon_core.event_reactor:joined thread
[4.133s] INFO:colcon.colcon_core.shell:Creating prefix script '/home/shreyas/arm/install/local_setup.ps1'
[4.134s] INFO:colcon.colcon_core.shell:Creating prefix util module '/home/shreyas/arm/install/_local_setup_util_ps1.py'
[4.134s] INFO:colcon.colcon_core.shell:Creating prefix chain script '/home/shreyas/arm/install/setup.ps1'
[4.135s] INFO:colcon.colcon_core.shell:Creating prefix script '/home/shreyas/arm/install/local_setup.sh'
[4.135s] INFO:colcon.colcon_core.shell:Creating prefix util module '/home/shreyas/arm/install/_local_setup_util_sh.py'
[4.135s] INFO:colcon.colcon_core.shell:Creating prefix chain script '/home/shreyas/arm/install/setup.sh'
[4.136s] INFO:colcon.colcon_core.shell:Creating prefix script '/home/shreyas/arm/install/local_setup.bash'
[4.136s] INFO:colcon.colcon_core.shell:Creating prefix chain script '/home/shreyas/arm/install/setup.bash'
[4.137s] INFO:colcon.colcon_core.shell:Creating prefix script '/home/shreyas/arm/install/local_setup.zsh'
[4.137s] INFO:colcon.colcon_core.shell:Creating prefix chain script '/home/shreyas/arm/install/setup.zsh'
