-- The C compiler identification is GNU 13.3.0
-- The CXX compiler identification is GNU 13.3.0
-- Detecting C compiler ABI info
-- Detecting C compiler ABI info - done
-- Check for working C compiler: /usr/bin/cc - skipped
-- Detecting C compile features
-- Detecting C compile features - done
-- Detecting CXX compiler ABI info
-- Detecting CXX compiler ABI info - done
-- Check for working CXX compiler: /usr/bin/c++ - skipped
-- Detecting CXX compile features
-- Detecting CXX compile features - done
-- Found ament_cmake: 2.5.4 (/opt/ros/jazzy/share/ament_cmake/cmake)
-- Found Python3: /usr/bin/python3 (found version "3.12.3") found components: Interpreter 
-- Found rosidl_default_generators: 1.6.0 (/opt/ros/jazzy/share/rosidl_default_generators/cmake)
-- Using all available rosidl_typesupport_c: rosidl_typesupport_fastrtps_c;rosidl_typesupport_introspection_c
-- Using all available rosidl_typesupport_cpp: rosidl_typesupport_fastrtps_cpp;rosidl_typesupport_introspection_cpp
-- Found rosidl_adapter: 4.6.6 (/opt/ros/jazzy/share/rosidl_adapter/cmake)
-- Found ament_cmake_ros: 0.12.0 (/opt/ros/jazzy/share/ament_cmake_ros/cmake)
-- Using all available rosidl_typesupport_c: rosidl_typesupport_fastrtps_c;rosidl_typesupport_introspection_c
-- Using all available rosidl_typesupport_cpp: rosidl_typesupport_fastrtps_cpp;rosidl_typesupport_introspection_cpp
-- Found python_cmake_module: 0.11.1 (/opt/ros/jazzy/share/python_cmake_module/cmake)
-- Found PythonExtra: /usr/bin/python3  
-- Found Python3: /usr/bin/python3 (found version "3.12.3") found components: Interpreter Development NumPy Development.Module Development.Embed 
-- Configuring done (2.3s)
-- Generating done (0.0s)
-- Build files have been written to: /home/shreyas/arm/build/arm_interfaces
[  2%] [34m[1mGenerating type hashes for ROS interfaces[0m
[  2%] Built target ament_cmake_python_copy_arm_interfaces
[  2%] Built target arm_interfaces__rosidl_generator_type_description
[  5%] [34m[1mGenerating C code for ROS interfaces[0m
running egg_info
creating arm_interfaces.egg-info
[  8%] [34m[1mGenerating C++ code for ROS interfaces[0m
writing arm_interfaces.egg-info/PKG-INFO
writing dependency_links to arm_interfaces.egg-info/dependency_links.txt
writing top-level names to arm_interfaces.egg-info/top_level.txt
writing manifest file 'arm_interfaces.egg-info/SOURCES.txt'
reading manifest file 'arm_interfaces.egg-info/SOURCES.txt'
writing manifest file 'arm_interfaces.egg-info/SOURCES.txt'
[  8%] Built target ament_cmake_python_build_arm_interfaces_egg
[  8%] Built target arm_interfaces__cpp
[ 11%] [32mBuilding C object CMakeFiles/arm_interfaces__rosidl_generator_c.dir/rosidl_generator_c/arm_interfaces/msg/detail/pose_command__type_support.c.o[0m
[ 14%] [32mBuilding C object CMakeFiles/arm_interfaces__rosidl_generator_c.dir/rosidl_generator_c/arm_interfaces/msg/detail/pose_command__functions.c.o[0m
[ 17%] [32mBuilding C object CMakeFiles/arm_interfaces__rosidl_generator_c.dir/rosidl_generator_c/arm_interfaces/msg/detail/pose_command__description.c.o[0m
[ 20%] [32m[1mLinking C shared library libarm_interfaces__rosidl_generator_c.so[0m
[ 20%] Built target arm_interfaces__rosidl_generator_c
[ 35%] [34m[1mGenerating C type support for eProsima Fast-RTPS[0m
[ 35%] [34m[1mGenerating C++ type support dispatch for ROS interfaces[0m
[ 35%] [34m[1mGenerating C introspection for ROS interfaces[0m
[ 35%] [34m[1mGenerating C type support dispatch for ROS interfaces[0m
[ 35%] [34m[1mGenerating C++ introspection for ROS interfaces[0m
[ 38%] [34m[1mGenerating C++ type support for eProsima Fast-RTPS[0m
[ 41%] [32mBuilding CXX object CMakeFiles/arm_interfaces__rosidl_typesupport_cpp.dir/rosidl_typesupport_cpp/arm_interfaces/msg/pose_command__type_support.cpp.o[0m
[ 44%] [32mBuilding CXX object CMakeFiles/arm_interfaces__rosidl_typesupport_c.dir/rosidl_typesupport_c/arm_interfaces/msg/pose_command__type_support.cpp.o[0m
[ 47%] [32mBuilding C object CMakeFiles/arm_interfaces__rosidl_typesupport_introspection_c.dir/rosidl_typesupport_introspection_c/arm_interfaces/msg/detail/pose_command__type_support.c.o[0m
[ 50%] [32mBuilding CXX object CMakeFiles/arm_interfaces__rosidl_typesupport_introspection_cpp.dir/rosidl_typesupport_introspection_cpp/arm_interfaces/msg/detail/pose_command__type_support.cpp.o[0m
[ 52%] [32mBuilding CXX object CMakeFiles/arm_interfaces__rosidl_typesupport_fastrtps_cpp.dir/rosidl_typesupport_fastrtps_cpp/arm_interfaces/msg/detail/dds_fastrtps/pose_command__type_support.cpp.o[0m
[ 55%] [32mBuilding CXX object CMakeFiles/arm_interfaces__rosidl_typesupport_fastrtps_c.dir/rosidl_typesupport_fastrtps_c/arm_interfaces/msg/detail/pose_command__type_support_c.cpp.o[0m
[ 58%] [32m[1mLinking CXX shared library libarm_interfaces__rosidl_typesupport_c.so[0m
[ 61%] [32m[1mLinking C shared library libarm_interfaces__rosidl_typesupport_introspection_c.so[0m
[ 61%] Built target arm_interfaces__rosidl_typesupport_introspection_c
[ 61%] Built target arm_interfaces__rosidl_typesupport_c
[ 64%] [32m[1mLinking CXX shared library libarm_interfaces__rosidl_typesupport_cpp.so[0m
[ 67%] [32m[1mLinking CXX shared library libarm_interfaces__rosidl_typesupport_introspection_cpp.so[0m
[ 67%] Built target arm_interfaces__rosidl_typesupport_cpp
[ 67%] Built target arm_interfaces__rosidl_typesupport_introspection_cpp
[ 70%] [32m[1mLinking CXX shared library libarm_interfaces__rosidl_typesupport_fastrtps_cpp.so[0m
[ 73%] [32m[1mLinking CXX shared library libarm_interfaces__rosidl_typesupport_fastrtps_c.so[0m
[ 73%] Built target arm_interfaces__rosidl_typesupport_fastrtps_cpp
[ 73%] Built target arm_interfaces__rosidl_typesupport_fastrtps_c
[ 73%] Built target arm_interfaces
[ 76%] [34m[1mGenerating Python code for ROS interfaces[0m
[ 76%] Built target arm_interfaces__py
[ 79%] [32mBuilding C object CMakeFiles/arm_interfaces__rosidl_generator_py.dir/rosidl_generator_py/arm_interfaces/msg/_pose_command_s.c.o[0m
[ 82%] [32m[1mLinking C shared library libarm_interfaces__rosidl_generator_py.so[0m
[ 82%] Built target arm_interfaces__rosidl_generator_py
[ 85%] [32mBuilding C object CMakeFiles/arm_interfaces_s__rosidl_typesupport_c.dir/rosidl_generator_py/arm_interfaces/_arm_interfaces_s.ep.rosidl_typesupport_c.c.o[0m
[ 88%] [32mBuilding C object CMakeFiles/arm_interfaces_s__rosidl_typesupport_introspection_c.dir/rosidl_generator_py/arm_interfaces/_arm_interfaces_s.ep.rosidl_typesupport_introspection_c.c.o[0m
[ 91%] [32mBuilding C object CMakeFiles/arm_interfaces_s__rosidl_typesupport_fastrtps_c.dir/rosidl_generator_py/arm_interfaces/_arm_interfaces_s.ep.rosidl_typesupport_fastrtps_c.c.o[0m
[ 97%] [32m[1mLinking C shared module rosidl_generator_py/arm_interfaces/arm_interfaces_s__rosidl_typesupport_c.so[0m
[ 97%] [32m[1mLinking C shared module rosidl_generator_py/arm_interfaces/arm_interfaces_s__rosidl_typesupport_fastrtps_c.so[0m
[100%] [32m[1mLinking C shared module rosidl_generator_py/arm_interfaces/arm_interfaces_s__rosidl_typesupport_introspection_c.so[0m
[100%] Built target arm_interfaces_s__rosidl_typesupport_c
[100%] Built target arm_interfaces_s__rosidl_typesupport_introspection_c
[100%] Built target arm_interfaces_s__rosidl_typesupport_fastrtps_c
-- Install configuration: ""
-- Installing: /home/shreyas/arm/install/arm_interfaces/share/ament_index/resource_index/rosidl_interfaces/arm_interfaces
-- Installing: /home/shreyas/arm/install/arm_interfaces/share/arm_interfaces/msg/PoseCommand.json
-- Installing: /home/shreyas/arm/install/arm_interfaces/include/arm_interfaces/arm_interfaces
-- Installing: /home/shreyas/arm/install/arm_interfaces/include/arm_interfaces/arm_interfaces/msg
-- Installing: /home/shreyas/arm/install/arm_interfaces/include/arm_interfaces/arm_interfaces/msg/detail
-- Installing: /home/shreyas/arm/install/arm_interfaces/include/arm_interfaces/arm_interfaces/msg/detail/pose_command__description.c
-- Installing: /home/shreyas/arm/install/arm_interfaces/include/arm_interfaces/arm_interfaces/msg/detail/pose_command__struct.h
-- Installing: /home/shreyas/arm/install/arm_interfaces/include/arm_interfaces/arm_interfaces/msg/detail/pose_command__type_support.c
-- Installing: /home/shreyas/arm/install/arm_interfaces/include/arm_interfaces/arm_interfaces/msg/detail/pose_command__functions.h
-- Installing: /home/shreyas/arm/install/arm_interfaces/include/arm_interfaces/arm_interfaces/msg/detail/pose_command__functions.c
-- Installing: /home/shreyas/arm/install/arm_interfaces/include/arm_interfaces/arm_interfaces/msg/detail/pose_command__type_support.h
-- Installing: /home/shreyas/arm/install/arm_interfaces/include/arm_interfaces/arm_interfaces/msg/rosidl_generator_c__visibility_control.h
-- Installing: /home/shreyas/arm/install/arm_interfaces/include/arm_interfaces/arm_interfaces/msg/pose_command.h
-- Installing: /home/shreyas/arm/install/arm_interfaces/share/arm_interfaces/environment/library_path.sh
-- Installing: /home/shreyas/arm/install/arm_interfaces/share/arm_interfaces/environment/library_path.dsv
-- Installing: /home/shreyas/arm/install/arm_interfaces/lib/libarm_interfaces__rosidl_generator_c.so
-- Set non-toolchain portion of runtime path of "/home/shreyas/arm/install/arm_interfaces/lib/libarm_interfaces__rosidl_generator_c.so" to ""
-- Up-to-date: /home/shreyas/arm/install/arm_interfaces/include/arm_interfaces/arm_interfaces
-- Up-to-date: /home/shreyas/arm/install/arm_interfaces/include/arm_interfaces/arm_interfaces/msg
-- Up-to-date: /home/shreyas/arm/install/arm_interfaces/include/arm_interfaces/arm_interfaces/msg/detail
-- Installing: /home/shreyas/arm/install/arm_interfaces/include/arm_interfaces/arm_interfaces/msg/detail/pose_command__rosidl_typesupport_fastrtps_c.h
-- Installing: /home/shreyas/arm/install/arm_interfaces/include/arm_interfaces/arm_interfaces/msg/rosidl_typesupport_fastrtps_c__visibility_control.h
-- Installing: /home/shreyas/arm/install/arm_interfaces/lib/libarm_interfaces__rosidl_typesupport_fastrtps_c.so
-- Set non-toolchain portion of runtime path of "/home/shreyas/arm/install/arm_interfaces/lib/libarm_interfaces__rosidl_typesupport_fastrtps_c.so" to ""
-- Up-to-date: /home/shreyas/arm/install/arm_interfaces/include/arm_interfaces/arm_interfaces
-- Up-to-date: /home/shreyas/arm/install/arm_interfaces/include/arm_interfaces/arm_interfaces/msg
-- Up-to-date: /home/shreyas/arm/install/arm_interfaces/include/arm_interfaces/arm_interfaces/msg/detail
-- Up-to-date: /home/shreyas/arm/install/arm_interfaces/include/arm_interfaces/arm_interfaces/msg/detail/pose_command__type_support.c
-- Installing: /home/shreyas/arm/install/arm_interfaces/include/arm_interfaces/arm_interfaces/msg/detail/pose_command__rosidl_typesupport_introspection_c.h
-- Installing: /home/shreyas/arm/install/arm_interfaces/include/arm_interfaces/arm_interfaces/msg/rosidl_typesupport_introspection_c__visibility_control.h
-- Installing: /home/shreyas/arm/install/arm_interfaces/lib/libarm_interfaces__rosidl_typesupport_introspection_c.so
-- Set non-toolchain portion of runtime path of "/home/shreyas/arm/install/arm_interfaces/lib/libarm_interfaces__rosidl_typesupport_introspection_c.so" to ""
-- Installing: /home/shreyas/arm/install/arm_interfaces/lib/libarm_interfaces__rosidl_typesupport_c.so
-- Set non-toolchain portion of runtime path of "/home/shreyas/arm/install/arm_interfaces/lib/libarm_interfaces__rosidl_typesupport_c.so" to ""
-- Up-to-date: /home/shreyas/arm/install/arm_interfaces/include/arm_interfaces/arm_interfaces
-- Up-to-date: /home/shreyas/arm/install/arm_interfaces/include/arm_interfaces/arm_interfaces/msg
-- Up-to-date: /home/shreyas/arm/install/arm_interfaces/include/arm_interfaces/arm_interfaces/msg/detail
-- Installing: /home/shreyas/arm/install/arm_interfaces/include/arm_interfaces/arm_interfaces/msg/detail/pose_command__struct.hpp
-- Installing: /home/shreyas/arm/install/arm_interfaces/include/arm_interfaces/arm_interfaces/msg/detail/pose_command__traits.hpp
-- Installing: /home/shreyas/arm/install/arm_interfaces/include/arm_interfaces/arm_interfaces/msg/detail/pose_command__type_support.hpp
-- Installing: /home/shreyas/arm/install/arm_interfaces/include/arm_interfaces/arm_interfaces/msg/detail/pose_command__builder.hpp
-- Installing: /home/shreyas/arm/install/arm_interfaces/include/arm_interfaces/arm_interfaces/msg/pose_command.hpp
-- Installing: /home/shreyas/arm/install/arm_interfaces/include/arm_interfaces/arm_interfaces/msg/rosidl_generator_cpp__visibility_control.hpp
-- Up-to-date: /home/shreyas/arm/install/arm_interfaces/include/arm_interfaces/arm_interfaces
-- Up-to-date: /home/shreyas/arm/install/arm_interfaces/include/arm_interfaces/arm_interfaces/msg
-- Up-to-date: /home/shreyas/arm/install/arm_interfaces/include/arm_interfaces/arm_interfaces/msg/detail
-- Installing: /home/shreyas/arm/install/arm_interfaces/include/arm_interfaces/arm_interfaces/msg/detail/pose_command__rosidl_typesupport_fastrtps_cpp.hpp
-- Installing: /home/shreyas/arm/install/arm_interfaces/include/arm_interfaces/arm_interfaces/msg/detail/dds_fastrtps
-- Installing: /home/shreyas/arm/install/arm_interfaces/include/arm_interfaces/arm_interfaces/msg/rosidl_typesupport_fastrtps_cpp__visibility_control.h
-- Installing: /home/shreyas/arm/install/arm_interfaces/lib/libarm_interfaces__rosidl_typesupport_fastrtps_cpp.so
-- Set non-toolchain portion of runtime path of "/home/shreyas/arm/install/arm_interfaces/lib/libarm_interfaces__rosidl_typesupport_fastrtps_cpp.so" to ""
-- Up-to-date: /home/shreyas/arm/install/arm_interfaces/include/arm_interfaces/arm_interfaces
-- Up-to-date: /home/shreyas/arm/install/arm_interfaces/include/arm_interfaces/arm_interfaces/msg
-- Up-to-date: /home/shreyas/arm/install/arm_interfaces/include/arm_interfaces/arm_interfaces/msg/detail
-- Installing: /home/shreyas/arm/install/arm_interfaces/include/arm_interfaces/arm_interfaces/msg/detail/pose_command__rosidl_typesupport_introspection_cpp.hpp
-- Installing: /home/shreyas/arm/install/arm_interfaces/include/arm_interfaces/arm_interfaces/msg/detail/pose_command__type_support.cpp
-- Installing: /home/shreyas/arm/install/arm_interfaces/lib/libarm_interfaces__rosidl_typesupport_introspection_cpp.so
-- Set non-toolchain portion of runtime path of "/home/shreyas/arm/install/arm_interfaces/lib/libarm_interfaces__rosidl_typesupport_introspection_cpp.so" to ""
-- Installing: /home/shreyas/arm/install/arm_interfaces/lib/libarm_interfaces__rosidl_typesupport_cpp.so
-- Set non-toolchain portion of runtime path of "/home/shreyas/arm/install/arm_interfaces/lib/libarm_interfaces__rosidl_typesupport_cpp.so" to ""
-- Installing: /home/shreyas/arm/install/arm_interfaces/share/arm_interfaces/environment/pythonpath.sh
-- Installing: /home/shreyas/arm/install/arm_interfaces/share/arm_interfaces/environment/pythonpath.dsv
-- Installing: /home/shreyas/arm/install/arm_interfaces/lib/python3.12/site-packages/arm_interfaces-0.0.0-py3.12.egg-info
-- Installing: /home/shreyas/arm/install/arm_interfaces/lib/python3.12/site-packages/arm_interfaces-0.0.0-py3.12.egg-info/PKG-INFO
-- Installing: /home/shreyas/arm/install/arm_interfaces/lib/python3.12/site-packages/arm_interfaces-0.0.0-py3.12.egg-info/dependency_links.txt
-- Installing: /home/shreyas/arm/install/arm_interfaces/lib/python3.12/site-packages/arm_interfaces-0.0.0-py3.12.egg-info/top_level.txt
-- Installing: /home/shreyas/arm/install/arm_interfaces/lib/python3.12/site-packages/arm_interfaces-0.0.0-py3.12.egg-info/SOURCES.txt
-- Installing: /home/shreyas/arm/install/arm_interfaces/lib/python3.12/site-packages/arm_interfaces
-- Installing: /home/shreyas/arm/install/arm_interfaces/lib/python3.12/site-packages/arm_interfaces/msg
-- Installing: /home/shreyas/arm/install/arm_interfaces/lib/python3.12/site-packages/arm_interfaces/msg/_pose_command_s.c
-- Installing: /home/shreyas/arm/install/arm_interfaces/lib/python3.12/site-packages/arm_interfaces/msg/_pose_command.py
-- Installing: /home/shreyas/arm/install/arm_interfaces/lib/python3.12/site-packages/arm_interfaces/msg/__init__.py
-- Installing: /home/shreyas/arm/install/arm_interfaces/lib/python3.12/site-packages/arm_interfaces/arm_interfaces_s__rosidl_typesupport_introspection_c.so
-- Installing: /home/shreyas/arm/install/arm_interfaces/lib/python3.12/site-packages/arm_interfaces/arm_interfaces_s__rosidl_typesupport_fastrtps_c.so
-- Installing: /home/shreyas/arm/install/arm_interfaces/lib/python3.12/site-packages/arm_interfaces/_arm_interfaces_s.ep.rosidl_typesupport_c.c
-- Installing: /home/shreyas/arm/install/arm_interfaces/lib/python3.12/site-packages/arm_interfaces/_arm_interfaces_s.ep.rosidl_typesupport_fastrtps_c.c
-- Installing: /home/shreyas/arm/install/arm_interfaces/lib/python3.12/site-packages/arm_interfaces/_arm_interfaces_s.ep.rosidl_typesupport_introspection_c.c
-- Installing: /home/shreyas/arm/install/arm_interfaces/lib/python3.12/site-packages/arm_interfaces/arm_interfaces_s__rosidl_typesupport_c.so
-- Installing: /home/shreyas/arm/install/arm_interfaces/lib/python3.12/site-packages/arm_interfaces/__init__.py
Listing '/home/shreyas/arm/install/arm_interfaces/lib/python3.12/site-packages/arm_interfaces'...
Compiling '/home/shreyas/arm/install/arm_interfaces/lib/python3.12/site-packages/arm_interfaces/__init__.py'...
Listing '/home/shreyas/arm/install/arm_interfaces/lib/python3.12/site-packages/arm_interfaces/msg'...
Compiling '/home/shreyas/arm/install/arm_interfaces/lib/python3.12/site-packages/arm_interfaces/msg/__init__.py'...
Compiling '/home/shreyas/arm/install/arm_interfaces/lib/python3.12/site-packages/arm_interfaces/msg/_pose_command.py'...
-- Installing: /home/shreyas/arm/install/arm_interfaces/lib/python3.12/site-packages/arm_interfaces/arm_interfaces_s__rosidl_typesupport_fastrtps_c.so
-- Set non-toolchain portion of runtime path of "/home/shreyas/arm/install/arm_interfaces/lib/python3.12/site-packages/arm_interfaces/arm_interfaces_s__rosidl_typesupport_fastrtps_c.so" to ""
-- Installing: /home/shreyas/arm/install/arm_interfaces/lib/python3.12/site-packages/arm_interfaces/arm_interfaces_s__rosidl_typesupport_introspection_c.so
-- Set non-toolchain portion of runtime path of "/home/shreyas/arm/install/arm_interfaces/lib/python3.12/site-packages/arm_interfaces/arm_interfaces_s__rosidl_typesupport_introspection_c.so" to ""
-- Installing: /home/shreyas/arm/install/arm_interfaces/lib/python3.12/site-packages/arm_interfaces/arm_interfaces_s__rosidl_typesupport_c.so
-- Set non-toolchain portion of runtime path of "/home/shreyas/arm/install/arm_interfaces/lib/python3.12/site-packages/arm_interfaces/arm_interfaces_s__rosidl_typesupport_c.so" to ""
-- Installing: /home/shreyas/arm/install/arm_interfaces/lib/libarm_interfaces__rosidl_generator_py.so
-- Set non-toolchain portion of runtime path of "/home/shreyas/arm/install/arm_interfaces/lib/libarm_interfaces__rosidl_generator_py.so" to ""
-- Installing: /home/shreyas/arm/install/arm_interfaces/share/arm_interfaces/msg/PoseCommand.idl
-- Installing: /home/shreyas/arm/install/arm_interfaces/share/arm_interfaces/msg/PoseCommand.msg
-- Installing: /home/shreyas/arm/install/arm_interfaces/share/ament_index/resource_index/package_run_dependencies/arm_interfaces
-- Installing: /home/shreyas/arm/install/arm_interfaces/share/ament_index/resource_index/parent_prefix_path/arm_interfaces
-- Installing: /home/shreyas/arm/install/arm_interfaces/share/arm_interfaces/environment/ament_prefix_path.sh
-- Installing: /home/shreyas/arm/install/arm_interfaces/share/arm_interfaces/environment/ament_prefix_path.dsv
-- Installing: /home/shreyas/arm/install/arm_interfaces/share/arm_interfaces/environment/path.sh
-- Installing: /home/shreyas/arm/install/arm_interfaces/share/arm_interfaces/environment/path.dsv
-- Installing: /home/shreyas/arm/install/arm_interfaces/share/arm_interfaces/local_setup.bash
-- Installing: /home/shreyas/arm/install/arm_interfaces/share/arm_interfaces/local_setup.sh
-- Installing: /home/shreyas/arm/install/arm_interfaces/share/arm_interfaces/local_setup.zsh
-- Installing: /home/shreyas/arm/install/arm_interfaces/share/arm_interfaces/local_setup.dsv
-- Installing: /home/shreyas/arm/install/arm_interfaces/share/arm_interfaces/package.dsv
-- Installing: /home/shreyas/arm/install/arm_interfaces/share/ament_index/resource_index/packages/arm_interfaces
-- Installing: /home/shreyas/arm/install/arm_interfaces/share/arm_interfaces/cmake/export_arm_interfaces__rosidl_generator_cExport.cmake
-- Installing: /home/shreyas/arm/install/arm_interfaces/share/arm_interfaces/cmake/export_arm_interfaces__rosidl_generator_cExport-noconfig.cmake
-- Installing: /home/shreyas/arm/install/arm_interfaces/share/arm_interfaces/cmake/export_arm_interfaces__rosidl_typesupport_fastrtps_cExport.cmake
-- Installing: /home/shreyas/arm/install/arm_interfaces/share/arm_interfaces/cmake/export_arm_interfaces__rosidl_typesupport_fastrtps_cExport-noconfig.cmake
-- Installing: /home/shreyas/arm/install/arm_interfaces/share/arm_interfaces/cmake/arm_interfaces__rosidl_typesupport_introspection_cExport.cmake
-- Installing: /home/shreyas/arm/install/arm_interfaces/share/arm_interfaces/cmake/arm_interfaces__rosidl_typesupport_introspection_cExport-noconfig.cmake
-- Installing: /home/shreyas/arm/install/arm_interfaces/share/arm_interfaces/cmake/arm_interfaces__rosidl_typesupport_cExport.cmake
-- Installing: /home/shreyas/arm/install/arm_interfaces/share/arm_interfaces/cmake/arm_interfaces__rosidl_typesupport_cExport-noconfig.cmake
-- Installing: /home/shreyas/arm/install/arm_interfaces/share/arm_interfaces/cmake/export_arm_interfaces__rosidl_generator_cppExport.cmake
-- Installing: /home/shreyas/arm/install/arm_interfaces/share/arm_interfaces/cmake/export_arm_interfaces__rosidl_typesupport_fastrtps_cppExport.cmake
-- Installing: /home/shreyas/arm/install/arm_interfaces/share/arm_interfaces/cmake/export_arm_interfaces__rosidl_typesupport_fastrtps_cppExport-noconfig.cmake
-- Installing: /home/shreyas/arm/install/arm_interfaces/share/arm_interfaces/cmake/arm_interfaces__rosidl_typesupport_introspection_cppExport.cmake
-- Installing: /home/shreyas/arm/install/arm_interfaces/share/arm_interfaces/cmake/arm_interfaces__rosidl_typesupport_introspection_cppExport-noconfig.cmake
-- Installing: /home/shreyas/arm/install/arm_interfaces/share/arm_interfaces/cmake/arm_interfaces__rosidl_typesupport_cppExport.cmake
-- Installing: /home/shreyas/arm/install/arm_interfaces/share/arm_interfaces/cmake/arm_interfaces__rosidl_typesupport_cppExport-noconfig.cmake
-- Installing: /home/shreyas/arm/install/arm_interfaces/share/arm_interfaces/cmake/export_arm_interfaces__rosidl_generator_pyExport.cmake
-- Installing: /home/shreyas/arm/install/arm_interfaces/share/arm_interfaces/cmake/export_arm_interfaces__rosidl_generator_pyExport-noconfig.cmake
-- Installing: /home/shreyas/arm/install/arm_interfaces/share/arm_interfaces/cmake/rosidl_cmake-extras.cmake
-- Installing: /home/shreyas/arm/install/arm_interfaces/share/arm_interfaces/cmake/ament_cmake_export_include_directories-extras.cmake
-- Installing: /home/shreyas/arm/install/arm_interfaces/share/arm_interfaces/cmake/ament_cmake_export_libraries-extras.cmake
-- Installing: /home/shreyas/arm/install/arm_interfaces/share/arm_interfaces/cmake/ament_cmake_export_targets-extras.cmake
-- Installing: /home/shreyas/arm/install/arm_interfaces/share/arm_interfaces/cmake/rosidl_cmake_export_typesupport_targets-extras.cmake
-- Installing: /home/shreyas/arm/install/arm_interfaces/share/arm_interfaces/cmake/ament_cmake_export_dependencies-extras.cmake
-- Installing: /home/shreyas/arm/install/arm_interfaces/share/arm_interfaces/cmake/rosidl_cmake_export_typesupport_libraries-extras.cmake
-- Installing: /home/shreyas/arm/install/arm_interfaces/share/arm_interfaces/cmake/arm_interfacesConfig.cmake
-- Installing: /home/shreyas/arm/install/arm_interfaces/share/arm_interfaces/cmake/arm_interfacesConfig-version.cmake
-- Installing: /home/shreyas/arm/install/arm_interfaces/share/arm_interfaces/package.xml
